NSFNet NB assm_eff_dont_erase_loops=0.0100 true_eff_dont_erase_loops=0.2887
NSFNet NB assm_eff_erase_loops=0.0111 true_eff_erase_loops=0.3048
NSFNet NB assm_rho_dont_erase_loops=0.0155 true_rho_dont_erase_loops=0.3694
NSFNet NB assm_rho_erase_loops=0.0183 true_rho_erase_loops=0.4089

NSFNet LRV assm_eff_dont_erase_loops=0.0104 true_eff_dont_erase_loops=0.2970
NSFNet LRV assm_eff_erase_loops=0.0107 true_eff_erase_loops=0.3006
NSFNet LRV assm_rho_dont_erase_loops=0.0167 true_rho_dont_erase_loops=0.3901
NSFNet LRV assm_rho_erase_loops=0.0173 true_rho_erase_loops=0.3984

NSFNet NC assm_eff_dont_erase_loops=0.0103 true_eff_dont_erase_loops=0.2976
NSFNet NC assm_eff_erase_loops=0.0109 true_eff_erase_loops=0.3054
NSFNet NC assm_rho_dont_erase_loops=0.0165 true_rho_dont_erase_loops=0.3918
NSFNet NC assm_rho_erase_loops=0.0177 true_rho_erase_loops=0.4105

NSFNet HS assm_eff_dont_erase_loops=0.0105 true_eff_dont_erase_loops=0.2997
NSFNet HS assm_eff_erase_loops=0.0106 true_eff_erase_loops=0.3018
NSFNet HS assm_rho_dont_erase_loops=0.0168 true_rho_dont_erase_loops=0.3969
NSFNet HS assm_rho_erase_loops=0.0171 true_rho_erase_loops=0.4018

GÉANT NB assm_eff_dont_erase_loops=0.0034 true_eff_dont_erase_loops=0.0940
GÉANT NB assm_eff_erase_loops=0.0058 true_eff_erase_loops=0.1097
GÉANT NB assm_rho_dont_erase_loops=0.0062 true_rho_dont_erase_loops=0.1108
GÉANT NB assm_rho_erase_loops=0.0161 true_rho_erase_loops=0.1630

GÉANT LRV assm_eff_dont_erase_loops=0.0039 true_eff_dont_erase_loops=0.0980
GÉANT LRV assm_eff_erase_loops=0.0053 true_eff_erase_loops=0.1082
GÉANT LRV assm_rho_dont_erase_loops=0.0082 true_rho_dont_erase_loops=0.1248
GÉANT LRV assm_rho_erase_loops=0.0142 true_rho_erase_loops=0.1593

GÉANT NC assm_eff_dont_erase_loops=0.0038 true_eff_dont_erase_loops=0.0981
GÉANT NC assm_eff_erase_loops=0.0054 true_eff_erase_loops=0.1096
GÉANT NC assm_rho_dont_erase_loops=0.0081 true_rho_dont_erase_loops=0.1255
GÉANT NC assm_rho_erase_loops=0.0145 true_rho_erase_loops=0.1648

GÉANT HS assm_eff_dont_erase_loops=0.0035 true_eff_dont_erase_loops=0.0967
GÉANT HS assm_eff_erase_loops=0.0051 true_eff_erase_loops=0.1093
GÉANT HS assm_rho_dont_erase_loops=0.0069 true_rho_dont_erase_loops=0.1214
GÉANT HS assm_rho_erase_loops=0.0135 true_rho_erase_loops=0.1662

Generated NB assm_eff_dont_erase_loops=0.0013 true_eff_dont_erase_loops=0.0349
Generated NB assm_eff_erase_loops=0.0028 true_eff_erase_loops=0.0462
Generated NB assm_rho_dont_erase_loops=0.0031 true_rho_dont_erase_loops=0.0493
Generated NB assm_rho_erase_loops=0.0100 true_rho_erase_loops=0.0952

Generated LRV assm_eff_dont_erase_loops=0.0016 true_eff_dont_erase_loops=0.0368
Generated LRV assm_eff_erase_loops=0.0025 true_eff_erase_loops=0.0438
Generated LRV assm_rho_dont_erase_loops=0.0041 true_rho_dont_erase_loops=0.0573
Generated LRV assm_rho_erase_loops=0.0082 true_rho_erase_loops=0.0858

Generated NC assm_eff_dont_erase_loops=0.0016 true_eff_dont_erase_loops=0.0369
Generated NC assm_eff_erase_loops=0.0025 true_eff_erase_loops=0.0441
Generated NC assm_rho_dont_erase_loops=0.0041 true_rho_dont_erase_loops=0.0575
Generated NC assm_rho_erase_loops=0.0083 true_rho_erase_loops=0.0876

Generated HS assm_eff_dont_erase_loops=0.0015 true_eff_dont_erase_loops=0.0366
Generated HS assm_eff_erase_loops=0.0023 true_eff_erase_loops=0.0437
Generated HS assm_rho_dont_erase_loops=0.0037 true_rho_dont_erase_loops=0.0569
Generated HS assm_rho_erase_loops=0.0075 true_rho_erase_loops=0.0867

