NSFNet NB mean_tput=2025.7363 extracted_tput_assm=53.4130 extracted_tput_true=931.0896

NSFNet LRV mean_tput=2020.4725 extracted_tput_assm=53.2742 extracted_tput_true=948.2066

NSFNet NC mean_tput=2051.1868 extracted_tput_assm=54.0840 extracted_tput_true=983.0458

NSFNet HS mean_tput=2028.3846 extracted_tput_assm=53.4828 extracted_tput_true=976.8647

NSFNet NB assm_eff_dont_erase_loops_min=0.0012 assm_eff_dont_erase_loops_median=0.0022 assm_eff_dont_erase_loops_mean=0.0041 assm_eff_dont_erase_loops_max=0.0107 true_eff_dont_erase_loops_min=0.0295 true_eff_dont_erase_loops_median=0.0768 true_eff_dont_erase_loops_mean=0.2887 true_eff_dont_erase_loops_max=1.0000
NSFNet NB assm_eff_erase_loops_min=0.0020 assm_eff_erase_loops_median=0.0028 assm_eff_erase_loops_mean=0.0045 assm_eff_erase_loops_max=0.0107 true_eff_erase_loops_min=0.0452 true_eff_erase_loops_median=0.1011 true_eff_erase_loops_mean=0.3048 true_eff_erase_loops_max=1.0000
NSFNet NB tput_min=1000.0000 tput_median=2084.5000 tput_mean=2025.7363 tput_max=3577.0000 extracted_tput_assm_min=10.7422 extracted_tput_assm_median=22.3921 extracted_tput_assm_mean=21.7608 extracted_tput_assm_max=38.4248 extracted_tput_true_min=251.7285 extracted_tput_true_median=983.1836 extracted_tput_true_mean=931.0896 extracted_tput_true_max=2221.6523

NSFNet LRV assm_eff_dont_erase_loops_min=0.0014 assm_eff_dont_erase_loops_median=0.0021 assm_eff_dont_erase_loops_mean=0.0039 assm_eff_dont_erase_loops_max=0.0098 true_eff_dont_erase_loops_min=0.0336 true_eff_dont_erase_loops_median=0.0887 true_eff_dont_erase_loops_mean=0.2970 true_eff_dont_erase_loops_max=1.0000
NSFNet LRV assm_eff_erase_loops_min=0.0016 assm_eff_erase_loops_median=0.0023 assm_eff_erase_loops_mean=0.0040 assm_eff_erase_loops_max=0.0098 true_eff_erase_loops_min=0.0359 true_eff_erase_loops_median=0.0943 true_eff_erase_loops_mean=0.3006 true_eff_erase_loops_max=1.0000
NSFNet LRV tput_min=1000.0000 tput_median=2063.5000 tput_mean=2020.4725 tput_max=3516.0000 extracted_tput_assm_min=9.7656 extracted_tput_assm_median=20.1514 extracted_tput_assm_mean=19.7312 extracted_tput_assm_max=34.3359 extracted_tput_true_min=278.1172 extracted_tput_true_median=990.2275 extracted_tput_true_mean=948.2066 extracted_tput_true_max=2001.7852

NSFNet NC assm_eff_dont_erase_loops_min=0.0022 assm_eff_dont_erase_loops_median=0.0034 assm_eff_dont_erase_loops_mean=0.0061 assm_eff_dont_erase_loops_max=0.0156 true_eff_dont_erase_loops_min=0.0413 true_eff_dont_erase_loops_median=0.0892 true_eff_dont_erase_loops_mean=0.2976 true_eff_dont_erase_loops_max=1.0000
NSFNet NC assm_eff_erase_loops_min=0.0027 assm_eff_erase_loops_median=0.0038 assm_eff_erase_loops_mean=0.0064 assm_eff_erase_loops_max=0.0156 true_eff_erase_loops_min=0.0496 true_eff_erase_loops_median=0.0994 true_eff_erase_loops_mean=0.3054 true_eff_erase_loops_max=1.0000
NSFNet NC tput_min=1000.0000 tput_median=2154.5000 tput_mean=2051.1868 tput_max=3596.0000 extracted_tput_assm_min=15.6250 extracted_tput_assm_median=33.6641 extracted_tput_assm_mean=32.0498 extracted_tput_assm_max=56.1875 extracted_tput_true_min=350.1826 extracted_tput_true_median=1000.0000 extracted_tput_true_mean=983.0458 extracted_tput_true_max=2159.7070

NSFNet HS assm_eff_dont_erase_loops_min=0.0028 assm_eff_dont_erase_loops_median=0.0042 assm_eff_dont_erase_loops_mean=0.0074 assm_eff_dont_erase_loops_max=0.0186 true_eff_dont_erase_loops_min=0.0417 true_eff_dont_erase_loops_median=0.0926 true_eff_dont_erase_loops_mean=0.2997 true_eff_dont_erase_loops_max=1.0000
NSFNet HS assm_eff_erase_loops_min=0.0030 assm_eff_erase_loops_median=0.0043 assm_eff_erase_loops_mean=0.0075 assm_eff_erase_loops_max=0.0186 true_eff_erase_loops_min=0.0448 true_eff_erase_loops_median=0.0940 true_eff_erase_loops_mean=0.3018 true_eff_erase_loops_max=1.0000
NSFNet HS tput_min=1000.0000 tput_median=2095.0000 tput_mean=2028.3846 tput_max=3524.0000 extracted_tput_assm_min=18.5547 extracted_tput_assm_median=38.8721 extracted_tput_assm_mean=37.6360 extracted_tput_assm_max=65.3867 extracted_tput_true_min=386.9121 extracted_tput_true_median=1000.0000 extracted_tput_true_mean=976.8647 extracted_tput_true_max=2058.9844

GÉANT NB assm_eff_dont_erase_loops_min=0.0001 assm_eff_dont_erase_loops_median=0.0004 assm_eff_dont_erase_loops_mean=0.0014 assm_eff_dont_erase_loops_max=0.0107 true_eff_dont_erase_loops_min=0.0003 true_eff_dont_erase_loops_median=0.0040 true_eff_dont_erase_loops_mean=0.0940 true_eff_dont_erase_loops_max=1.0000
GÉANT NB assm_eff_erase_loops_min=0.0008 assm_eff_erase_loops_median=0.0014 assm_eff_erase_loops_mean=0.0024 assm_eff_erase_loops_max=0.0107 true_eff_erase_loops_min=0.0018 true_eff_erase_loops_median=0.0156 true_eff_erase_loops_mean=0.1097 true_eff_erase_loops_max=1.0000
GÉANT NB tput_min=1000.0000 tput_median=1719.0000 tput_mean=1699.0995 tput_max=3210.0000 extracted_tput_assm_min=10.7422 extracted_tput_assm_median=18.4658 extracted_tput_assm_mean=18.2520 extracted_tput_assm_max=34.4824 extracted_tput_true_min=20.2988 extracted_tput_true_median=209.5923 extracted_tput_true_mean=340.7773 extracted_tput_true_max=1638.9844

GÉANT LRV assm_eff_dont_erase_loops_min=0.0002 assm_eff_dont_erase_loops_median=0.0005 assm_eff_dont_erase_loops_mean=0.0014 assm_eff_dont_erase_loops_max=0.0098 true_eff_dont_erase_loops_min=0.0006 true_eff_dont_erase_loops_median=0.0076 true_eff_dont_erase_loops_mean=0.0980 true_eff_dont_erase_loops_max=1.0000
GÉANT LRV assm_eff_erase_loops_min=0.0006 assm_eff_erase_loops_median=0.0011 assm_eff_erase_loops_mean=0.0020 assm_eff_erase_loops_max=0.0098 true_eff_erase_loops_min=0.0018 true_eff_erase_loops_median=0.0158 true_eff_erase_loops_mean=0.1082 true_eff_erase_loops_max=1.0000
GÉANT LRV tput_min=1000.0000 tput_median=1726.0000 tput_mean=1699.0774 tput_max=3387.0000 extracted_tput_assm_min=9.7656 extracted_tput_assm_median=16.8555 extracted_tput_assm_mean=16.5926 extracted_tput_assm_max=33.0762 extracted_tput_true_min=24.5479 extracted_tput_true_median=244.4097 extracted_tput_true_mean=367.8689 extracted_tput_true_max=1732.6406

GÉANT NC assm_eff_dont_erase_loops_min=0.0004 assm_eff_dont_erase_loops_median=0.0008 assm_eff_dont_erase_loops_mean=0.0023 assm_eff_dont_erase_loops_max=0.0156 true_eff_dont_erase_loops_min=0.0011 true_eff_dont_erase_loops_median=0.0077 true_eff_dont_erase_loops_mean=0.0981 true_eff_dont_erase_loops_max=1.0000
GÉANT NC assm_eff_erase_loops_min=0.0010 assm_eff_erase_loops_median=0.0018 assm_eff_erase_loops_mean=0.0032 assm_eff_erase_loops_max=0.0156 true_eff_erase_loops_min=0.0036 true_eff_erase_loops_median=0.0168 true_eff_erase_loops_mean=0.1096 true_eff_erase_loops_max=1.0000
GÉANT NC tput_min=1000.0000 tput_median=1744.5000 tput_mean=1713.7378 tput_max=3350.0000 extracted_tput_assm_min=15.6250 extracted_tput_assm_median=27.2578 extracted_tput_assm_mean=26.7772 extracted_tput_assm_max=52.3438 extracted_tput_true_min=41.7852 extracted_tput_true_median=256.0132 extracted_tput_true_mean=380.6805 extracted_tput_true_max=1703.3730

GÉANT HS assm_eff_dont_erase_loops_min=0.0003 assm_eff_dont_erase_loops_median=0.0008 assm_eff_dont_erase_loops_mean=0.0025 assm_eff_dont_erase_loops_max=0.0186 true_eff_dont_erase_loops_min=0.0011 true_eff_dont_erase_loops_median=0.0067 true_eff_dont_erase_loops_mean=0.0967 true_eff_dont_erase_loops_max=1.0000
GÉANT HS assm_eff_erase_loops_min=0.0012 assm_eff_erase_loops_median=0.0019 assm_eff_erase_loops_mean=0.0036 assm_eff_erase_loops_max=0.0186 true_eff_erase_loops_min=0.0039 true_eff_erase_loops_median=0.0182 true_eff_erase_loops_mean=0.1093 true_eff_erase_loops_max=1.0000
GÉANT HS tput_min=1000.0000 tput_median=1825.0000 tput_mean=1769.4747 tput_max=3525.0000 extracted_tput_assm_min=18.5547 extracted_tput_assm_median=33.8623 extracted_tput_assm_mean=32.8321 extracted_tput_assm_max=65.4053 extracted_tput_true_min=54.5732 extracted_tput_true_median=322.4390 extracted_tput_true_mean=428.3317 extracted_tput_true_max=1879.5410

Generated NB assm_eff_dont_erase_loops_min=0.0000 assm_eff_dont_erase_loops_median=0.0002 assm_eff_dont_erase_loops_mean=0.0005 assm_eff_dont_erase_loops_max=0.0107 true_eff_dont_erase_loops_min=0.0001 true_eff_dont_erase_loops_median=0.0025 true_eff_dont_erase_loops_mean=0.0349 true_eff_dont_erase_loops_max=1.0000
Generated NB assm_eff_erase_loops_min=0.0005 assm_eff_erase_loops_median=0.0008 assm_eff_erase_loops_mean=0.0012 assm_eff_erase_loops_max=0.0107 true_eff_erase_loops_min=0.0008 true_eff_erase_loops_median=0.0116 true_eff_erase_loops_mean=0.0462 true_eff_erase_loops_max=1.0000
Generated NB tput_min=1000.0000 tput_median=1988.0000 tput_mean=1973.2977 tput_max=4748.0000 extracted_tput_assm_min=10.7422 extracted_tput_assm_median=21.3555 extracted_tput_assm_mean=21.1975 extracted_tput_assm_max=51.0039 extracted_tput_true_min=18.8594 extracted_tput_true_median=319.5469 extracted_tput_true_mean=410.0146 extracted_tput_true_max=2939.6797

Generated LRV assm_eff_dont_erase_loops_min=0.0001 assm_eff_dont_erase_loops_median=0.0002 assm_eff_dont_erase_loops_mean=0.0006 assm_eff_dont_erase_loops_max=0.0098 true_eff_dont_erase_loops_min=0.0003 true_eff_dont_erase_loops_median=0.0041 true_eff_dont_erase_loops_mean=0.0368 true_eff_dont_erase_loops_max=1.0000
Generated LRV assm_eff_erase_loops_min=0.0004 assm_eff_erase_loops_median=0.0006 assm_eff_erase_loops_mean=0.0009 assm_eff_erase_loops_max=0.0098 true_eff_erase_loops_min=0.0009 true_eff_erase_loops_median=0.0100 true_eff_erase_loops_mean=0.0438 true_eff_erase_loops_max=1.0000
Generated LRV tput_min=1000.0000 tput_median=1983.5000 tput_mean=1967.0187 tput_max=4805.0000 extracted_tput_assm_min=9.7656 extracted_tput_assm_median=19.3701 extracted_tput_assm_mean=19.2092 extracted_tput_assm_max=46.9238 extracted_tput_true_min=19.3008 extracted_tput_true_median=340.7500 extracted_tput_true_mean=427.0128 extracted_tput_true_max=2984.3555

Generated NC assm_eff_dont_erase_loops_min=0.0002 assm_eff_dont_erase_loops_median=0.0004 assm_eff_dont_erase_loops_mean=0.0009 assm_eff_dont_erase_loops_max=0.0156 true_eff_dont_erase_loops_min=0.0004 true_eff_dont_erase_loops_median=0.0042 true_eff_dont_erase_loops_mean=0.0369 true_eff_dont_erase_loops_max=1.0000
Generated NC assm_eff_erase_loops_min=0.0006 assm_eff_erase_loops_median=0.0009 assm_eff_erase_loops_mean=0.0015 assm_eff_erase_loops_max=0.0156 true_eff_erase_loops_min=0.0013 true_eff_erase_loops_median=0.0103 true_eff_erase_loops_mean=0.0441 true_eff_erase_loops_max=1.0000
Generated NC tput_min=1000.0000 tput_median=1988.0000 tput_mean=1972.7061 tput_max=4797.0000 extracted_tput_assm_min=15.6250 extracted_tput_assm_median=31.0625 extracted_tput_assm_mean=30.8235 extracted_tput_assm_max=74.9531 extracted_tput_true_min=28.3867 extracted_tput_true_median=349.4346 extracted_tput_true_mean=435.9471 extracted_tput_true_max=2979.3867

Generated HS assm_eff_dont_erase_loops_min=0.0001 assm_eff_dont_erase_loops_median=0.0004 assm_eff_dont_erase_loops_mean=0.0010 assm_eff_dont_erase_loops_max=0.0186 true_eff_dont_erase_loops_min=0.0004 true_eff_dont_erase_loops_median=0.0042 true_eff_dont_erase_loops_mean=0.0366 true_eff_dont_erase_loops_max=1.0000
Generated HS assm_eff_erase_loops_min=0.0007 assm_eff_erase_loops_median=0.0009 assm_eff_erase_loops_mean=0.0016 assm_eff_erase_loops_max=0.0186 true_eff_erase_loops_min=0.0017 true_eff_erase_loops_median=0.0107 true_eff_erase_loops_mean=0.0437 true_eff_erase_loops_max=1.0000
Generated HS tput_min=1000.0000 tput_median=1993.0000 tput_mean=2005.6251 tput_max=4906.0000 extracted_tput_assm_min=18.5547 extracted_tput_assm_median=36.9795 extracted_tput_assm_mean=37.2137 extracted_tput_assm_max=91.0293 extracted_tput_true_min=53.8594 extracted_tput_true_median=425.4590 extracted_tput_true_mean=491.8788 extracted_tput_true_max=2750.0430

