context: -g=geant --src-nodes=MAR -w=HS --verbose=true --halt-at-keys=128 --max-consume-prob=1 --watermark-sz=128 --block-chunks=64 --ttl=200 --scout-emission-rate=100 --cartel-size-limit=3 --report-chunk-paths=false --useful-scouts-only=false
keys 7 MAR SOF MIL 57 vconn=2 cartel_sz=1
keys 24 MAR POZ AMS 40 vconn=2 cartel_sz=1
keys 9 MAR PAR GEN,BIL 55 vconn=3 cartel_sz=2
keys 19 MAR HEL POZ 45 vconn=2 cartel_sz=1
keys 64 MAR THE - 0 vconn=1 cartel_sz=0
keys 24 MAR COP PRA 40 vconn=2 cartel_sz=1
keys 5 MAR FRA PAR,MIL 59 vconn=3 cartel_sz=2
keys 17 MAR ZAG MIL 47 vconn=2 cartel_sz=1
keys 3 MAR AMS PAR,MIL 61 vconn=3 cartel_sz=2
keys 4 MAR PRA PAR,MIL 60 vconn=3 cartel_sz=2
keys 21 MAR BUD MIL 43 vconn=2 cartel_sz=1
keys 26 MAR MIL PRA,GEN 38 vconn=3 cartel_sz=2
keys 15 MAR HAM AMS 49 vconn=2 cartel_sz=1
keys 11 MAR BEL MIL 53 vconn=2 cartel_sz=1
keys 64 MAR IST - 0 vconn=1 cartel_sz=0
keys 20 MAR TAR AMS 44 vconn=2 cartel_sz=1
keys 12 MAR SOF MIL 52 vconn=2 cartel_sz=1
keys 22 MAR POZ PRA 42 vconn=2 cartel_sz=1
keys 28 MAR VIE GEN 36 vconn=2 cartel_sz=1
keys 4 MAR BRU PAR,MIL 60 vconn=3 cartel_sz=2
keys 64 MAR ATH - 0 vconn=1 cartel_sz=0
keys 15 MAR RIG POZ 49 vconn=2 cartel_sz=1
keys 16 MAR KAU POZ 48 vconn=2 cartel_sz=1
keys 20 MAR BRA VIE 44 vconn=2 cartel_sz=1
keys 17 MAR LON PAR 47 vconn=2 cartel_sz=1
keys 23 MAR BER PRA 41 vconn=2 cartel_sz=1
keys 17 MAR LUX BRU 47 vconn=2 cartel_sz=1
keys 17 MAR STO AMS 47 vconn=2 cartel_sz=1
keys 13 MAR OSL COP 51 vconn=2 cartel_sz=1
keys 18 MAR LIS BIL 46 vconn=2 cartel_sz=1
keys 10 MAR DUB PAR 54 vconn=2 cartel_sz=1
keys 11 MAR BUC MIL 53 vconn=2 cartel_sz=1
keys 10 MAR GEN BIL,MIL 54 vconn=3 cartel_sz=2
keys 64 MAR THE - 0 vconn=1 cartel_sz=0
keys 8 MAR PAR GEN,BIL 56 vconn=3 cartel_sz=2
keys 17 MAR HEL COP 47 vconn=2 cartel_sz=1
keys 16 MAR COR PAR 48 vconn=2 cartel_sz=1
keys 7 MAR TIR MIL 57 vconn=2 cartel_sz=1
keys 21 MAR COP AMS 43 vconn=2 cartel_sz=1
keys 14 MAR SOF MIL 50 vconn=2 cartel_sz=1
keys 21 MAR POZ GEN 43 vconn=2 cartel_sz=1
keys 9 MAR LJU MIL 55 vconn=2 cartel_sz=1
keys 6 MAR AMS PAR,MIL 58 vconn=3 cartel_sz=2
keys 17 MAR ZAG MIL 47 vconn=2 cartel_sz=1
keys 8 MAR FRA PAR,MIL 56 vconn=3 cartel_sz=2
keys 7 MAR PRA PAR,MIL 57 vconn=3 cartel_sz=2
keys 14 MAR SKO MIL 50 vconn=2 cartel_sz=1
keys 32 MAR BIL PAR 32 vconn=2 cartel_sz=1
keys 64 MAR NIC - 0 vconn=1 cartel_sz=0
keys 18 MAR HAM AMS 46 vconn=2 cartel_sz=1
keys 19 MAR BUD MIL 45 vconn=2 cartel_sz=1
keys 29 MAR MIL PRA,GEN 35 vconn=3 cartel_sz=2
keys 9 MAR BEL MIL 55 vconn=2 cartel_sz=1
keys 64 MAR KIE - 0 vconn=1 cartel_sz=0
keys 24 MAR BER PAR 40 vconn=2 cartel_sz=1
keys 64 MAR POD - 0 vconn=1 cartel_sz=0
keys 11 MAR SOF MIL 53 vconn=2 cartel_sz=1
keys 18 MAR TAR POZ 46 vconn=2 cartel_sz=1
keys 64 MAR ATH - 0 vconn=1 cartel_sz=0
keys 19 MAR POR MAD 45 vconn=2 cartel_sz=1
keys 31 MAR VIE GEN 33 vconn=2 cartel_sz=1
keys 23 MAR POZ PRA 41 vconn=2 cartel_sz=1
keys 5 MAR BRU PAR,MIL 59 vconn=3 cartel_sz=2
keys 18 MAR RIG POZ 46 vconn=2 cartel_sz=1
keys 64 MAR IST - 0 vconn=1 cartel_sz=0
keys 10 MAR PAR GEN,BIL 54 vconn=3 cartel_sz=2
keys 64 MAR SIN - 0 vconn=1 cartel_sz=0
keys 15 MAR LIS MAD 49 vconn=2 cartel_sz=1
keys 19 MAR LON PAR 45 vconn=2 cartel_sz=1
keys 16 MAR ZAG MIL 48 vconn=2 cartel_sz=1
keys 21 MAR KAU PRA 43 vconn=2 cartel_sz=1
keys 22 MAR BRA MIL 42 vconn=2 cartel_sz=1
keys 6 MAR PRA PAR,MIL 58 vconn=3 cartel_sz=2
keys 17 MAR STO AMS 47 vconn=2 cartel_sz=1
keys 21 MAR COP AMS 43 vconn=2 cartel_sz=1
keys 15 MAR SOF MIL 49 vconn=2 cartel_sz=1
keys 18 MAR OSL COP 46 vconn=2 cartel_sz=1
keys 18 MAR HEL POZ 46 vconn=2 cartel_sz=1
keys 4 MAR AMS PAR,MIL 60 vconn=3 cartel_sz=2
keys 24 MAR LUX FRA 40 vconn=2 cartel_sz=1
keys 25 MAR MAD BIL 39 vconn=2 cartel_sz=1
keys 11 MAR BUC MIL 53 vconn=2 cartel_sz=1
keys 20 MAR MIL PRA,GEN 44 vconn=3 cartel_sz=2
keys 9 MAR FRA PAR,MIL 55 vconn=3 cartel_sz=2
keys 12 MAR TIR MIL 52 vconn=2 cartel_sz=1
keys 14 MAR GEN BIL,MIL 50 vconn=3 cartel_sz=2
keys 13 MAR SOF MIL 51 vconn=2 cartel_sz=1
keys 27 MAR POZ PAR 37 vconn=2 cartel_sz=1
keys 8 MAR PAR GEN,BIL 56 vconn=3 cartel_sz=2
keys 13 MAR BEL MIL 51 vconn=2 cartel_sz=1
keys 20 MAR BUD MIL 44 vconn=2 cartel_sz=1
keys 13 MAR DUB PAR 51 vconn=2 cartel_sz=1
keys 4 MAR SKO MIL 60 vconn=2 cartel_sz=1
keys 20 MAR BER PAR 44 vconn=2 cartel_sz=1
keys 28 MAR BIL MAD 36 vconn=2 cartel_sz=1
keys 12 MAR ZAG MIL 52 vconn=2 cartel_sz=1
keys 16 MAR TAR POZ 48 vconn=2 cartel_sz=1
keys 5 MAR BRU PRA,PAR 59 vconn=3 cartel_sz=2
keys 8 MAR PRA VIE,FRA 56 vconn=3 cartel_sz=2
keys 22 MAR HAM AMS 42 vconn=2 cartel_sz=1
keys 27 MAR VIE GEN 37 vconn=2 cartel_sz=1
keys 18 MAR COR PAR 46 vconn=2 cartel_sz=1
keys 21 MAR COP PRA 43 vconn=2 cartel_sz=1
keys 13 MAR SOF MIL 51 vconn=2 cartel_sz=1
keys 12 MAR LJU MIL 52 vconn=2 cartel_sz=1
keys 20 MAR LON PAR 44 vconn=2 cartel_sz=1
keys 22 MAR POZ PAR 42 vconn=2 cartel_sz=1
keys 19 MAR HEL POZ 45 vconn=2 cartel_sz=1
keys 64 MAR NIC - 0 vconn=1 cartel_sz=0
keys 7 MAR AMS PAR,MIL 57 vconn=3 cartel_sz=2
keys 19 MAR RIG POZ 45 vconn=2 cartel_sz=1
keys 19 MAR KAU POZ 45 vconn=2 cartel_sz=1
keys 21 MAR MIL PRA,GEN 43 vconn=3 cartel_sz=2
keys 12 MAR PAR BIL,MIL 52 vconn=3 cartel_sz=2
keys 8 MAR FRA PAR,MIL 56 vconn=3 cartel_sz=2
keys 17 MAR OSL COP 47 vconn=2 cartel_sz=1
keys 6 MAR ZAG MIL 58 vconn=2 cartel_sz=1
keys 20 MAR STO POZ 44 vconn=2 cartel_sz=1
keys 12 MAR BUC MIL 52 vconn=2 cartel_sz=1
keys 24 MAR BRA MIL 40 vconn=2 cartel_sz=1
keys 15 MAR SOF MIL 49 vconn=2 cartel_sz=1
keys 20 MAR LUX PAR 44 vconn=2 cartel_sz=1
keys 22 MAR COP AMS 42 vconn=2 cartel_sz=1
keys 28 MAR VIE MIL 36 vconn=2 cartel_sz=1
keys 19 MAR POR MAD 45 vconn=2 cartel_sz=1
keys 16 MAR LIS BIL 48 vconn=2 cartel_sz=1
keys 64 MAR POD - 0 vconn=1 cartel_sz=0
keys 12 MAR BEL MIL 52 vconn=2 cartel_sz=1
keys 18 MAR BUD MIL 46 vconn=2 cartel_sz=1
keys 5 MAR PRA PAR,MIL 59 vconn=3 cartel_sz=2
keys 22 MAR BER PAR 42 vconn=2 cartel_sz=1
keys 19 MAR HAM AMS 45 vconn=2 cartel_sz=1
keys 3 MAR BRU PRA,PAR 61 vconn=3 cartel_sz=2
keys 9 MAR SOF MIL 55 vconn=2 cartel_sz=1
keys 7 MAR AMS PAR,FRA 57 vconn=3 cartel_sz=2
keys 7 MAR SKO MIL 57 vconn=2 cartel_sz=1
keys 15 MAR DUB PAR 49 vconn=2 cartel_sz=1
keys 7 MAR TIR MIL 57 vconn=2 cartel_sz=1
keys 17 MAR HEL POZ 47 vconn=2 cartel_sz=1
keys 19 MAR TAR POZ 45 vconn=2 cartel_sz=1
keys 16 MAR ZAG MIL 48 vconn=2 cartel_sz=1
keys 17 MAR KAU POZ 47 vconn=2 cartel_sz=1
keys 64 MAR KIE - 0 vconn=1 cartel_sz=0
keys 12 MAR PAR GEN,BIL 52 vconn=3 cartel_sz=2
keys 20 MAR MIL PRA,GEN 44 vconn=3 cartel_sz=2
keys 14 MAR GEN BIL,MIL 50 vconn=3 cartel_sz=2
keys 30 MAR BIL MAD 34 vconn=2 cartel_sz=1
keys 5 MAR FRA PAR,MIL 59 vconn=3 cartel_sz=2
keys 14 MAR RIG POZ 50 vconn=2 cartel_sz=1
keys 14 MAR COR PAR 50 vconn=2 cartel_sz=1
keys 17 MAR LON PAR 47 vconn=2 cartel_sz=1
keys 31 MAR VIE MIL 33 vconn=2 cartel_sz=1
keys 21 MAR BUD MIL 43 vconn=2 cartel_sz=1
keys 15 MAR STO AMS 49 vconn=2 cartel_sz=1
keys 18 MAR COP AMS 46 vconn=2 cartel_sz=1
keys 7 MAR LJU MIL 57 vconn=2 cartel_sz=1
keys 6 MAR SOF MIL 58 vconn=2 cartel_sz=1
keys 16 MAR BER PAR 48 vconn=2 cartel_sz=1
keys 13 MAR BEL MIL 51 vconn=2 cartel_sz=1
keys 18 MAR BRA MIL 46 vconn=2 cartel_sz=1
keys 7 MAR PRA MIL,AMS 57 vconn=3 cartel_sz=2
keys 15 MAR ZAG MIL 49 vconn=2 cartel_sz=1
keys 19 MAR BUC MIL 45 vconn=2 cartel_sz=1
keys 20 MAR HAM AMS 44 vconn=2 cartel_sz=1
keys 8 MAR AMS PAR,FRA 56 vconn=3 cartel_sz=2
keys 20 MAR HEL AMS 44 vconn=2 cartel_sz=1
keys 21 MAR OSL COP 43 vconn=2 cartel_sz=1
keys 22 MAR LUX PAR 42 vconn=2 cartel_sz=1
keys 5 MAR PAR GEN,BIL 59 vconn=3 cartel_sz=2
keys 3 MAR BRU PAR,MIL 61 vconn=3 cartel_sz=2
keys 16 MAR SOF MIL 48 vconn=2 cartel_sz=1
keys 12 MAR LIS BIL 52 vconn=2 cartel_sz=1
keys 29 MAR MAD BIL 35 vconn=2 cartel_sz=1
keys 16 MAR KAU POZ 48 vconn=2 cartel_sz=1
keys 22 MAR MIL PRA,GEN 42 vconn=3 cartel_sz=2
keys 14 MAR SKO SOF 50 vconn=2 cartel_sz=1
keys 14 MAR ZAG MIL 50 vconn=2 cartel_sz=1
keys 13 MAR BUD MIL 51 vconn=2 cartel_sz=1
keys 15 MAR TIR MIL 49 vconn=2 cartel_sz=1
keys 1 MAR FRA PAR,MIL 63 vconn=3 cartel_sz=2
keys 13 MAR TAR POZ 51 vconn=2 cartel_sz=1
keys 19 MAR BRA MIL 45 vconn=2 cartel_sz=1
keys 7 MAR PRA PAR,MIL 57 vconn=3 cartel_sz=2
keys 17 MAR BEL SOF 47 vconn=2 cartel_sz=1
keys 14 MAR LON PAR 50 vconn=2 cartel_sz=1
keys 19 MAR RIG POZ 45 vconn=2 cartel_sz=1
keys 64 MAR SIN - 0 vconn=1 cartel_sz=0
keys 15 MAR POR BIL 49 vconn=2 cartel_sz=1
keys 23 MAR HEL POZ 41 vconn=2 cartel_sz=1
keys 11 MAR LJU MIL 53 vconn=2 cartel_sz=1
keys 4 MAR AMS PAR,MIL 60 vconn=3 cartel_sz=2
keys 22 MAR BER AMS 42 vconn=2 cartel_sz=1
keys 15 MAR GEN BIL,MIL 49 vconn=3 cartel_sz=2
keys 15 MAR BUC MIL 49 vconn=2 cartel_sz=1
keys 10 MAR ZAG MIL 54 vconn=2 cartel_sz=1
keys 12 MAR PAR GEN,BIL 52 vconn=3 cartel_sz=2
keys 12 MAR DUB PAR 52 vconn=2 cartel_sz=1
keys 21 MAR HAM AMS 43 vconn=2 cartel_sz=1
keys 31 MAR BIL MAD 33 vconn=2 cartel_sz=1
keys 21 MAR STO POZ 43 vconn=2 cartel_sz=1
keys 14 MAR COR PAR 50 vconn=2 cartel_sz=1
keys 14 MAR OSL COP 50 vconn=2 cartel_sz=1
keys 4 MAR BRU PAR,MIL 60 vconn=3 cartel_sz=2
keys 17 MAR BUD MIL 47 vconn=2 cartel_sz=1
keys 12 MAR BEL MIL 52 vconn=2 cartel_sz=1
keys 5 MAR FRA PAR,MIL 59 vconn=3 cartel_sz=2
keys 13 MAR KAU POZ 51 vconn=2 cartel_sz=1
keys 24 MAR BRA VIE 40 vconn=2 cartel_sz=1
keys 14 MAR PAR GEN,BIL 50 vconn=3 cartel_sz=2
keys 9 MAR SKO MIL 55 vconn=2 cartel_sz=1
keys 13 MAR TIR MIL 51 vconn=2 cartel_sz=1
keys 18 MAR TAR POZ 46 vconn=2 cartel_sz=1
keys 8 MAR PRA PAR,MIL 56 vconn=3 cartel_sz=2
keys 19 MAR LIS BIL 45 vconn=2 cartel_sz=1
keys 24 MAR RIG HAM 40 vconn=2 cartel_sz=1
keys 17 MAR LUX PAR 47 vconn=2 cartel_sz=1
keys 6 MAR AMS PRA,PAR 58 vconn=3 cartel_sz=2
keys 14 MAR LJU MIL 50 vconn=2 cartel_sz=1
keys 23 MAR LON PAR 41 vconn=2 cartel_sz=1
keys 15 MAR BUC MIL 49 vconn=2 cartel_sz=1
keys 17 MAR STO COP 47 vconn=2 cartel_sz=1
keys 20 MAR HAM AMS 44 vconn=2 cartel_sz=1
keys 14 MAR BEL MIL 50 vconn=2 cartel_sz=1
keys 14 MAR ZAG MIL 50 vconn=2 cartel_sz=1
keys 7 MAR FRA GEN,BIL 57 vconn=3 cartel_sz=2
keys 9 MAR PAR GEN,BIL 55 vconn=3 cartel_sz=2
keys 15 MAR OSL COP 49 vconn=2 cartel_sz=1
keys 14 MAR SKO SOF 50 vconn=2 cartel_sz=1
keys 10 MAR COR PAR 54 vconn=2 cartel_sz=1
keys 6 MAR PRA MIL,AMS 58 vconn=3 cartel_sz=2
keys 11 MAR GEN BIL,MIL 53 vconn=3 cartel_sz=2
keys 18 MAR KAU POZ 46 vconn=2 cartel_sz=1
keys 3 MAR BRU PAR,FRA 61 vconn=3 cartel_sz=2
keys 3 MAR AMS PRA,PAR 61 vconn=3 cartel_sz=2
keys 13 MAR DUB PAR 51 vconn=2 cartel_sz=1
keys 19 MAR TAR POZ 45 vconn=2 cartel_sz=1
keys 8 MAR TIR MIL 56 vconn=2 cartel_sz=1
keys 23 MAR RIG POZ 41 vconn=2 cartel_sz=1
keys 20 MAR BUC BUD 44 vconn=2 cartel_sz=1
keys 12 MAR LJU MIL 52 vconn=2 cartel_sz=1
keys 13 MAR STO HEL 51 vconn=2 cartel_sz=1
keys 18 MAR BEL MIL 46 vconn=2 cartel_sz=1
keys 22 MAR MAD BIL 42 vconn=2 cartel_sz=1
keys 16 MAR LON PAR 48 vconn=2 cartel_sz=1
keys 16 MAR LIS BIL 48 vconn=2 cartel_sz=1
keys 11 MAR SKO SOF 53 vconn=2 cartel_sz=1
keys 6 MAR PAR GEN,BIL 58 vconn=3 cartel_sz=2
keys 6 MAR FRA PAR,MIL 58 vconn=3 cartel_sz=2
keys 15 MAR OSL POZ 49 vconn=2 cartel_sz=1
keys 21 MAR LUX FRA 43 vconn=2 cartel_sz=1
keys 16 MAR POR BIL 48 vconn=2 cartel_sz=1
keys 17 MAR BIL MAD 47 vconn=2 cartel_sz=1
keys 9 MAR PRA GEN,BIL 55 vconn=3 cartel_sz=2
keys 4 MAR AMS PRA,PAR 60 vconn=3 cartel_sz=2
keys 12 MAR TIR MIL 52 vconn=2 cartel_sz=1
keys 12 MAR SKO MIL 52 vconn=2 cartel_sz=1
keys 15 MAR DUB LON 49 vconn=2 cartel_sz=1
keys 6 MAR BRU PAR,MIL 58 vconn=3 cartel_sz=2
keys 12 MAR GEN BIL,MIL 52 vconn=3 cartel_sz=2
keys 10 MAR BUC MIL 54 vconn=2 cartel_sz=1
keys 10 MAR COR PAR 54 vconn=2 cartel_sz=1
keys 13 MAR LJU MIL 51 vconn=2 cartel_sz=1
keys 4 MAR PRA MIL,AMS 60 vconn=3 cartel_sz=2
keys 20 MAR KAU AMS 44 vconn=2 cartel_sz=1
keys 6 MAR AMS PRA,PAR 58 vconn=3 cartel_sz=2
keys 4 MAR FRA PAR,MIL 60 vconn=3 cartel_sz=2
keys 7 MAR PAR GEN,BIL 57 vconn=3 cartel_sz=2
keys 17 MAR BEL MIL 47 vconn=2 cartel_sz=1
keys 16 MAR OSL AMS 48 vconn=2 cartel_sz=1
keys 14 MAR SKO MIL 50 vconn=2 cartel_sz=1
keys 9 MAR PRA PAR,MIL 55 vconn=3 cartel_sz=2
keys 11 MAR TIR MIL 53 vconn=2 cartel_sz=1
keys 7 MAR AMS PAR,MIL 57 vconn=3 cartel_sz=2
keys 19 MAR STO GEN 45 vconn=2 cartel_sz=1
keys 5 MAR BRU PAR,MIL 59 vconn=3 cartel_sz=2
keys 14 MAR BUC MIL 50 vconn=2 cartel_sz=1
keys 10 MAR PAR GEN,BIL 54 vconn=3 cartel_sz=2
keys 8 MAR FRA PAR,MIL 56 vconn=3 cartel_sz=2
keys 12 MAR LJU MIL 52 vconn=2 cartel_sz=1
keys 14 MAR COR LON 50 vconn=2 cartel_sz=1
keys 6 MAR LIS BIL 58 vconn=2 cartel_sz=1
keys 9 MAR PRA MIL,AMS 55 vconn=3 cartel_sz=2
keys 8 MAR GEN BIL,MIL 56 vconn=3 cartel_sz=2
keys 14 MAR TAR POZ 50 vconn=2 cartel_sz=1
keys 14 MAR SKO MIL 50 vconn=2 cartel_sz=1
keys 12 MAR DUB PAR 52 vconn=2 cartel_sz=1
keys 4 MAR AMS PRA,PAR 60 vconn=3 cartel_sz=2
keys 9 MAR TIR MIL 55 vconn=2 cartel_sz=1
keys 21 MAR LUX BRU 43 vconn=2 cartel_sz=1
keys 21 MAR POR MAD 43 vconn=2 cartel_sz=1
keys 5 MAR PRA PAR,MIL 59 vconn=3 cartel_sz=2
keys 6 MAR FRA PAR,MIL 58 vconn=3 cartel_sz=2
keys 7 MAR BRU PRA,PAR 57 vconn=3 cartel_sz=2
keys 6 MAR AMS PRA,PAR 58 vconn=3 cartel_sz=2
keys 14 MAR LJU MIL 50 vconn=2 cartel_sz=1
keys 7 MAR PAR GEN,BIL 57 vconn=3 cartel_sz=2
keys 11 MAR TIR MIL 53 vconn=2 cartel_sz=1
keys 5 MAR PRA PAR,MIL 59 vconn=3 cartel_sz=2
keys 12 MAR COR PAR 52 vconn=2 cartel_sz=1
keys 4 MAR FRA PAR,MIL 60 vconn=3 cartel_sz=2
keys 7 MAR SKO SOF 57 vconn=2 cartel_sz=1
keys 7 MAR BRU PRA,PAR 57 vconn=3 cartel_sz=2
keys 2 MAR AMS PAR,MIL 62 vconn=3 cartel_sz=2
keys 22 MAR LON PAR 42 vconn=2 cartel_sz=1
keys 11 MAR LIS BIL 53 vconn=2 cartel_sz=1
keys 9 MAR GEN BIL,MIL 55 vconn=3 cartel_sz=2
keys 26 MAR MAD BIL 38 vconn=2 cartel_sz=1
keys 11 MAR LJU MIL 53 vconn=2 cartel_sz=1
keys 14 MAR DUB PAR 50 vconn=2 cartel_sz=1
keys 10 MAR TIR MIL 54 vconn=2 cartel_sz=1
keys 5 MAR PRA PAR,MIL 59 vconn=3 cartel_sz=2
keys 6 MAR AMS PAR,MIL 58 vconn=3 cartel_sz=2
keys 7 MAR FRA PRA,GEN 57 vconn=3 cartel_sz=2
keys 6 MAR BRU PAR,FRA 58 vconn=3 cartel_sz=2
keys 14 MAR GEN BIL,MIL 50 vconn=3 cartel_sz=2
keys 12 MAR COR PAR 52 vconn=2 cartel_sz=1
keys 6 MAR PRA PAR,MIL 58 vconn=3 cartel_sz=2
keys 6 MAR AMS PRA,PAR 58 vconn=3 cartel_sz=2
keys 5 MAR SKO SOF 59 vconn=2 cartel_sz=1
keys 7 MAR FRA PAR,MIL 57 vconn=3 cartel_sz=2
keys 12 MAR LJU MIL 52 vconn=2 cartel_sz=1
keys 11 MAR TIR MIL 53 vconn=2 cartel_sz=1
keys 16 MAR DUB PAR 48 vconn=2 cartel_sz=1
keys 8 MAR BRU PAR,FRA 56 vconn=3 cartel_sz=2
keys 21 MAR POR BIL 43 vconn=2 cartel_sz=1
keys 4 MAR PRA PAR,MIL 60 vconn=3 cartel_sz=2
keys 7 MAR AMS PRA,PAR 57 vconn=3 cartel_sz=2
keys 7 MAR FRA PRA,GEN 57 vconn=3 cartel_sz=2
keys 23 MAR COP AMS 41 vconn=2 cartel_sz=1
keys 18 MAR LIS MAD 46 vconn=2 cartel_sz=1
keys 15 MAR GEN BIL,MIL 49 vconn=3 cartel_sz=2
keys 7 MAR BRU PRA,PAR 57 vconn=3 cartel_sz=2
keys 4 MAR AMS PRA,PAR 60 vconn=3 cartel_sz=2
keys 6 MAR PRA PAR,MIL 58 vconn=3 cartel_sz=2
keys 19 MAR COR PAR 45 vconn=2 cartel_sz=1
keys 7 MAR FRA PAR,MIL 57 vconn=3 cartel_sz=2
keys 6 MAR BRU PRA,PAR 58 vconn=3 cartel_sz=2
keys 1 MAR AMS PRA,PAR 63 vconn=3 cartel_sz=2
keys 25 MAR MAD BIL 39 vconn=2 cartel_sz=1
keys 4 MAR AMS PAR,MIL 60 vconn=3 cartel_sz=2
keys 5 MAR FRA PAR,MIL 59 vconn=3 cartel_sz=2
keys 4 MAR BRU PAR,FRA 60 vconn=3 cartel_sz=2
keys 16 MAR DUB PAR 48 vconn=2 cartel_sz=1
keys 12 MAR POR BIL 52 vconn=2 cartel_sz=1
keys 8 MAR PRA VIE,GEN 56 vconn=3 cartel_sz=2
keys 4 MAR AMS PAR,MIL 60 vconn=3 cartel_sz=2
keys 5 MAR BRU PAR,MIL 59 vconn=3 cartel_sz=2
keys 21 MAR BER PRA 43 vconn=2 cartel_sz=1
keys 9 MAR FRA PRA,GEN 55 vconn=3 cartel_sz=2
keys 14 MAR BRA MIL 50 vconn=2 cartel_sz=1
keys 15 MAR SKO MIL 49 vconn=2 cartel_sz=1
keys 6 MAR AMS PRA,PAR 58 vconn=3 cartel_sz=2
keys 5 MAR BRU PAR,MIL 59 vconn=3 cartel_sz=2
keys 15 MAR GEN BIL,MIL 49 vconn=3 cartel_sz=2
keys 6 MAR BRU PAR,FRA 58 vconn=3 cartel_sz=2
keys 6 MAR FRA PAR,MIL 58 vconn=3 cartel_sz=2
keys 5 MAR AMS PRA,PAR 59 vconn=3 cartel_sz=2
keys 7 MAR BRU PRA,PAR 57 vconn=3 cartel_sz=2
keys 7 MAR AMS PAR,FRA 57 vconn=3 cartel_sz=2
keys 4 MAR BRU PRA,PAR 60 vconn=3 cartel_sz=2
keys 4 MAR BRU PAR,FRA 60 vconn=3 cartel_sz=2
keys 19 MAR POR BIL 45 vconn=2 cartel_sz=1
keys 11 MAR FRA GEN,BIL 53 vconn=3 cartel_sz=2
keys 11 MAR TIR MIL 53 vconn=2 cartel_sz=1
keys 7 MAR BUC MIL 57 vconn=2 cartel_sz=1
keys 4 MAR BRU PAR,MIL 60 vconn=3 cartel_sz=2
keys 6 MAR BRU PAR,FRA 58 vconn=3 cartel_sz=2
keys 4 MAR BRU PAR,MIL 60 vconn=3 cartel_sz=2
keys 12 MAR LJU MIL 52 vconn=2 cartel_sz=1
keys 6 MAR AMS PAR,FRA 58 vconn=3 cartel_sz=2
keys 38 MAR MAD BIL 26 vconn=2 cartel_sz=1
Halted at 2033.28 seconds
