edges_csv: ../graphs/geant/edges.csv
v_conn_csv: ../graphs/geant/conn.csv
src_nodes: MAR
block_chunks: 32
watermark_sz: 128
v_conn_cartel_size: true
keys 26 MAR GEN MIL 6 vconn=3 cartel_sz=2
keys 31 MAR MAD GEN 1 vconn=2 cartel_sz=1
keys 29 MAR MIL PRA,GEN 3 vconn=3 cartel_sz=2
keys 3 MAR LIS MAD 29 vconn=2 cartel_sz=1
keys 1 MAR PAR GEN,BIL 31 vconn=3 cartel_sz=2
keys 8 MAR BIL MAD 24 vconn=2 cartel_sz=1
keys 1 MAR FRA PRA,GEN 31 vconn=3 cartel_sz=2
keys 5 MAR POR MAD 27 vconn=2 cartel_sz=1
keys 1 MAR PAR GEN,BIL 31 vconn=3 cartel_sz=2
keys 1 MAR LIS MAD 31 vconn=2 cartel_sz=1
keys 2 MAR BIL MAD 30 vconn=2 cartel_sz=1
keys 32 MAR SIN - 0 vconn=1 cartel_sz=0
keys 0 MAR LJU MIL 32 vconn=2 cartel_sz=1
keys 0 MAR ZAG MIL 32 vconn=2 cartel_sz=1
keys 4 MAR VIE MIL 28 vconn=2 cartel_sz=1
keys 0 MAR TIR MIL 32 vconn=2 cartel_sz=1
keys 0 MAR AMS PAR,FRA 32 vconn=3 cartel_sz=2
keys 0 MAR SOF MIL 32 vconn=2 cartel_sz=1
keys 4 MAR POR MAD 28 vconn=2 cartel_sz=1
keys 1 MAR FRA PRA,GEN 31 vconn=3 cartel_sz=2
keys 0 MAR PAR GEN,BIL 32 vconn=3 cartel_sz=2
keys 0 MAR PRA VIE,FRA 32 vconn=3 cartel_sz=2
keys 1 MAR LIS MAD 31 vconn=2 cartel_sz=1
keys 3 MAR BIL MAD 29 vconn=2 cartel_sz=1
keys 6 MAR DUB PAR 26 vconn=2 cartel_sz=1
keys 0 MAR BRU PAR,FRA 32 vconn=3 cartel_sz=2
keys 5 MAR BRA MIL 27 vconn=2 cartel_sz=1
keys 0 MAR ZAG MIL 32 vconn=2 cartel_sz=1
keys 2 MAR BUD MIL 30 vconn=2 cartel_sz=1
keys 6 MAR LON PAR 26 vconn=2 cartel_sz=1
keys 0 MAR LJU MIL 32 vconn=2 cartel_sz=1
keys 3 MAR LIS MAD 29 vconn=2 cartel_sz=1
keys 8 MAR BIL MAD 24 vconn=2 cartel_sz=1
keys 6 MAR VIE MIL 26 vconn=2 cartel_sz=1
keys 1 MAR COR PAR 31 vconn=2 cartel_sz=1
keys 1 MAR FRA GEN,BIL 31 vconn=3 cartel_sz=2
keys 0 MAR PAR GEN,BIL 32 vconn=3 cartel_sz=2
keys 1 MAR TIR MIL 31 vconn=2 cartel_sz=1
keys 0 MAR POR MAD 32 vconn=2 cartel_sz=1
keys 4 MAR POZ PRA 28 vconn=2 cartel_sz=1
keys 1 MAR LIS MAD 31 vconn=2 cartel_sz=1
keys 4 MAR LUX GEN 28 vconn=2 cartel_sz=1
keys 1 MAR SOF MIL 31 vconn=2 cartel_sz=1
keys 4 MAR LIS MAD 28 vconn=2 cartel_sz=1
keys 1 MAR ZAG MIL 31 vconn=2 cartel_sz=1
keys 0 MAR PAR GEN,BIL 32 vconn=3 cartel_sz=2
keys 1 MAR AMS PAR,FRA 31 vconn=3 cartel_sz=2
keys 0 MAR FRA GEN,BIL 32 vconn=3 cartel_sz=2
keys 7 MAR BIL MAD 25 vconn=2 cartel_sz=1
keys 1 MAR BEL MIL 31 vconn=2 cartel_sz=1
keys 4 MAR VIE MIL 28 vconn=2 cartel_sz=1
keys 3 MAR LIS MAD 29 vconn=2 cartel_sz=1
keys 0 MAR BRU PAR,FRA 32 vconn=3 cartel_sz=2
keys 6 MAR HAM AMS 26 vconn=2 cartel_sz=1
keys 2 MAR POR MAD 30 vconn=2 cartel_sz=1
keys 0 MAR PRA VIE,GEN 32 vconn=3 cartel_sz=2
keys 32 MAR THE - 0 vconn=1 cartel_sz=0
keys 0 MAR PAR GEN,BIL 32 vconn=3 cartel_sz=2
keys 0 MAR FRA GEN,BIL 32 vconn=3 cartel_sz=2
keys 0 MAR LJU MIL 32 vconn=2 cartel_sz=1
keys 6 MAR LON PAR 26 vconn=2 cartel_sz=1
keys 1 MAR LIS MAD 31 vconn=2 cartel_sz=1
keys 0 MAR COR PAR 32 vconn=2 cartel_sz=1
keys 1 MAR TIR MIL 31 vconn=2 cartel_sz=1
keys 3 MAR POR MAD 29 vconn=2 cartel_sz=1
keys 0 MAR PAR GEN,BIL 32 vconn=3 cartel_sz=2
keys 1 MAR ZAG MIL 31 vconn=2 cartel_sz=1
keys 4 MAR BRA MIL 28 vconn=2 cartel_sz=1
keys 3 MAR LIS MAD 29 vconn=2 cartel_sz=1
keys 2 MAR BUD MIL 30 vconn=2 cartel_sz=1
keys 4 MAR DUB PAR 28 vconn=2 cartel_sz=1
keys 0 MAR VIE MIL 32 vconn=2 cartel_sz=1
keys 1 MAR BUC MIL 31 vconn=2 cartel_sz=1
keys 1 MAR FRA GEN,BIL 31 vconn=3 cartel_sz=2
keys 0 MAR AMS PAR,FRA 32 vconn=3 cartel_sz=2
keys 2 MAR PAR GEN,BIL 30 vconn=3 cartel_sz=2
keys 0 MAR SOF MIL 32 vconn=2 cartel_sz=1
keys 3 MAR LIS MAD 29 vconn=2 cartel_sz=1
keys 0 MAR PRA VIE,FRA 32 vconn=3 cartel_sz=2
keys 0 MAR BRU PAR,FRA 32 vconn=3 cartel_sz=2
keys 32 MAR ATH - 0 vconn=1 cartel_sz=0
keys 5 MAR POR MAD 27 vconn=2 cartel_sz=1
keys 0 MAR PAR GEN,BIL 32 vconn=3 cartel_sz=2
keys 0 MAR COR PAR 32 vconn=2 cartel_sz=1
keys 0 MAR TIR MIL 32 vconn=2 cartel_sz=1
keys 8 MAR LUX GEN 24 vconn=2 cartel_sz=1
keys 12 MAR BER GEN 20 vconn=2 cartel_sz=1
keys 0 MAR ZAG MIL 32 vconn=2 cartel_sz=1
keys 2 MAR SKO MIL 30 vconn=2 cartel_sz=1
keys 0 MAR LJU MIL 32 vconn=2 cartel_sz=1
keys 1 MAR FRA PRA,GEN 31 vconn=3 cartel_sz=2
keys 32 MAR POD - 0 vconn=1 cartel_sz=0
keys 3 MAR POZ PRA 29 vconn=2 cartel_sz=1
keys 7 MAR LIS MAD 25 vconn=2 cartel_sz=1
keys 0 MAR PAR GEN,BIL 32 vconn=3 cartel_sz=2
keys 4 MAR POR MAD 28 vconn=2 cartel_sz=1
keys 7 MAR LON PAR 25 vconn=2 cartel_sz=1
keys 6 MAR VIE MIL 26 vconn=2 cartel_sz=1
keys 32 MAR IST - 0 vconn=1 cartel_sz=0
keys 0 MAR BEL MIL 32 vconn=2 cartel_sz=1
keys 0 MAR SOF MIL 32 vconn=2 cartel_sz=1
keys 1 MAR PAR GEN,BIL 31 vconn=3 cartel_sz=2
keys 0 MAR FRA PRA,GEN 32 vconn=3 cartel_sz=2
keys 0 MAR AMS PAR,FRA 32 vconn=3 cartel_sz=2
keys 0 MAR ZAG MIL 32 vconn=2 cartel_sz=1
keys 7 MAR BUD MIL 25 vconn=2 cartel_sz=1
keys 0 MAR BRU GEN,BIL 32 vconn=3 cartel_sz=2
keys 4 MAR DUB PAR 28 vconn=2 cartel_sz=1
keys 1 MAR PAR GEN,BIL 31 vconn=3 cartel_sz=2
keys 1 MAR PRA VIE,FRA 31 vconn=3 cartel_sz=2
keys 1 MAR LJU MIL 31 vconn=2 cartel_sz=1
keys 10 MAR COP HAM 22 vconn=2 cartel_sz=1
keys 0 MAR TIR MIL 32 vconn=2 cartel_sz=1
keys 2 MAR FRA GEN,BIL 30 vconn=3 cartel_sz=2
keys 4 MAR HAM AMS 28 vconn=2 cartel_sz=1
keys 0 MAR PAR GEN,BIL 32 vconn=3 cartel_sz=2
keys 2 MAR COR PAR 30 vconn=2 cartel_sz=1
keys 0 MAR SOF MIL 32 vconn=2 cartel_sz=1
keys 3 MAR LON PAR 29 vconn=2 cartel_sz=1
keys 3 MAR POR MAD 29 vconn=2 cartel_sz=1
keys 9 MAR LUX GEN 23 vconn=2 cartel_sz=1
keys 1 MAR ZAG MIL 31 vconn=2 cartel_sz=1
keys 1 MAR PAR GEN,BIL 31 vconn=3 cartel_sz=2
keys 0 MAR AMS GEN,BIL 32 vconn=3 cartel_sz=2
keys 0 MAR FRA GEN,BIL 32 vconn=3 cartel_sz=2
keys 0 MAR BRU PAR,FRA 32 vconn=3 cartel_sz=2
keys 2 MAR BRA MIL 30 vconn=2 cartel_sz=1
keys 8 MAR VIE MIL 24 vconn=2 cartel_sz=1
keys 0 MAR PAR GEN,BIL 32 vconn=3 cartel_sz=2
keys 1 MAR DUB PAR 31 vconn=2 cartel_sz=1
keys 32 MAR NIC - 0 vconn=1 cartel_sz=0
keys 1 MAR PRA VIE,GEN 31 vconn=3 cartel_sz=2
keys 0 MAR BEL MIL 32 vconn=2 cartel_sz=1
keys 2 MAR LJU MIL 30 vconn=2 cartel_sz=1
keys 0 MAR TIR MIL 32 vconn=2 cartel_sz=1
keys 0 MAR PAR GEN,BIL 32 vconn=3 cartel_sz=2
keys 0 MAR ZAG MIL 32 vconn=2 cartel_sz=1
keys 2 MAR BUC MIL 30 vconn=2 cartel_sz=1
keys 1 MAR SKO MIL 31 vconn=2 cartel_sz=1
keys 3 MAR BUD MIL 29 vconn=2 cartel_sz=1
keys 0 MAR SOF MIL 32 vconn=2 cartel_sz=1
keys 0 MAR AMS PAR,FRA 32 vconn=3 cartel_sz=2
keys 4 MAR FRA GEN,BIL 28 vconn=3 cartel_sz=2
keys 6 MAR POZ PRA 26 vconn=2 cartel_sz=1
keys 0 MAR BRU PAR,LUX 32 vconn=3 cartel_sz=2
keys 0 MAR PAR GEN,BIL 32 vconn=3 cartel_sz=2
keys 4 MAR LON PAR 28 vconn=2 cartel_sz=1
keys 2 MAR COR PAR 30 vconn=2 cartel_sz=1
keys 0 MAR PAR GEN,BIL 32 vconn=3 cartel_sz=2
keys 0 MAR AMS PAR,FRA 32 vconn=3 cartel_sz=2
keys 3 MAR FRA PRA,GEN 29 vconn=3 cartel_sz=2
keys 0 MAR ZAG MIL 32 vconn=2 cartel_sz=1
keys 0 MAR PRA VIE,FRA 32 vconn=3 cartel_sz=2
keys 2 MAR DUB PAR 30 vconn=2 cartel_sz=1
keys 0 MAR TIR MIL 32 vconn=2 cartel_sz=1
keys 0 MAR LJU MIL 32 vconn=2 cartel_sz=1
keys 0 MAR PAR GEN,BIL 32 vconn=3 cartel_sz=2
keys 1 MAR SOF MIL 31 vconn=2 cartel_sz=1
keys 3 MAR BRA MIL 29 vconn=2 cartel_sz=1
keys 0 MAR BRU PAR,FRA 32 vconn=3 cartel_sz=2
keys 1 MAR BEL MIL 31 vconn=2 cartel_sz=1
keys 0 MAR PAR GEN,BIL 32 vconn=3 cartel_sz=2
keys 6 MAR RIG POZ 26 vconn=2 cartel_sz=1
keys 4 MAR KAU POZ 28 vconn=2 cartel_sz=1
keys 11 MAR BER AMS 21 vconn=2 cartel_sz=1
keys 11 MAR LUX GEN 21 vconn=2 cartel_sz=1
keys 4 MAR FRA GEN,BIL 28 vconn=3 cartel_sz=2
keys 0 MAR AMS PAR,FRA 32 vconn=3 cartel_sz=2
keys 6 MAR HAM AMS 26 vconn=2 cartel_sz=1
keys 1 MAR PAR GEN,BIL 31 vconn=3 cartel_sz=2
keys 2 MAR SOF MIL 30 vconn=2 cartel_sz=1
keys 6 MAR BUD MIL 26 vconn=2 cartel_sz=1
keys 0 MAR PRA VIE,FRA 32 vconn=3 cartel_sz=2
keys 0 MAR BRU PAR,FRA 32 vconn=3 cartel_sz=2
keys 0 MAR ZAG MIL 32 vconn=2 cartel_sz=1
keys 1 MAR COR PAR 31 vconn=2 cartel_sz=1
keys 1 MAR PAR GEN,BIL 31 vconn=3 cartel_sz=2
keys 1 MAR LJU MIL 31 vconn=2 cartel_sz=1
keys 3 MAR DUB PAR 29 vconn=2 cartel_sz=1
keys 2 MAR FRA GEN,BIL 30 vconn=3 cartel_sz=2
keys 1 MAR TIR MIL 31 vconn=2 cartel_sz=1
keys 1 MAR AMS GEN,BIL 31 vconn=3 cartel_sz=2
keys 0 MAR PAR GEN,BIL 32 vconn=3 cartel_sz=2
keys 8 MAR HEL AMS 24 vconn=2 cartel_sz=1
keys 3 MAR BRA VIE 29 vconn=2 cartel_sz=1
keys 4 MAR BUC MIL 28 vconn=2 cartel_sz=1
keys 6 MAR POZ PRA 26 vconn=2 cartel_sz=1
keys 2 MAR BRU PAR,FRA 30 vconn=3 cartel_sz=2
keys 0 MAR PAR GEN,BIL 32 vconn=3 cartel_sz=2
keys 0 MAR PRA VIE,FRA 32 vconn=3 cartel_sz=2
keys 0 MAR SOF MIL 32 vconn=2 cartel_sz=1
keys 0 MAR COR PAR 32 vconn=2 cartel_sz=1
keys 0 MAR ZAG MIL 32 vconn=2 cartel_sz=1
keys 2 MAR FRA GEN,BIL 30 vconn=3 cartel_sz=2
keys 0 MAR LJU MIL 32 vconn=2 cartel_sz=1
keys 1 MAR AMS PAR,FRA 31 vconn=3 cartel_sz=2
keys 1 MAR BEL MIL 31 vconn=2 cartel_sz=1
keys 1 MAR PAR GEN,BIL 31 vconn=3 cartel_sz=2
keys 6 MAR BUD MIL 26 vconn=2 cartel_sz=1
keys 0 MAR PAR GEN,BIL 32 vconn=3 cartel_sz=2
keys 2 MAR DUB PAR 30 vconn=2 cartel_sz=1
keys 1 MAR HAM AMS 31 vconn=2 cartel_sz=1
keys 0 MAR TIR MIL 32 vconn=2 cartel_sz=1
keys 0 MAR PRA VIE,GEN 32 vconn=3 cartel_sz=2
keys 2 MAR COR PAR 30 vconn=2 cartel_sz=1
keys 1 MAR SKO MIL 31 vconn=2 cartel_sz=1
keys 5 MAR OSL COP 27 vconn=2 cartel_sz=1
keys 4 MAR FRA GEN,BIL 28 vconn=3 cartel_sz=2
keys 2 MAR PAR GEN,BIL 30 vconn=3 cartel_sz=2
keys 1 MAR BRU PAR,FRA 31 vconn=3 cartel_sz=2
keys 2 MAR SOF MIL 30 vconn=2 cartel_sz=1
keys 1 MAR AMS PAR,FRA 31 vconn=3 cartel_sz=2
keys 8 MAR BRA MIL 24 vconn=2 cartel_sz=1
keys 6 MAR COP HAM 26 vconn=2 cartel_sz=1
keys 1 MAR ZAG MIL 31 vconn=2 cartel_sz=1
keys 0 MAR LJU MIL 32 vconn=2 cartel_sz=1
keys 1 MAR PAR GEN,BIL 31 vconn=3 cartel_sz=2
keys 6 MAR POZ PRA 26 vconn=2 cartel_sz=1
keys 5 MAR STO COP 27 vconn=2 cartel_sz=1
keys 0 MAR PAR GEN,BIL 32 vconn=3 cartel_sz=2
keys 1 MAR BUC MIL 31 vconn=2 cartel_sz=1
keys 1 MAR SOF MIL 31 vconn=2 cartel_sz=1
keys 2 MAR COR PAR 30 vconn=2 cartel_sz=1
keys 1 MAR AMS PAR,FRA 31 vconn=3 cartel_sz=2
keys 10 MAR TAR GEN 22 vconn=2 cartel_sz=1
keys 0 MAR BRU GEN,BIL 32 vconn=3 cartel_sz=2
keys 1 MAR PRA VIE,FRA 31 vconn=3 cartel_sz=2
keys 0 MAR PAR GEN,BIL 32 vconn=3 cartel_sz=2
keys 1 MAR BEL MIL 31 vconn=2 cartel_sz=1
keys 5 MAR ZAG MIL 27 vconn=2 cartel_sz=1
keys 32 MAR KIE - 0 vconn=1 cartel_sz=0
keys 0 MAR AMS PAR,FRA 32 vconn=3 cartel_sz=2
keys 0 MAR PAR GEN,BIL 32 vconn=3 cartel_sz=2
keys 2 MAR SOF MIL 30 vconn=2 cartel_sz=1
keys 5 MAR HAM AMS 27 vconn=2 cartel_sz=1
keys 1 MAR LJU MIL 31 vconn=2 cartel_sz=1
keys 0 MAR TIR MIL 32 vconn=2 cartel_sz=1
keys 2 MAR PAR GEN,BIL 30 vconn=3 cartel_sz=2
keys 1 MAR ZAG MIL 31 vconn=2 cartel_sz=1
keys 0 MAR PRA VIE,FRA 32 vconn=3 cartel_sz=2
keys 4 MAR COR PAR 28 vconn=2 cartel_sz=1
keys 2 MAR PAR GEN,BIL 30 vconn=3 cartel_sz=2
keys 2 MAR AMS PAR,FRA 30 vconn=3 cartel_sz=2
keys 2 MAR BRU PAR,FRA 30 vconn=3 cartel_sz=2
keys 2 MAR DUB PAR 30 vconn=2 cartel_sz=1
keys 0 MAR SOF MIL 32 vconn=2 cartel_sz=1
keys 0 MAR KAU POZ 32 vconn=2 cartel_sz=1
keys 0 MAR PAR GEN,BIL 32 vconn=3 cartel_sz=2
keys 3 MAR SKO SOF 29 vconn=2 cartel_sz=1
keys 1 MAR PRA VIE,FRA 31 vconn=3 cartel_sz=2
keys 5 MAR BUC MIL 27 vconn=2 cartel_sz=1
keys 2 MAR ZAG MIL 30 vconn=2 cartel_sz=1
keys 1 MAR PAR GEN,BIL 31 vconn=3 cartel_sz=2
keys 1 MAR TIR MIL 31 vconn=2 cartel_sz=1
keys 2 MAR LJU MIL 30 vconn=2 cartel_sz=1
keys 2 MAR AMS PAR,FRA 30 vconn=3 cartel_sz=2
keys 1 MAR SOF MIL 31 vconn=2 cartel_sz=1
keys 1 MAR PAR GEN,BIL 31 vconn=3 cartel_sz=2
keys 1 MAR BEL MIL 31 vconn=2 cartel_sz=1
keys 9 MAR COR PAR 23 vconn=2 cartel_sz=1
keys 0 MAR BRU PAR,FRA 32 vconn=3 cartel_sz=2
keys 1 MAR PRA VIE,FRA 31 vconn=3 cartel_sz=2
keys 3 MAR ZAG MIL 29 vconn=2 cartel_sz=1
keys 3 MAR PAR GEN,BIL 29 vconn=3 cartel_sz=2
keys 1 MAR LJU MIL 31 vconn=2 cartel_sz=1
keys 10 MAR COP AMS 22 vconn=2 cartel_sz=1
keys 0 MAR AMS PAR,FRA 32 vconn=3 cartel_sz=2
keys 10 MAR HEL COP 22 vconn=2 cartel_sz=1
keys 0 MAR TIR MIL 32 vconn=2 cartel_sz=1
keys 0 MAR SOF MIL 32 vconn=2 cartel_sz=1
keys 12 MAR BER HAM 20 vconn=2 cartel_sz=1
keys 0 MAR BRU PAR,FRA 32 vconn=3 cartel_sz=2
keys 7 MAR RIG POZ 25 vconn=2 cartel_sz=1
keys 2 MAR AMS GEN,BIL 30 vconn=3 cartel_sz=2
keys 1 MAR PRA VIE,FRA 31 vconn=3 cartel_sz=2
keys 1 MAR PAR GEN,BIL 31 vconn=3 cartel_sz=2
keys 0 MAR BEL MIL 32 vconn=2 cartel_sz=1
keys 0 MAR ZAG MIL 32 vconn=2 cartel_sz=1
keys 1 MAR SOF MIL 31 vconn=2 cartel_sz=1
keys 1 MAR BRU PAR,FRA 31 vconn=3 cartel_sz=2
keys 1 MAR COR PAR 31 vconn=2 cartel_sz=1
keys 0 MAR AMS PAR,FRA 32 vconn=3 cartel_sz=2
keys 7 MAR KAU POZ 25 vconn=2 cartel_sz=1
keys 3 MAR HAM AMS 29 vconn=2 cartel_sz=1
keys 0 MAR TIR MIL 32 vconn=2 cartel_sz=1
keys 4 MAR PAR GEN,BIL 28 vconn=3 cartel_sz=2
keys 1 MAR LJU MIL 31 vconn=2 cartel_sz=1
keys 2 MAR PRA VIE,FRA 30 vconn=3 cartel_sz=2
keys 4 MAR BUC MIL 28 vconn=2 cartel_sz=1
keys 4 MAR OSL COP 28 vconn=2 cartel_sz=1
keys 2 MAR ZAG MIL 30 vconn=2 cartel_sz=1
keys 3 MAR SKO MIL 29 vconn=2 cartel_sz=1
keys 2 MAR AMS PAR,FRA 30 vconn=3 cartel_sz=2
keys 0 MAR SOF MIL 32 vconn=2 cartel_sz=1
keys 0 MAR BRU PAR,FRA 32 vconn=3 cartel_sz=2
keys 4 MAR POR BIL 28 vconn=2 cartel_sz=1
keys 3 MAR DUB PAR 29 vconn=2 cartel_sz=1
keys 11 MAR TAR POZ 21 vconn=2 cartel_sz=1
keys 2 MAR HEL COP 30 vconn=2 cartel_sz=1
keys 4 MAR PRA VIE,FRA 28 vconn=3 cartel_sz=2
keys 0 MAR AMS PAR,FRA 32 vconn=3 cartel_sz=2
keys 2 MAR ZAG MIL 30 vconn=2 cartel_sz=1
keys 3 MAR LJU MIL 29 vconn=2 cartel_sz=1
keys 3 MAR BEL MIL 29 vconn=2 cartel_sz=1
keys 4 MAR SOF MIL 28 vconn=2 cartel_sz=1
keys 1 MAR BRU GEN,BIL 31 vconn=3 cartel_sz=2
keys 2 MAR TIR MIL 30 vconn=2 cartel_sz=1
keys 8 MAR BRA MIL 24 vconn=2 cartel_sz=1
keys 11 MAR POZ GEN 21 vconn=2 cartel_sz=1
keys 0 MAR AMS PAR,FRA 32 vconn=3 cartel_sz=2
keys 3 MAR STO COP 29 vconn=2 cartel_sz=1
keys 7 MAR ZAG MIL 25 vconn=2 cartel_sz=1
keys 3 MAR PRA VIE,FRA 29 vconn=3 cartel_sz=2
keys 2 MAR SOF MIL 30 vconn=2 cartel_sz=1
keys 0 MAR AMS GEN,BIL 32 vconn=3 cartel_sz=2
keys 3 MAR BUC MIL 29 vconn=2 cartel_sz=1
keys 2 MAR SKO MIL 30 vconn=2 cartel_sz=1
keys 0 MAR BRU PAR,FRA 32 vconn=3 cartel_sz=2
keys 1 MAR TIR MIL 31 vconn=2 cartel_sz=1
keys 2 MAR LJU MIL 30 vconn=2 cartel_sz=1
keys 1 MAR AMS GEN,BIL 31 vconn=3 cartel_sz=2
keys 0 MAR SOF MIL 32 vconn=2 cartel_sz=1
keys 9 MAR RIG POZ 23 vconn=2 cartel_sz=1
keys 2 MAR BEL MIL 30 vconn=2 cartel_sz=1
keys 2 MAR PRA VIE,FRA 30 vconn=3 cartel_sz=2
keys 2 MAR OSL COP 30 vconn=2 cartel_sz=1
keys 1 MAR BRU GEN,BIL 31 vconn=3 cartel_sz=2
keys 3 MAR SOF MIL 29 vconn=2 cartel_sz=1
keys 2 MAR AMS GEN,BIL 30 vconn=3 cartel_sz=2
keys 7 MAR HEL PAR 25 vconn=2 cartel_sz=1
keys 1 MAR COR PAR 31 vconn=2 cartel_sz=1
keys 3 MAR TIR MIL 29 vconn=2 cartel_sz=1
keys 5 MAR KAU POZ 27 vconn=2 cartel_sz=1
keys 2 MAR LJU MIL 30 vconn=2 cartel_sz=1
keys 2 MAR AMS PAR,FRA 30 vconn=3 cartel_sz=2
keys 2 MAR PRA VIE,FRA 30 vconn=3 cartel_sz=2
keys 5 MAR SOF MIL 27 vconn=2 cartel_sz=1
keys 0 MAR BRU PAR,FRA 32 vconn=3 cartel_sz=2
keys 0 MAR SKO MIL 32 vconn=2 cartel_sz=1
keys 5 MAR STO COP 27 vconn=2 cartel_sz=1
keys 5 MAR BUC MIL 27 vconn=2 cartel_sz=1
keys 1 MAR BEL MIL 31 vconn=2 cartel_sz=1
keys 9 MAR TAR POZ 23 vconn=2 cartel_sz=1
keys 2 MAR AMS PAR,FRA 30 vconn=3 cartel_sz=2
keys 1 MAR TIR MIL 31 vconn=2 cartel_sz=1
keys 1 MAR PRA VIE,FRA 31 vconn=3 cartel_sz=2
keys 2 MAR LJU MIL 30 vconn=2 cartel_sz=1
keys 0 MAR BRU PAR,FRA 32 vconn=3 cartel_sz=2
keys 8 MAR HAM AMS 24 vconn=2 cartel_sz=1
keys 0 MAR AMS PAR,FRA 32 vconn=3 cartel_sz=2
keys 4 MAR OSL COP 28 vconn=2 cartel_sz=1
keys 1 MAR BEL MIL 31 vconn=2 cartel_sz=1
keys 7 MAR KAU POZ 25 vconn=2 cartel_sz=1
keys 7 MAR RIG POZ 25 vconn=2 cartel_sz=1
keys 0 MAR BRU PAR,FRA 32 vconn=3 cartel_sz=2
keys 3 MAR LJU MIL 29 vconn=2 cartel_sz=1
keys 3 MAR PRA VIE,PAR 29 vconn=3 cartel_sz=2
keys 1 MAR AMS PAR,FRA 31 vconn=3 cartel_sz=2
keys 4 MAR SKO MIL 28 vconn=2 cartel_sz=1
keys 2 MAR TIR MIL 30 vconn=2 cartel_sz=1
keys 5 MAR SOF MIL 27 vconn=2 cartel_sz=1
keys 5 MAR STO HEL 27 vconn=2 cartel_sz=1
keys 4 MAR BEL MIL 28 vconn=2 cartel_sz=1
keys 0 MAR BRU GEN,PAR 32 vconn=3 cartel_sz=2
keys 8 MAR OSL COP 24 vconn=2 cartel_sz=1
keys 2 MAR AMS GEN,BIL 30 vconn=3 cartel_sz=2
keys 0 MAR LJU MIL 32 vconn=2 cartel_sz=1
keys 1 MAR BRU PAR,FRA 31 vconn=3 cartel_sz=2
keys 4 MAR TIR MIL 28 vconn=2 cartel_sz=1
keys 4 MAR BEL MIL 28 vconn=2 cartel_sz=1
keys 1 MAR PRA PAR,MIL 31 vconn=3 cartel_sz=2
keys 5 MAR SKO SOF 27 vconn=2 cartel_sz=1
keys 2 MAR FRA PAR,MIL 30 vconn=3 cartel_sz=2
keys 9 MAR STO POZ 23 vconn=2 cartel_sz=1
keys 1 MAR BRU PAR,FRA 31 vconn=3 cartel_sz=2
keys 5 MAR LON PAR 27 vconn=2 cartel_sz=1
keys 9 MAR KAU POZ 23 vconn=2 cartel_sz=1
keys 9 MAR BUC MIL 23 vconn=2 cartel_sz=1
keys 6 MAR BEL MIL 26 vconn=2 cartel_sz=1
keys 3 MAR TIR MIL 29 vconn=2 cartel_sz=1
keys 9 MAR BUD MIL 23 vconn=2 cartel_sz=1
keys 2 MAR AMS PAR,FRA 30 vconn=3 cartel_sz=2
keys 5 MAR COR PAR 27 vconn=2 cartel_sz=1
keys 7 MAR GEN BIL,MIL 25 vconn=3 cartel_sz=2
keys 0 MAR BRU PAR,FRA 32 vconn=3 cartel_sz=2
keys 7 MAR COP PAR 25 vconn=2 cartel_sz=1
keys 6 MAR ZAG MIL 26 vconn=2 cartel_sz=1
keys 4 MAR LJU MIL 28 vconn=2 cartel_sz=1
keys 3 MAR PRA VIE,FRA 29 vconn=3 cartel_sz=2
keys 5 MAR SKO MIL 27 vconn=2 cartel_sz=1
keys 2 MAR TIR MIL 30 vconn=2 cartel_sz=1
keys 2 MAR BRU PAR,FRA 30 vconn=3 cartel_sz=2
keys 6 MAR OSL COP 26 vconn=2 cartel_sz=1
keys 1 MAR BRU GEN,BIL 31 vconn=3 cartel_sz=2
keys 5 MAR TIR MIL 27 vconn=2 cartel_sz=1
keys 8 MAR HEL HAM 24 vconn=2 cartel_sz=1
keys 1 MAR BRU PRA,PAR 31 vconn=3 cartel_sz=2
keys 3 MAR AMS PRA,PAR 29 vconn=3 cartel_sz=2
keys 5 MAR LJU MIL 27 vconn=2 cartel_sz=1
keys 8 MAR BEL SOF 24 vconn=2 cartel_sz=1
keys 8 MAR SKO SOF 24 vconn=2 cartel_sz=1
keys 0 MAR BRU PAR,MIL 32 vconn=3 cartel_sz=2
keys 1 MAR STO COP 31 vconn=2 cartel_sz=1
keys 8 MAR PAR GEN,BIL 24 vconn=3 cartel_sz=2
keys 1 MAR BRU PAR,LUX 31 vconn=3 cartel_sz=2
keys 2 MAR DUB PAR 30 vconn=2 cartel_sz=1
keys 2 MAR PRA MIL,AMS 30 vconn=3 cartel_sz=2
keys 3 MAR BRU PRA,PAR 29 vconn=3 cartel_sz=2
keys 10 MAR TIR MIL 22 vconn=2 cartel_sz=1
keys 3 MAR BRU PRA,PAR 29 vconn=3 cartel_sz=2
keys 10 MAR VIE MIL 22 vconn=2 cartel_sz=1
keys 10 MAR SOF MIL 22 vconn=2 cartel_sz=1
keys 12 MAR BIL PAR 20 vconn=2 cartel_sz=1
keys 5 MAR BRU PRA,PAR 27 vconn=3 cartel_sz=2
keys 10 MAR MIL PRA,GEN 22 vconn=3 cartel_sz=2
keys 3 MAR AMS PRA,PAR 29 vconn=3 cartel_sz=2
keys 4 MAR FRA PRA,GEN 28 vconn=3 cartel_sz=2
keys 7 MAR STO COP 25 vconn=2 cartel_sz=1
keys 2 MAR BRU PAR,MIL 30 vconn=3 cartel_sz=2
keys 10 MAR LIS BIL 22 vconn=2 cartel_sz=1
keys 3 MAR OSL COP 29 vconn=2 cartel_sz=1
keys 6 MAR RIG POZ 26 vconn=2 cartel_sz=1
keys 32 MAR THE - 0 vconn=1 cartel_sz=0
keys 1 MAR PRA PAR,MIL 31 vconn=3 cartel_sz=2
keys 5 MAR ZAG MIL 27 vconn=2 cartel_sz=1
keys 2 MAR BRU PAR,MIL 30 vconn=3 cartel_sz=2
keys 8 MAR LJU MIL 24 vconn=2 cartel_sz=1
keys 23 MAR MAD BIL 9 vconn=2 cartel_sz=1
keys 3 MAR DUB PAR 29 vconn=2 cartel_sz=1
keys 11 MAR POR MAD 21 vconn=2 cartel_sz=1
keys 7 MAR COR PAR 25 vconn=2 cartel_sz=1
keys 10 MAR TAR POZ 22 vconn=2 cartel_sz=1
keys 32 MAR ATH - 0 vconn=1 cartel_sz=0
keys 32 MAR IST - 0 vconn=1 cartel_sz=0
keys 3 MAR AMS PAR,MIL 29 vconn=3 cartel_sz=2
keys 8 MAR LON PAR 24 vconn=2 cartel_sz=1
keys 32 MAR NIC - 0 vconn=1 cartel_sz=0
keys 1 MAR BRU PAR,FRA 31 vconn=3 cartel_sz=2
keys 4 MAR PRA PAR,MIL 28 vconn=3 cartel_sz=2
keys 17 MAR GEN BIL,MIL 15 vconn=3 cartel_sz=2
keys 4 MAR BEL MIL 28 vconn=2 cartel_sz=1
keys 9 MAR KAU POZ 23 vconn=2 cartel_sz=1
keys 5 MAR BRA MIL 27 vconn=2 cartel_sz=1
keys 32 MAR POD - 0 vconn=1 cartel_sz=0
keys 4 MAR FRA GEN,BIL 28 vconn=3 cartel_sz=2
keys 32 MAR SIN - 0 vconn=1 cartel_sz=0
keys 5 MAR SKO MIL 27 vconn=2 cartel_sz=1
keys 10 MAR LUX FRA 22 vconn=2 cartel_sz=1
keys 11 MAR COP HAM 21 vconn=2 cartel_sz=1
keys 2 MAR BRU GEN,BIL 30 vconn=3 cartel_sz=2
keys 4 MAR BUD MIL 28 vconn=2 cartel_sz=1
keys 9 MAR HAM GEN 23 vconn=2 cartel_sz=1
keys 7 MAR BUC MIL 25 vconn=2 cartel_sz=1
keys 2 MAR OSL COP 30 vconn=2 cartel_sz=1
keys 3 MAR PAR GEN,BIL 29 vconn=3 cartel_sz=2
keys 5 MAR DUB PAR 27 vconn=2 cartel_sz=1
keys 1 MAR AMS PAR,FRA 31 vconn=3 cartel_sz=2
keys 5 MAR ZAG MIL 27 vconn=2 cartel_sz=1
keys 4 MAR PRA VIE,FRA 28 vconn=3 cartel_sz=2
keys 10 MAR BER HAM 22 vconn=2 cartel_sz=1
keys 32 MAR KIE - 0 vconn=1 cartel_sz=0
keys 6 MAR SOF MIL 26 vconn=2 cartel_sz=1
keys 3 MAR BRU PAR,MIL 29 vconn=3 cartel_sz=2
keys 5 MAR POZ PRA 27 vconn=2 cartel_sz=1
keys 10 MAR HEL COP 22 vconn=2 cartel_sz=1
keys 4 MAR BEL MIL 28 vconn=2 cartel_sz=1
keys 5 MAR RIG POZ 27 vconn=2 cartel_sz=1
keys 4 MAR OSL COP 28 vconn=2 cartel_sz=1
keys 3 MAR FRA PRA,GEN 29 vconn=3 cartel_sz=2
keys 20 MAR MIL PRA,GEN 12 vconn=3 cartel_sz=2
keys 6 MAR STO COP 26 vconn=2 cartel_sz=1
keys 1 MAR AMS PAR,FRA 31 vconn=3 cartel_sz=2
keys 2 MAR TIR MIL 30 vconn=2 cartel_sz=1
keys 7 MAR BUD MIL 25 vconn=2 cartel_sz=1
keys 3 MAR PAR GEN,BIL 29 vconn=3 cartel_sz=2
keys 6 MAR SKO SOF 26 vconn=2 cartel_sz=1
keys 0 MAR BRU PAR,FRA 32 vconn=3 cartel_sz=2
keys 9 MAR VIE MIL 23 vconn=2 cartel_sz=1
keys 6 MAR LJU MIL 26 vconn=2 cartel_sz=1
keys 3 MAR AMS PAR,MIL 29 vconn=3 cartel_sz=2
keys 9 MAR LIS MAD 23 vconn=2 cartel_sz=1
keys 0 MAR PRA VIE,GEN 32 vconn=3 cartel_sz=2
keys 5 MAR BRA MIL 27 vconn=2 cartel_sz=1
keys 5 MAR FRA PRA,GEN 27 vconn=3 cartel_sz=2
keys 2 MAR ZAG MIL 30 vconn=2 cartel_sz=1
keys 0 MAR COR PAR 32 vconn=2 cartel_sz=1
keys 1 MAR BRU PAR,FRA 31 vconn=3 cartel_sz=2
keys 10 MAR OSL COP 22 vconn=2 cartel_sz=1
keys 15 MAR BIL MAD 17 vconn=2 cartel_sz=1
keys 3 MAR BEL MIL 29 vconn=2 cartel_sz=1
keys 5 MAR DUB PAR 27 vconn=2 cartel_sz=1
keys 10 MAR POZ PRA 22 vconn=2 cartel_sz=1
keys 6 MAR BUC MIL 26 vconn=2 cartel_sz=1
keys 2 MAR TIR MIL 30 vconn=2 cartel_sz=1
keys 4 MAR SOF MIL 28 vconn=2 cartel_sz=1
keys 1 MAR PAR GEN,BIL 31 vconn=3 cartel_sz=2
keys 3 MAR PRA PAR,MIL 29 vconn=3 cartel_sz=2
keys 0 MAR BRU PAR,FRA 32 vconn=3 cartel_sz=2
keys 11 MAR TAR POZ 21 vconn=2 cartel_sz=1
keys 3 MAR AMS PAR,MIL 29 vconn=3 cartel_sz=2
keys 9 MAR LON PAR 23 vconn=2 cartel_sz=1
keys 3 MAR COR PAR 29 vconn=2 cartel_sz=1
keys 9 MAR POR MAD 23 vconn=2 cartel_sz=1
keys 6 MAR STO COP 26 vconn=2 cartel_sz=1
keys 4 MAR BRU GEN,PAR 28 vconn=3 cartel_sz=2
keys 3 MAR PAR GEN,BIL 29 vconn=3 cartel_sz=2
keys 7 MAR RIG POZ 25 vconn=2 cartel_sz=1
keys 5 MAR BRA MIL 27 vconn=2 cartel_sz=1
keys 7 MAR ZAG MIL 25 vconn=2 cartel_sz=1
keys 8 MAR KAU POZ 24 vconn=2 cartel_sz=1
keys 13 MAR COP GEN 19 vconn=2 cartel_sz=1
keys 4 MAR PRA GEN,BIL 28 vconn=3 cartel_sz=2
keys 3 MAR TIR MIL 29 vconn=2 cartel_sz=1
keys 3 MAR FRA PRA,GEN 29 vconn=3 cartel_sz=2
keys 12 MAR HAM GEN 20 vconn=2 cartel_sz=1
keys 5 MAR BEL MIL 27 vconn=2 cartel_sz=1
keys 5 MAR BUD MIL 27 vconn=2 cartel_sz=1
keys 3 MAR LJU MIL 29 vconn=2 cartel_sz=1
keys 8 MAR LUX FRA 24 vconn=2 cartel_sz=1
keys 1 MAR AMS PAR,FRA 31 vconn=3 cartel_sz=2
keys 3 MAR SKO MIL 29 vconn=2 cartel_sz=1
keys 4 MAR COR PAR 28 vconn=2 cartel_sz=1
keys 1 MAR BRU PAR,FRA 31 vconn=3 cartel_sz=2
keys 10 MAR BER AMS 22 vconn=2 cartel_sz=1
keys 7 MAR SOF MIL 25 vconn=2 cartel_sz=1
keys 2 MAR BUC MIL 30 vconn=2 cartel_sz=1
keys 8 MAR HEL COP 24 vconn=2 cartel_sz=1
keys 3 MAR TIR MIL 29 vconn=2 cartel_sz=1
keys 9 MAR DUB PAR 23 vconn=2 cartel_sz=1
keys 3 MAR PAR GEN,BIL 29 vconn=3 cartel_sz=2
keys 9 MAR VIE MIL 23 vconn=2 cartel_sz=1
keys 1 MAR PRA MIL,FRA 31 vconn=3 cartel_sz=2
keys 3 MAR AMS GEN,BIL 29 vconn=3 cartel_sz=2
keys 0 MAR BRU GEN,BIL 32 vconn=3 cartel_sz=2
keys 7 MAR LIS MAD 25 vconn=2 cartel_sz=1
keys 5 MAR FRA PRA,GEN 27 vconn=3 cartel_sz=2
keys 1 MAR OSL COP 31 vconn=2 cartel_sz=1
keys 3 MAR COR PAR 29 vconn=2 cartel_sz=1
keys 3 MAR BRU GEN,PAR 29 vconn=3 cartel_sz=2
keys 6 MAR LON PAR 26 vconn=2 cartel_sz=1
keys 5 MAR PAR GEN,BIL 27 vconn=3 cartel_sz=2
keys 1 MAR BEL MIL 31 vconn=2 cartel_sz=1
keys 6 MAR ZAG MIL 26 vconn=2 cartel_sz=1
keys 4 MAR AMS PAR,FRA 28 vconn=3 cartel_sz=2
keys 18 MAR GEN BIL,MIL 14 vconn=3 cartel_sz=2
keys 3 MAR SKO MIL 29 vconn=2 cartel_sz=1
keys 1 MAR LJU MIL 31 vconn=2 cartel_sz=1
keys 1 MAR TIR MIL 31 vconn=2 cartel_sz=1
keys 6 MAR BUD MIL 26 vconn=2 cartel_sz=1
keys 9 MAR RIG POZ 23 vconn=2 cartel_sz=1
keys 0 MAR PRA VIE,FRA 32 vconn=3 cartel_sz=2
keys 6 MAR STO COP 26 vconn=2 cartel_sz=1
keys 3 MAR BRA MIL 29 vconn=2 cartel_sz=1
keys 4 MAR BUC MIL 28 vconn=2 cartel_sz=1
keys 6 MAR POR MAD 26 vconn=2 cartel_sz=1
keys 0 MAR BRU PAR,FRA 32 vconn=3 cartel_sz=2
keys 8 MAR POZ PRA 24 vconn=2 cartel_sz=1
keys 3 MAR COR PAR 29 vconn=2 cartel_sz=1
keys 1 MAR BEL MIL 31 vconn=2 cartel_sz=1
keys 8 MAR SOF MIL 24 vconn=2 cartel_sz=1
keys 2 MAR PRA VIE,FRA 30 vconn=3 cartel_sz=2
keys 0 MAR TIR MIL 32 vconn=2 cartel_sz=1
keys 0 MAR LJU MIL 32 vconn=2 cartel_sz=1
keys 6 MAR KAU POZ 26 vconn=2 cartel_sz=1
keys 3 MAR OSL COP 29 vconn=2 cartel_sz=1
keys 1 MAR BRU PAR,MIL 31 vconn=3 cartel_sz=2
keys 2 MAR AMS PAR,FRA 30 vconn=3 cartel_sz=2
keys 1 MAR FRA GEN,AMS 31 vconn=3 cartel_sz=2
keys 2 MAR PRA MIL,FRA 30 vconn=3 cartel_sz=2
keys 2 MAR SKO MIL 30 vconn=2 cartel_sz=1
keys 11 MAR TAR COP 21 vconn=2 cartel_sz=1
keys 3 MAR BEL MIL 29 vconn=2 cartel_sz=1
keys 3 MAR TIR MIL 29 vconn=2 cartel_sz=1
keys 27 MAR MAD GEN 5 vconn=2 cartel_sz=1
keys 0 MAR LJU MIL 32 vconn=2 cartel_sz=1
keys 1 MAR BRU PAR,FRA 31 vconn=3 cartel_sz=2
keys 7 MAR HEL COP 25 vconn=2 cartel_sz=1
keys 8 MAR LUX FRA 24 vconn=2 cartel_sz=1
keys 5 MAR COR PAR 27 vconn=2 cartel_sz=1
keys 0 MAR PAR GEN,BIL 32 vconn=3 cartel_sz=2
keys 9 MAR BRA MIL 23 vconn=2 cartel_sz=1
keys 1 MAR BUC MIL 31 vconn=2 cartel_sz=1
keys 2 MAR PRA VIE,GEN 30 vconn=3 cartel_sz=2
keys 3 MAR LIS MAD 29 vconn=2 cartel_sz=1
keys 1 MAR AMS PAR,FRA 31 vconn=3 cartel_sz=2
keys 9 MAR HAM AMS 23 vconn=2 cartel_sz=1
keys 1 MAR BRU GEN,PAR 31 vconn=3 cartel_sz=2
keys 2 MAR FRA PRA,GEN 30 vconn=3 cartel_sz=2
keys 8 MAR BIL MAD 24 vconn=2 cartel_sz=1
keys 6 MAR STO COP 26 vconn=2 cartel_sz=1
keys 6 MAR DUB PAR 26 vconn=2 cartel_sz=1
keys 2 MAR LJU MIL 30 vconn=2 cartel_sz=1
keys 5 MAR OSL COP 27 vconn=2 cartel_sz=1
keys 9 MAR BER PRA 23 vconn=2 cartel_sz=1
keys 3 MAR TIR MIL 29 vconn=2 cartel_sz=1
keys 5 MAR BUD MIL 27 vconn=2 cartel_sz=1
keys 3 MAR PAR GEN,BIL 29 vconn=3 cartel_sz=2
keys 3 MAR BRU PAR,FRA 29 vconn=3 cartel_sz=2
keys 7 MAR VIE MIL 25 vconn=2 cartel_sz=1
keys 1 MAR ZAG MIL 31 vconn=2 cartel_sz=1
keys 6 MAR AMS PRA,PAR 26 vconn=3 cartel_sz=2
keys 7 MAR BEL MIL 25 vconn=2 cartel_sz=1
keys 4 MAR LON PAR 28 vconn=2 cartel_sz=1
keys 2 MAR PRA VIE,FRA 30 vconn=3 cartel_sz=2
keys 10 MAR RIG AMS 22 vconn=2 cartel_sz=1
keys 10 MAR COP HAM 22 vconn=2 cartel_sz=1
keys 4 MAR SKO MIL 28 vconn=2 cartel_sz=1
keys 21 MAR MIL PRA,GEN 11 vconn=3 cartel_sz=2
keys 1 MAR LJU MIL 31 vconn=2 cartel_sz=1
keys 11 MAR POZ PRA 21 vconn=2 cartel_sz=1
keys 2 MAR BRU GEN,PAR 30 vconn=3 cartel_sz=2
keys 5 MAR FRA PRA,GEN 27 vconn=3 cartel_sz=2
keys 9 MAR POR BIL 23 vconn=2 cartel_sz=1
keys 7 MAR KAU POZ 25 vconn=2 cartel_sz=1
keys 3 MAR BUC MIL 29 vconn=2 cartel_sz=1
keys 0 MAR PAR GEN,BIL 32 vconn=3 cartel_sz=2
keys 3 MAR PRA VIE,FRA 29 vconn=3 cartel_sz=2
keys 3 MAR LJU MIL 29 vconn=2 cartel_sz=1
keys 7 MAR ZAG MIL 25 vconn=2 cartel_sz=1
keys 7 MAR LIS MAD 25 vconn=2 cartel_sz=1
keys 0 MAR BRU PAR,FRA 32 vconn=3 cartel_sz=2
keys 3 MAR TIR MIL 29 vconn=2 cartel_sz=1
keys 8 MAR OSL COP 24 vconn=2 cartel_sz=1
keys 2 MAR COR PAR 30 vconn=2 cartel_sz=1
keys 8 MAR HEL COP 24 vconn=2 cartel_sz=1
keys 0 MAR PAR GEN,BIL 32 vconn=3 cartel_sz=2
keys 3 MAR BUC MIL 29 vconn=2 cartel_sz=1
keys 32 MAR ATH - 0 vconn=1 cartel_sz=0
keys 5 MAR SKO MIL 27 vconn=2 cartel_sz=1
keys 6 MAR STO HEL 26 vconn=2 cartel_sz=1
keys 1 MAR LJU MIL 31 vconn=2 cartel_sz=1
keys 4 MAR PRA MIL,FRA 28 vconn=3 cartel_sz=2
keys 1 MAR BRU PAR,FRA 31 vconn=3 cartel_sz=2
keys 4 MAR AMS PRA,GEN 28 vconn=3 cartel_sz=2
keys 5 MAR SOF MIL 27 vconn=2 cartel_sz=1
keys 8 MAR LON PAR 24 vconn=2 cartel_sz=1
keys 1 MAR PAR GEN,BIL 31 vconn=3 cartel_sz=2
keys 9 MAR KAU POZ 23 vconn=2 cartel_sz=1
keys 3 MAR BUD MIL 29 vconn=2 cartel_sz=1
keys 10 MAR LUX GEN 22 vconn=2 cartel_sz=1
keys 32 MAR THE - 0 vconn=1 cartel_sz=0
keys 4 MAR DUB PAR 28 vconn=2 cartel_sz=1
keys 3 MAR FRA PRA,GEN 29 vconn=3 cartel_sz=2
keys 4 MAR BEL MIL 28 vconn=2 cartel_sz=1
keys 11 MAR TAR GEN 21 vconn=2 cartel_sz=1
keys 32 MAR IST - 0 vconn=1 cartel_sz=0
keys 1 MAR TIR MIL 31 vconn=2 cartel_sz=1
keys 2 MAR BRU PAR,FRA 30 vconn=3 cartel_sz=2
keys 12 MAR BER AMS 20 vconn=2 cartel_sz=1
keys 15 MAR HAM PRA 17 vconn=2 cartel_sz=1
keys 2 MAR PAR GEN,BIL 30 vconn=3 cartel_sz=2
keys 7 MAR BRA MIL 25 vconn=2 cartel_sz=1
keys 1 MAR LJU MIL 31 vconn=2 cartel_sz=1
keys 2 MAR COR PAR 30 vconn=2 cartel_sz=1
keys 6 MAR VIE MIL 26 vconn=2 cartel_sz=1
keys 15 MAR BIL MAD 17 vconn=2 cartel_sz=1
keys 3 MAR PRA VIE,FRA 29 vconn=3 cartel_sz=2
keys 1 MAR BRU PAR,FRA 31 vconn=3 cartel_sz=2
keys 2 MAR ZAG MIL 30 vconn=2 cartel_sz=1
keys 2 MAR PAR GEN,BIL 30 vconn=3 cartel_sz=2
keys 4 MAR BUC MIL 28 vconn=2 cartel_sz=1
keys 3 MAR AMS GEN,BIL 29 vconn=3 cartel_sz=2
keys 5 MAR FRA PRA,GEN 27 vconn=3 cartel_sz=2
keys 0 MAR LJU MIL 32 vconn=2 cartel_sz=1
keys 0 MAR BRU PAR,FRA 32 vconn=3 cartel_sz=2
keys 2 MAR SOF MIL 30 vconn=2 cartel_sz=1
keys 2 MAR TIR MIL 30 vconn=2 cartel_sz=1
keys 5 MAR OSL COP 27 vconn=2 cartel_sz=1
keys 6 MAR LIS MAD 26 vconn=2 cartel_sz=1
keys 9 MAR COP HAM 23 vconn=2 cartel_sz=1
keys 4 MAR SKO MIL 28 vconn=2 cartel_sz=1
keys 21 MAR GEN BIL,MIL 11 vconn=3 cartel_sz=2
keys 10 MAR HEL POZ 22 vconn=2 cartel_sz=1
keys 8 MAR DUB PAR 24 vconn=2 cartel_sz=1
keys 8 MAR RIG HAM 24 vconn=2 cartel_sz=1
keys 4 MAR PRA VIE,GEN 28 vconn=3 cartel_sz=2
keys 3 MAR BEL MIL 29 vconn=2 cartel_sz=1
keys 3 MAR PAR GEN,BIL 29 vconn=3 cartel_sz=2
keys 3 MAR LJU MIL 29 vconn=2 cartel_sz=1
keys 32 MAR NIC - 0 vconn=1 cartel_sz=0
keys 10 MAR POZ PRA 22 vconn=2 cartel_sz=1
keys 8 MAR POR MAD 24 vconn=2 cartel_sz=1
keys 2 MAR BRU PAR,FRA 30 vconn=3 cartel_sz=2
keys 8 MAR STO COP 24 vconn=2 cartel_sz=1
keys 7 MAR BUD MIL 25 vconn=2 cartel_sz=1
keys 5 MAR COR PAR 27 vconn=2 cartel_sz=1
keys 32 MAR SIN - 0 vconn=1 cartel_sz=0
keys 4 MAR LON PAR 28 vconn=2 cartel_sz=1
keys 0 MAR TIR MIL 32 vconn=2 cartel_sz=1
keys 32 MAR KIE - 0 vconn=1 cartel_sz=0
keys 2 MAR AMS PRA,PAR 30 vconn=3 cartel_sz=2
keys 5 MAR FRA GEN,BIL 27 vconn=3 cartel_sz=2
keys 1 MAR PAR GEN,BIL 31 vconn=3 cartel_sz=2
keys 2 MAR BRU PAR,FRA 30 vconn=3 cartel_sz=2
keys 1 MAR LJU MIL 31 vconn=2 cartel_sz=1
keys 4 MAR SOF MIL 28 vconn=2 cartel_sz=1
keys 32 MAR POD - 0 vconn=1 cartel_sz=0
keys 4 MAR BUC MIL 28 vconn=2 cartel_sz=1
keys 2 MAR ZAG MIL 30 vconn=2 cartel_sz=1
keys 3 MAR PRA PAR,MIL 29 vconn=3 cartel_sz=2
keys 1 MAR TIR MIL 31 vconn=2 cartel_sz=1
keys 5 MAR BRA MIL 27 vconn=2 cartel_sz=1
keys 3 MAR PAR GEN,BIL 29 vconn=3 cartel_sz=2
keys 11 MAR VIE MIL 21 vconn=2 cartel_sz=1
keys 0 MAR BRU PAR,FRA 32 vconn=3 cartel_sz=2
keys 5 MAR OSL COP 27 vconn=2 cartel_sz=1
keys 5 MAR BEL MIL 27 vconn=2 cartel_sz=1
keys 5 MAR AMS PRA,PAR 27 vconn=3 cartel_sz=2
keys 1 MAR LJU MIL 31 vconn=2 cartel_sz=1
keys 2 MAR LIS MAD 30 vconn=2 cartel_sz=1
keys 10 MAR KAU GEN 22 vconn=2 cartel_sz=1
keys 3 MAR SKO MIL 29 vconn=2 cartel_sz=1
keys 6 MAR TIR MIL 26 vconn=2 cartel_sz=1
keys 4 MAR COR PAR 28 vconn=2 cartel_sz=1
keys 1 MAR BRU PAR,FRA 31 vconn=3 cartel_sz=2
keys 2 MAR PAR GEN,BIL 30 vconn=3 cartel_sz=2
keys 9 MAR LUX FRA 23 vconn=2 cartel_sz=1
keys 0 MAR LJU MIL 32 vconn=2 cartel_sz=1
keys 4 MAR PRA MIL,FRA 28 vconn=3 cartel_sz=2
keys 7 MAR RIG POZ 25 vconn=2 cartel_sz=1
keys 7 MAR DUB PAR 25 vconn=2 cartel_sz=1
keys 10 MAR BER GEN 22 vconn=2 cartel_sz=1
keys 7 MAR TAR HAM 25 vconn=2 cartel_sz=1
keys 5 MAR ZAG MIL 27 vconn=2 cartel_sz=1
keys 5 MAR SOF MIL 27 vconn=2 cartel_sz=1
keys 2 MAR BUD MIL 30 vconn=2 cartel_sz=1
keys 6 MAR LON PAR 26 vconn=2 cartel_sz=1
keys 9 MAR COP HAM 23 vconn=2 cartel_sz=1
keys 2 MAR FRA PRA,GEN 30 vconn=3 cartel_sz=2
keys 3 MAR BRU PAR,FRA 29 vconn=3 cartel_sz=2
keys 6 MAR STO COP 26 vconn=2 cartel_sz=1
keys 9 MAR POR MAD 23 vconn=2 cartel_sz=1
keys 3 MAR BUC MIL 29 vconn=2 cartel_sz=1
keys 3 MAR PAR GEN,BIL 29 vconn=3 cartel_sz=2
keys 1 MAR LJU MIL 31 vconn=2 cartel_sz=1
keys 2 MAR COR PAR 30 vconn=2 cartel_sz=1
keys 5 MAR TIR MIL 27 vconn=2 cartel_sz=1
keys 12 MAR HEL HAM 20 vconn=2 cartel_sz=1
keys 3 MAR SKO MIL 29 vconn=2 cartel_sz=1
keys 0 MAR BRU PAR,FRA 32 vconn=3 cartel_sz=2
keys 1 MAR AMS PAR,FRA 31 vconn=3 cartel_sz=2
keys 12 MAR HAM GEN 20 vconn=2 cartel_sz=1
keys 13 MAR POZ PRA 19 vconn=2 cartel_sz=1
keys 4 MAR PRA VIE,GEN 28 vconn=3 cartel_sz=2
keys 13 MAR BIL MAD 19 vconn=2 cartel_sz=1
keys 3 MAR LIS MAD 29 vconn=2 cartel_sz=1
keys 10 MAR BRA MIL 22 vconn=2 cartel_sz=1
keys 1 MAR LJU MIL 31 vconn=2 cartel_sz=1
keys 3 MAR ZAG MIL 29 vconn=2 cartel_sz=1
keys 1 MAR SOF MIL 31 vconn=2 cartel_sz=1
keys 2 MAR BEL MIL 30 vconn=2 cartel_sz=1
keys 3 MAR PAR GEN,BIL 29 vconn=3 cartel_sz=2
keys 28 MAR MAD GEN 4 vconn=2 cartel_sz=1
keys 2 MAR BRU PAR,MIL 30 vconn=3 cartel_sz=2
keys 2 MAR FRA PRA,GEN 30 vconn=3 cartel_sz=2
keys 4 MAR BUD MIL 28 vconn=2 cartel_sz=1
keys 7 MAR OSL COP 25 vconn=2 cartel_sz=1
keys 12 MAR MIL PRA,GEN 20 vconn=3 cartel_sz=2
keys 4 MAR SKO MIL 28 vconn=2 cartel_sz=1
keys 3 MAR AMS PAR,FRA 29 vconn=3 cartel_sz=2
keys 1 MAR LJU MIL 31 vconn=2 cartel_sz=1
keys 3 MAR BUC MIL 29 vconn=2 cartel_sz=1
keys 11 MAR LON GEN 21 vconn=2 cartel_sz=1
keys 6 MAR COR PAR 26 vconn=2 cartel_sz=1
keys 4 MAR STO COP 28 vconn=2 cartel_sz=1
keys 0 MAR BRU PAR,FRA 32 vconn=3 cartel_sz=2
keys 6 MAR VIE MIL 26 vconn=2 cartel_sz=1
keys 0 MAR TIR MIL 32 vconn=2 cartel_sz=1
keys 1 MAR FRA PRA,GEN 31 vconn=3 cartel_sz=2
keys 1 MAR PAR GEN,BIL 31 vconn=3 cartel_sz=2
keys 11 MAR COP HAM 21 vconn=2 cartel_sz=1
keys 2 MAR KAU POZ 30 vconn=2 cartel_sz=1
keys 9 MAR LUX GEN 23 vconn=2 cartel_sz=1
keys 4 MAR LIS MAD 28 vconn=2 cartel_sz=1
keys 3 MAR LJU MIL 29 vconn=2 cartel_sz=1
keys 5 MAR DUB PAR 27 vconn=2 cartel_sz=1
keys 2 MAR AMS PAR,FRA 30 vconn=3 cartel_sz=2
keys 1 MAR BRU PAR,LUX 31 vconn=3 cartel_sz=2
keys 3 MAR SOF MIL 29 vconn=2 cartel_sz=1
keys 5 MAR ZAG MIL 27 vconn=2 cartel_sz=1
keys 3 MAR BEL MIL 29 vconn=2 cartel_sz=1
keys 2 MAR PAR GEN,BIL 30 vconn=3 cartel_sz=2
keys 11 MAR TAR POZ 21 vconn=2 cartel_sz=1
keys 8 MAR RIG POZ 24 vconn=2 cartel_sz=1
keys 2 MAR SKO MIL 30 vconn=2 cartel_sz=1
keys 1 MAR PRA VIE,FRA 31 vconn=3 cartel_sz=2
keys 1 MAR BRU PAR,FRA 31 vconn=3 cartel_sz=2
keys 3 MAR TIR MIL 29 vconn=2 cartel_sz=1
keys 2 MAR FRA PRA,GEN 30 vconn=3 cartel_sz=2
keys 1 MAR BUC MIL 31 vconn=2 cartel_sz=1
keys 2 MAR LJU MIL 30 vconn=2 cartel_sz=1
keys 2 MAR BUD MIL 30 vconn=2 cartel_sz=1
keys 12 MAR BER PRA 20 vconn=2 cartel_sz=1
keys 2 MAR OSL COP 30 vconn=2 cartel_sz=1
keys 5 MAR SOF MIL 27 vconn=2 cartel_sz=1
keys 5 MAR COR PAR 27 vconn=2 cartel_sz=1
keys 3 MAR PAR GEN,BIL 29 vconn=3 cartel_sz=2
keys 2 MAR LIS MAD 30 vconn=2 cartel_sz=1
keys 2 MAR AMS PAR,MIL 30 vconn=3 cartel_sz=2
keys 0 MAR BRU PAR,FRA 32 vconn=3 cartel_sz=2
keys 1 MAR LJU MIL 31 vconn=2 cartel_sz=1
keys 7 MAR STO COP 25 vconn=2 cartel_sz=1
keys 4 MAR PRA VIE,FRA 28 vconn=3 cartel_sz=2
keys 4 MAR BRA MIL 28 vconn=2 cartel_sz=1
keys 7 MAR KAU POZ 25 vconn=2 cartel_sz=1
keys 0 MAR BRU GEN,PAR 32 vconn=3 cartel_sz=2
keys 5 MAR ZAG MIL 27 vconn=2 cartel_sz=1
keys 4 MAR SKO MIL 28 vconn=2 cartel_sz=1
keys 9 MAR HEL COP 23 vconn=2 cartel_sz=1
keys 0 MAR TIR MIL 32 vconn=2 cartel_sz=1
keys 2 MAR FRA GEN,BIL 30 vconn=3 cartel_sz=2
keys 5 MAR BEL MIL 27 vconn=2 cartel_sz=1
keys 5 MAR BUC MIL 27 vconn=2 cartel_sz=1
keys 6 MAR POR BIL 26 vconn=2 cartel_sz=1
keys 5 MAR DUB PAR 27 vconn=2 cartel_sz=1
keys 10 MAR POZ PRA 22 vconn=2 cartel_sz=1
keys 15 MAR HAM PRA 17 vconn=2 cartel_sz=1
keys 2 MAR BRU PAR,FRA 30 vconn=3 cartel_sz=2
keys 2 MAR PAR GEN,BIL 30 vconn=3 cartel_sz=2
keys 2 MAR LJU MIL 30 vconn=2 cartel_sz=1
keys 5 MAR BUD MIL 27 vconn=2 cartel_sz=1
keys 2 MAR AMS PAR,FRA 30 vconn=3 cartel_sz=2
keys 15 MAR MIL PRA,GEN 17 vconn=3 cartel_sz=2
keys 5 MAR LIS MAD 27 vconn=2 cartel_sz=1
keys 8 MAR COP PRA 24 vconn=2 cartel_sz=1
keys 21 MAR GEN BIL,MIL 11 vconn=3 cartel_sz=2
keys 9 MAR LON PAR 23 vconn=2 cartel_sz=1
keys 7 MAR VIE MIL 25 vconn=2 cartel_sz=1
keys 1 MAR BRU PAR,FRA 31 vconn=3 cartel_sz=2
keys 32 MAR THE - 0 vconn=1 cartel_sz=0
keys 2 MAR FRA PRA,GEN 30 vconn=3 cartel_sz=2
keys 1 MAR TIR MIL 31 vconn=2 cartel_sz=1
keys 6 MAR RIG POZ 26 vconn=2 cartel_sz=1
keys 5 MAR LJU MIL 27 vconn=2 cartel_sz=1
keys 5 MAR PRA VIE,GEN 27 vconn=3 cartel_sz=2
keys 3 MAR BUC MIL 29 vconn=2 cartel_sz=1
keys 3 MAR OSL COP 29 vconn=2 cartel_sz=1
keys 2 MAR AMS PAR,FRA 30 vconn=3 cartel_sz=2
keys 6 MAR PAR GEN,BIL 26 vconn=3 cartel_sz=2
keys 2 MAR BRU GEN,PAR 30 vconn=3 cartel_sz=2
keys 3 MAR SOF MIL 29 vconn=2 cartel_sz=1
keys 16 MAR BIL GEN 16 vconn=2 cartel_sz=1
keys 1 MAR ZAG MIL 31 vconn=2 cartel_sz=1
keys 4 MAR BEL MIL 28 vconn=2 cartel_sz=1
keys 2 MAR COR PAR 30 vconn=2 cartel_sz=1
keys 6 MAR LUX GEN 26 vconn=2 cartel_sz=1
keys 12 MAR TAR HEL 20 vconn=2 cartel_sz=1
keys 2 MAR SKO MIL 30 vconn=2 cartel_sz=1
keys 32 MAR ATH - 0 vconn=1 cartel_sz=0
keys 6 MAR BUD MIL 26 vconn=2 cartel_sz=1
keys 2 MAR TIR MIL 30 vconn=2 cartel_sz=1
keys 3 MAR LIS MAD 29 vconn=2 cartel_sz=1
keys 4 MAR STO COP 28 vconn=2 cartel_sz=1
keys 0 MAR BRU PAR,FRA 32 vconn=3 cartel_sz=2
keys 2 MAR AMS GEN,BIL 30 vconn=3 cartel_sz=2
keys 6 MAR FRA PRA,GEN 26 vconn=3 cartel_sz=2
keys 1 MAR LJU MIL 31 vconn=2 cartel_sz=1
keys 9 MAR BRA MIL 23 vconn=2 cartel_sz=1
keys 2 MAR BRU PAR,MIL 30 vconn=3 cartel_sz=2
keys 2 MAR BEL MIL 30 vconn=2 cartel_sz=1
keys 13 MAR BER GEN 19 vconn=2 cartel_sz=1
keys 3 MAR PAR GEN,BIL 29 vconn=3 cartel_sz=2
keys 8 MAR KAU POZ 24 vconn=2 cartel_sz=1
keys 4 MAR BUC MIL 28 vconn=2 cartel_sz=1
keys 0 MAR ZAG MIL 32 vconn=2 cartel_sz=1
keys 2 MAR SOF MIL 30 vconn=2 cartel_sz=1
keys 5 MAR OSL COP 27 vconn=2 cartel_sz=1
keys 32 MAR IST - 0 vconn=1 cartel_sz=0
keys 3 MAR TIR MIL 29 vconn=2 cartel_sz=1
keys 1 MAR AMS PAR,FRA 31 vconn=3 cartel_sz=2
keys 3 MAR COR PAR 29 vconn=2 cartel_sz=1
keys 0 MAR PRA VIE,FRA 32 vconn=3 cartel_sz=2
keys 9 MAR POR MAD 23 vconn=2 cartel_sz=1
keys 1 MAR BRU PAR,FRA 31 vconn=3 cartel_sz=2
keys 6 MAR DUB PAR 26 vconn=2 cartel_sz=1
keys 0 MAR LJU MIL 32 vconn=2 cartel_sz=1
keys 4 MAR FRA GEN,BIL 28 vconn=3 cartel_sz=2
keys 5 MAR SKO MIL 27 vconn=2 cartel_sz=1
keys 1 MAR BRU PAR,FRA 31 vconn=3 cartel_sz=2
keys 13 MAR POZ PRA 19 vconn=2 cartel_sz=1
keys 12 MAR VIE MIL 20 vconn=2 cartel_sz=1
keys 3 MAR SOF MIL 29 vconn=2 cartel_sz=1
keys 8 MAR RIG POZ 24 vconn=2 cartel_sz=1
keys 1 MAR LIS MAD 31 vconn=2 cartel_sz=1
keys 4 MAR AMS PRA,GEN 28 vconn=3 cartel_sz=2
keys 2 MAR TIR MIL 30 vconn=2 cartel_sz=1
keys 2 MAR ZAG MIL 30 vconn=2 cartel_sz=1
keys 7 MAR COP HAM 25 vconn=2 cartel_sz=1
keys 1 MAR PAR GEN,BIL 31 vconn=3 cartel_sz=2
keys 1 MAR LJU MIL 31 vconn=2 cartel_sz=1
keys 2 MAR PRA MIL,FRA 30 vconn=3 cartel_sz=2
keys 13 MAR HEL HAM 19 vconn=2 cartel_sz=1
keys 1 MAR BRU PAR,FRA 31 vconn=3 cartel_sz=2
keys 7 MAR STO COP 25 vconn=2 cartel_sz=1
keys 9 MAR BUD MIL 23 vconn=2 cartel_sz=1
keys 3 MAR OSL COP 29 vconn=2 cartel_sz=1
keys 4 MAR BEL MIL 28 vconn=2 cartel_sz=1
keys 6 MAR BUC MIL 26 vconn=2 cartel_sz=1
keys 13 MAR LON GEN 19 vconn=2 cartel_sz=1
keys 0 MAR BRU PAR,FRA 32 vconn=3 cartel_sz=2
keys 8 MAR LUX GEN 24 vconn=2 cartel_sz=1
keys 9 MAR LIS MAD 23 vconn=2 cartel_sz=1
keys 32 MAR NIC - 0 vconn=1 cartel_sz=0
keys 0 MAR ZAG MIL 32 vconn=2 cartel_sz=1
keys 5 MAR SOF MIL 27 vconn=2 cartel_sz=1
keys 3 MAR PRA PAR,MIL 29 vconn=3 cartel_sz=2
keys 4 MAR FRA GEN,BIL 28 vconn=3 cartel_sz=2
keys 0 MAR LJU MIL 32 vconn=2 cartel_sz=1
keys 9 MAR KAU POZ 23 vconn=2 cartel_sz=1
keys 1 MAR TIR MIL 31 vconn=2 cartel_sz=1
keys 32 MAR KIE - 0 vconn=1 cartel_sz=0
keys 2 MAR BRU PAR,FRA 30 vconn=3 cartel_sz=2
keys 3 MAR COR PAR 29 vconn=2 cartel_sz=1
keys 5 MAR SKO MIL 27 vconn=2 cartel_sz=1
keys 8 MAR DUB PAR 24 vconn=2 cartel_sz=1
keys 3 MAR AMS PAR,FRA 29 vconn=3 cartel_sz=2
keys 19 MAR MIL PRA,GEN 13 vconn=3 cartel_sz=2
keys 1 MAR PAR GEN,BIL 31 vconn=3 cartel_sz=2
keys 4 MAR BRA MIL 28 vconn=2 cartel_sz=1
keys 2 MAR LJU MIL 30 vconn=2 cartel_sz=1
keys 1 MAR BRU PAR,FRA 31 vconn=3 cartel_sz=2
keys 4 MAR OSL COP 28 vconn=2 cartel_sz=1
keys 11 MAR HAM AMS 21 vconn=2 cartel_sz=1
keys 2 MAR BEL MIL 30 vconn=2 cartel_sz=1
keys 3 MAR ZAG MIL 29 vconn=2 cartel_sz=1
keys 8 MAR TAR PRA 24 vconn=2 cartel_sz=1
keys 9 MAR RIG POZ 23 vconn=2 cartel_sz=1
keys 2 MAR SOF MIL 30 vconn=2 cartel_sz=1
keys 0 MAR TIR MIL 32 vconn=2 cartel_sz=1
keys 6 MAR BUC MIL 26 vconn=2 cartel_sz=1
keys 0 MAR BRU PAR,FRA 32 vconn=3 cartel_sz=2
keys 4 MAR AMS PAR,MIL 28 vconn=3 cartel_sz=2
keys 2 MAR PRA VIE,GEN 30 vconn=3 cartel_sz=2
keys 0 MAR LJU MIL 32 vconn=2 cartel_sz=1
keys 2 MAR COR PAR 30 vconn=2 cartel_sz=1
keys 0 MAR FRA GEN,BIL 32 vconn=3 cartel_sz=2
keys 7 MAR STO HEL 25 vconn=2 cartel_sz=1
keys 32 MAR SIN - 0 vconn=1 cartel_sz=0
keys 4 MAR PAR GEN,BIL 28 vconn=3 cartel_sz=2
keys 6 MAR POR MAD 26 vconn=2 cartel_sz=1
keys 3 MAR BUD MIL 29 vconn=2 cartel_sz=1
keys 22 MAR GEN BIL,MIL 10 vconn=3 cartel_sz=2
keys 0 MAR BRU PAR,FRA 32 vconn=3 cartel_sz=2
keys 3 MAR ZAG MIL 29 vconn=2 cartel_sz=1
keys 3 MAR TIR MIL 29 vconn=2 cartel_sz=1
keys 4 MAR SKO MIL 28 vconn=2 cartel_sz=1
keys 3 MAR BEL MIL 29 vconn=2 cartel_sz=1
keys 23 MAR MAD GEN 9 vconn=2 cartel_sz=1
keys 5 MAR SOF MIL 27 vconn=2 cartel_sz=1
keys 8 MAR BER GEN 24 vconn=2 cartel_sz=1
keys 9 MAR HEL COP 23 vconn=2 cartel_sz=1
keys 3 MAR PRA VIE,GEN 29 vconn=3 cartel_sz=2
keys 2 MAR LJU MIL 30 vconn=2 cartel_sz=1
keys 2 MAR AMS PAR,FRA 30 vconn=3 cartel_sz=2
keys 0 MAR BRU PAR,FRA 32 vconn=3 cartel_sz=2
keys 5 MAR OSL COP 27 vconn=2 cartel_sz=1
keys 3 MAR PAR GEN,BIL 29 vconn=3 cartel_sz=2
keys 3 MAR COR PAR 29 vconn=2 cartel_sz=1
keys 7 MAR LIS MAD 25 vconn=2 cartel_sz=1
keys 5 MAR FRA GEN,BIL 27 vconn=3 cartel_sz=2
keys 8 MAR BIL MAD 24 vconn=2 cartel_sz=1
keys 32 MAR POD - 0 vconn=1 cartel_sz=0
keys 12 MAR COP GEN 20 vconn=2 cartel_sz=1
keys 2 MAR TIR MIL 30 vconn=2 cartel_sz=1
keys 1 MAR BRU PAR,FRA 31 vconn=3 cartel_sz=2
keys 8 MAR VIE MIL 24 vconn=2 cartel_sz=1
keys 2 MAR LJU MIL 30 vconn=2 cartel_sz=1
keys 15 MAR POZ GEN 17 vconn=2 cartel_sz=1
keys 10 MAR LUX FRA 22 vconn=2 cartel_sz=1
keys 4 MAR KAU POZ 28 vconn=2 cartel_sz=1
keys 5 MAR BRA MIL 27 vconn=2 cartel_sz=1
keys 3 MAR BRU PAR,MIL 29 vconn=3 cartel_sz=2
keys 2 MAR ZAG MIL 30 vconn=2 cartel_sz=1
keys 1 MAR SOF MIL 31 vconn=2 cartel_sz=1
keys 4 MAR BUC MIL 28 vconn=2 cartel_sz=1
keys 2 MAR PRA VIE,FRA 30 vconn=3 cartel_sz=2
keys 5 MAR STO COP 27 vconn=2 cartel_sz=1
keys 4 MAR SKO MIL 28 vconn=2 cartel_sz=1
keys 2 MAR PAR GEN,BIL 30 vconn=3 cartel_sz=2
keys 12 MAR TAR COP 20 vconn=2 cartel_sz=1
keys 6 MAR DUB PAR 26 vconn=2 cartel_sz=1
keys 1 MAR LJU MIL 31 vconn=2 cartel_sz=1
keys 1 MAR BRU PAR,FRA 31 vconn=3 cartel_sz=2
keys 5 MAR BUD MIL 27 vconn=2 cartel_sz=1
keys 8 MAR POR MAD 24 vconn=2 cartel_sz=1
keys 3 MAR FRA PRA,GEN 29 vconn=3 cartel_sz=2
keys 2 MAR TIR MIL 30 vconn=2 cartel_sz=1
keys 8 MAR LIS MAD 24 vconn=2 cartel_sz=1
keys 4 MAR OSL COP 28 vconn=2 cartel_sz=1
keys 3 MAR BEL MIL 29 vconn=2 cartel_sz=1
keys 2 MAR COR PAR 30 vconn=2 cartel_sz=1
keys 7 MAR RIG POZ 25 vconn=2 cartel_sz=1
keys 2 MAR AMS PAR,FRA 30 vconn=3 cartel_sz=2
keys 4 MAR SOF MIL 28 vconn=2 cartel_sz=1
keys 3 MAR ZAG MIL 29 vconn=2 cartel_sz=1
keys 2 MAR PAR GEN,BIL 30 vconn=3 cartel_sz=2
keys 2 MAR LJU MIL 30 vconn=2 cartel_sz=1
keys 0 MAR BRU GEN,BIL 32 vconn=3 cartel_sz=2
keys 11 MAR LON PAR 21 vconn=2 cartel_sz=1
keys 1 MAR TIR MIL 31 vconn=2 cartel_sz=1
keys 5 MAR KAU POZ 27 vconn=2 cartel_sz=1
keys 5 MAR PRA VIE,GEN 27 vconn=3 cartel_sz=2
keys 19 MAR MIL PRA,GEN 13 vconn=3 cartel_sz=2
keys 2 MAR SKO SOF 30 vconn=2 cartel_sz=1
keys 2 MAR BRU PAR,FRA 30 vconn=3 cartel_sz=2
keys 3 MAR ZAG MIL 29 vconn=2 cartel_sz=1
keys 3 MAR LJU MIL 29 vconn=2 cartel_sz=1
keys 0 MAR AMS PAR,FRA 32 vconn=3 cartel_sz=2
keys 0 MAR PAR GEN,BIL 32 vconn=3 cartel_sz=2
keys 2 MAR FRA PRA,GEN 30 vconn=3 cartel_sz=2
keys 3 MAR SOF MIL 29 vconn=2 cartel_sz=1
keys 14 MAR BER PRA 18 vconn=2 cartel_sz=1
keys 9 MAR HAM AMS 23 vconn=2 cartel_sz=1
keys 1 MAR TIR MIL 31 vconn=2 cartel_sz=1
keys 9 MAR LIS MAD 23 vconn=2 cartel_sz=1
keys 10 MAR COP HAM 22 vconn=2 cartel_sz=1
keys 6 MAR BEL MIL 26 vconn=2 cartel_sz=1
keys 12 MAR BIL MAD 20 vconn=2 cartel_sz=1
keys 6 MAR POR MAD 26 vconn=2 cartel_sz=1
keys 0 MAR BRU PAR,FRA 32 vconn=3 cartel_sz=2
keys 4 MAR BUC MIL 28 vconn=2 cartel_sz=1
keys 2 MAR COR PAR 30 vconn=2 cartel_sz=1
keys 4 MAR STO COP 28 vconn=2 cartel_sz=1
keys 5 MAR BUD MIL 27 vconn=2 cartel_sz=1
keys 2 MAR PRA MIL,FRA 30 vconn=3 cartel_sz=2
keys 6 MAR BRA MIL 26 vconn=2 cartel_sz=1
keys 4 MAR AMS GEN,BIL 28 vconn=3 cartel_sz=2
keys 6 MAR VIE MIL 26 vconn=2 cartel_sz=1
keys 8 MAR HEL COP 24 vconn=2 cartel_sz=1
keys 4 MAR OSL COP 28 vconn=2 cartel_sz=1
keys 2 MAR BRU PAR,FRA 30 vconn=3 cartel_sz=2
keys 1 MAR LJU MIL 31 vconn=2 cartel_sz=1
keys 3 MAR ZAG MIL 29 vconn=2 cartel_sz=1
keys 1 MAR TIR MIL 31 vconn=2 cartel_sz=1
keys 1 MAR PAR GEN,BIL 31 vconn=3 cartel_sz=2
keys 2 MAR SKO MIL 30 vconn=2 cartel_sz=1
keys 2 MAR FRA PRA,GEN 30 vconn=3 cartel_sz=2
keys 5 MAR SOF MIL 27 vconn=2 cartel_sz=1
keys 7 MAR DUB PAR 25 vconn=2 cartel_sz=1
keys 3 MAR BRU PRA,PAR 29 vconn=3 cartel_sz=2
keys 7 MAR PRA PAR,MIL 25 vconn=3 cartel_sz=2
keys 2 MAR AMS GEN,BIL 30 vconn=3 cartel_sz=2
keys 5 MAR KAU POZ 27 vconn=2 cartel_sz=1
keys 2 MAR TIR MIL 30 vconn=2 cartel_sz=1
keys 2 MAR BEL MIL 30 vconn=2 cartel_sz=1
keys 5 MAR PAR GEN,BIL 27 vconn=3 cartel_sz=2
keys 6 MAR RIG POZ 26 vconn=2 cartel_sz=1
keys 3 MAR COR PAR 29 vconn=2 cartel_sz=1
keys 1 MAR LJU MIL 31 vconn=2 cartel_sz=1
keys 9 MAR LUX FRA 23 vconn=2 cartel_sz=1
keys 2 MAR ZAG MIL 30 vconn=2 cartel_sz=1
keys 8 MAR POR MAD 24 vconn=2 cartel_sz=1
keys 2 MAR OSL COP 30 vconn=2 cartel_sz=1
keys 0 MAR BRU PAR,FRA 32 vconn=3 cartel_sz=2
keys 0 MAR TIR MIL 32 vconn=2 cartel_sz=1
keys 4 MAR BUC MIL 28 vconn=2 cartel_sz=1
keys 9 MAR VIE MIL 23 vconn=2 cartel_sz=1
keys 4 MAR BUD MIL 28 vconn=2 cartel_sz=1
keys 2 MAR AMS PAR,MIL 30 vconn=3 cartel_sz=2
keys 2 MAR FRA GEN,AMS 30 vconn=3 cartel_sz=2
keys 7 MAR LIS MAD 25 vconn=2 cartel_sz=1
keys 1 MAR SOF MIL 31 vconn=2 cartel_sz=1
keys 10 MAR TAR GEN 22 vconn=2 cartel_sz=1
keys 1 MAR BRU PAR,FRA 31 vconn=3 cartel_sz=2
keys 1 MAR TIR MIL 31 vconn=2 cartel_sz=1
keys 3 MAR STO COP 29 vconn=2 cartel_sz=1
keys 3 MAR PRA VIE,GEN 29 vconn=3 cartel_sz=2
keys 12 MAR HAM AMS 20 vconn=2 cartel_sz=1
keys 3 MAR PAR GEN,BIL 29 vconn=3 cartel_sz=2
keys 1 MAR SKO MIL 31 vconn=2 cartel_sz=1
keys 0 MAR LJU MIL 32 vconn=2 cartel_sz=1
keys 3 MAR FRA PRA,GEN 29 vconn=3 cartel_sz=2
keys 5 MAR ZAG MIL 27 vconn=2 cartel_sz=1
keys 11 MAR LON GEN 21 vconn=2 cartel_sz=1
keys 5 MAR BIL MAD 27 vconn=2 cartel_sz=1
keys 6 MAR COR PAR 26 vconn=2 cartel_sz=1
keys 0 MAR BRU PAR,FRA 32 vconn=3 cartel_sz=2
keys 2 MAR TIR MIL 30 vconn=2 cartel_sz=1
keys 2 MAR BEL MIL 30 vconn=2 cartel_sz=1
keys 7 MAR OSL COP 25 vconn=2 cartel_sz=1
keys 3 MAR AMS PAR,FRA 29 vconn=3 cartel_sz=2
keys 8 MAR BRA VIE 24 vconn=2 cartel_sz=1
keys 2 MAR PAR GEN,BIL 30 vconn=3 cartel_sz=2
keys 3 MAR BRU PAR,FRA 29 vconn=3 cartel_sz=2
keys 6 MAR DUB PAR 26 vconn=2 cartel_sz=1
keys 6 MAR SOF MIL 26 vconn=2 cartel_sz=1
keys 0 MAR LJU MIL 32 vconn=2 cartel_sz=1
keys 8 MAR BUD MIL 24 vconn=2 cartel_sz=1
keys 7 MAR KAU POZ 25 vconn=2 cartel_sz=1
keys 11 MAR RIG POZ 21 vconn=2 cartel_sz=1
keys 3 MAR PRA MIL,FRA 29 vconn=3 cartel_sz=2
keys 4 MAR BUC MIL 28 vconn=2 cartel_sz=1
keys 2 MAR FRA PRA,GEN 30 vconn=3 cartel_sz=2
keys 1 MAR TIR MIL 31 vconn=2 cartel_sz=1
keys 1 MAR BRU PAR,FRA 31 vconn=3 cartel_sz=2
keys 4 MAR ZAG MIL 28 vconn=2 cartel_sz=1
keys 3 MAR SKO SOF 29 vconn=2 cartel_sz=1
keys 7 MAR STO PRA 25 vconn=2 cartel_sz=1
keys 1 MAR LJU MIL 31 vconn=2 cartel_sz=1
keys 2 MAR PAR GEN,BIL 30 vconn=3 cartel_sz=2
keys 4 MAR AMS PAR,MIL 28 vconn=3 cartel_sz=2
keys 1 MAR OSL COP 31 vconn=2 cartel_sz=1
keys 3 MAR BEL MIL 29 vconn=2 cartel_sz=1
keys 3 MAR FRA PRA,GEN 29 vconn=3 cartel_sz=2
keys 3 MAR COR PAR 29 vconn=2 cartel_sz=1
keys 4 MAR PRA VIE,GEN 28 vconn=3 cartel_sz=2
keys 7 MAR POR MAD 25 vconn=2 cartel_sz=1
keys 2 MAR BRU PAR,FRA 30 vconn=3 cartel_sz=2
keys 1 MAR TIR MIL 31 vconn=2 cartel_sz=1
keys 4 MAR BRA VIE 28 vconn=2 cartel_sz=1
keys 12 MAR LUX FRA 20 vconn=2 cartel_sz=1
keys 5 MAR PAR GEN,BIL 27 vconn=3 cartel_sz=2
keys 2 MAR LJU MIL 30 vconn=2 cartel_sz=1
keys 1 MAR ZAG MIL 31 vconn=2 cartel_sz=1
keys 2 MAR AMS PAR,FRA 30 vconn=3 cartel_sz=2
keys 3 MAR SKO MIL 29 vconn=2 cartel_sz=1
keys 1 MAR TIR MIL 31 vconn=2 cartel_sz=1
keys 4 MAR OSL COP 28 vconn=2 cartel_sz=1
keys 2 MAR PRA VIE,GEN 30 vconn=3 cartel_sz=2
keys 0 MAR BRU PAR,FRA 32 vconn=3 cartel_sz=2
keys 5 MAR FRA PRA,GEN 27 vconn=3 cartel_sz=2
keys 3 MAR BUC MIL 29 vconn=2 cartel_sz=1
keys 4 MAR BUD MIL 28 vconn=2 cartel_sz=1
keys 7 MAR STO HEL 25 vconn=2 cartel_sz=1
keys 2 MAR BEL MIL 30 vconn=2 cartel_sz=1
keys 4 MAR AMS PRA,GEN 28 vconn=3 cartel_sz=2
keys 1 MAR PAR GEN,BIL 31 vconn=3 cartel_sz=2
keys 1 MAR BRU PAR,FRA 31 vconn=3 cartel_sz=2
keys 1 MAR LJU MIL 31 vconn=2 cartel_sz=1
keys 7 MAR DUB PAR 25 vconn=2 cartel_sz=1
keys 7 MAR OSL COP 25 vconn=2 cartel_sz=1
keys 4 MAR ZAG MIL 28 vconn=2 cartel_sz=1
keys 1 MAR TIR MIL 31 vconn=2 cartel_sz=1
keys 4 MAR PRA VIE,GEN 28 vconn=3 cartel_sz=2
keys 4 MAR FRA PRA,GEN 28 vconn=3 cartel_sz=2
keys 2 MAR BRU PAR,FRA 30 vconn=3 cartel_sz=2
keys 1 MAR LJU MIL 31 vconn=2 cartel_sz=1
keys 3 MAR AMS PAR,FRA 29 vconn=3 cartel_sz=2
keys 0 MAR PAR GEN,BIL 32 vconn=3 cartel_sz=2
keys 3 MAR SKO MIL 29 vconn=2 cartel_sz=1
keys 7 MAR BRA VIE 25 vconn=2 cartel_sz=1
keys 1 MAR TIR MIL 31 vconn=2 cartel_sz=1
keys 4 MAR COR PAR 28 vconn=2 cartel_sz=1
keys 2 MAR BRU PAR,FRA 30 vconn=3 cartel_sz=2
keys 5 MAR BEL MIL 27 vconn=2 cartel_sz=1
keys 4 MAR AMS PRA,GEN 28 vconn=3 cartel_sz=2
keys 6 MAR PAR GEN,BIL 26 vconn=3 cartel_sz=2
keys 3 MAR BUC MIL 29 vconn=2 cartel_sz=1
keys 4 MAR ZAG MIL 28 vconn=2 cartel_sz=1
keys 3 MAR BRU PAR,FRA 29 vconn=3 cartel_sz=2
keys 2 MAR LJU MIL 30 vconn=2 cartel_sz=1
keys 1 MAR BRU PAR,FRA 31 vconn=3 cartel_sz=2
keys 1 MAR TIR MIL 31 vconn=2 cartel_sz=1
keys 7 MAR DUB PAR 25 vconn=2 cartel_sz=1
keys 5 MAR COR PAR 27 vconn=2 cartel_sz=1
keys 2 MAR BEL MIL 30 vconn=2 cartel_sz=1
keys 0 MAR BRU PAR,FRA 32 vconn=3 cartel_sz=2
keys 8 MAR ZAG MIL 24 vconn=2 cartel_sz=1
keys 4 MAR SKO SOF 28 vconn=2 cartel_sz=1
keys 1 MAR LJU MIL 31 vconn=2 cartel_sz=1
keys 3 MAR BUC MIL 29 vconn=2 cartel_sz=1
keys 3 MAR COR PAR 29 vconn=2 cartel_sz=1
keys 1 MAR BRU PAR,FRA 31 vconn=3 cartel_sz=2
keys 0 MAR TIR MIL 32 vconn=2 cartel_sz=1
keys 5 MAR LJU MIL 27 vconn=2 cartel_sz=1
keys 1 MAR BRU PAR,FRA 31 vconn=3 cartel_sz=2
keys 2 MAR BEL MIL 30 vconn=2 cartel_sz=1
keys 4 MAR COR PAR 28 vconn=2 cartel_sz=1
keys 3 MAR LJU MIL 29 vconn=2 cartel_sz=1
keys 2 MAR TIR MIL 30 vconn=2 cartel_sz=1
keys 0 MAR BRU PAR,FRA 32 vconn=3 cartel_sz=2
keys 3 MAR BUC MIL 29 vconn=2 cartel_sz=1
keys 0 MAR BRU GEN,BIL 32 vconn=3 cartel_sz=2
keys 2 MAR SKO MIL 30 vconn=2 cartel_sz=1
keys 1 MAR LJU MIL 31 vconn=2 cartel_sz=1
keys 0 MAR TIR MIL 32 vconn=2 cartel_sz=1
keys 5 MAR COR PAR 27 vconn=2 cartel_sz=1
keys 1 MAR BRU PRA,PAR 31 vconn=3 cartel_sz=2
keys 4 MAR BEL MIL 28 vconn=2 cartel_sz=1
keys 1 MAR BRU PAR,AMS 31 vconn=3 cartel_sz=2
keys 2 MAR LJU MIL 30 vconn=2 cartel_sz=1
keys 8 MAR BUC MIL 24 vconn=2 cartel_sz=1
keys 0 MAR TIR MIL 32 vconn=2 cartel_sz=1
keys 3 MAR BRU GEN,PAR 29 vconn=3 cartel_sz=2
keys 1 MAR SKO MIL 31 vconn=2 cartel_sz=1
keys 1 MAR BRU GEN,BIL 31 vconn=3 cartel_sz=2
keys 1 MAR TIR MIL 31 vconn=2 cartel_sz=1
keys 2 MAR LJU MIL 30 vconn=2 cartel_sz=1
keys 0 MAR BRU PAR,FRA 32 vconn=3 cartel_sz=2
keys 3 MAR TIR MIL 29 vconn=2 cartel_sz=1
keys 3 MAR SKO MIL 29 vconn=2 cartel_sz=1
keys 1 MAR BRU PAR,FRA 31 vconn=3 cartel_sz=2
keys 1 MAR LJU MIL 31 vconn=2 cartel_sz=1
keys 1 MAR TIR MIL 31 vconn=2 cartel_sz=1
keys 0 MAR BRU PAR,FRA 32 vconn=3 cartel_sz=2
keys 2 MAR SKO MIL 30 vconn=2 cartel_sz=1
keys 3 MAR LJU MIL 29 vconn=2 cartel_sz=1
keys 2 MAR BRU GEN,AMS 30 vconn=3 cartel_sz=2
keys 2 MAR TIR MIL 30 vconn=2 cartel_sz=1
keys 2 MAR LJU MIL 30 vconn=2 cartel_sz=1
keys 0 MAR BRU PAR,FRA 32 vconn=3 cartel_sz=2
keys 2 MAR TIR MIL 30 vconn=2 cartel_sz=1
keys 1 MAR BRU PAR,FRA 31 vconn=3 cartel_sz=2
keys 1 MAR LJU MIL 31 vconn=2 cartel_sz=1
keys 3 MAR BRU PAR,FRA 29 vconn=3 cartel_sz=2
keys 1 MAR TIR MIL 31 vconn=2 cartel_sz=1
keys 3 MAR BRU PAR,FRA 29 vconn=3 cartel_sz=2
keys 2 MAR TIR MIL 30 vconn=2 cartel_sz=1
keys 2 MAR LJU MIL 30 vconn=2 cartel_sz=1
keys 3 MAR TIR MIL 29 vconn=2 cartel_sz=1
keys 4 MAR LJU MIL 28 vconn=2 cartel_sz=1
keys 0 MAR TIR MIL 32 vconn=2 cartel_sz=1
keys 2 MAR LJU MIL 30 vconn=2 cartel_sz=1
keys 3 MAR TIR MIL 29 vconn=2 cartel_sz=1
keys 3 MAR TIR MIL 29 vconn=2 cartel_sz=1
Halted at 10060.6 seconds
