context: -g=geant --src-nodes=MAR -w=HS --verbose=true --halt-at-keys=128 --max-consume-prob=1 --watermark-sz=128 --block-chunks=64 --ttl=200 --scout-emission-rate=100 --cartel-size-limit=3 --report-chunk-paths=false --useful-scouts-only=true
keys 28 MAR POZ PRA 36 vconn=2 cartel_sz=1
keys 64 MAR THE - 0 vconn=1 cartel_sz=0
keys 64 MAR ATH - 0 vconn=1 cartel_sz=0
keys 64 MAR IST - 0 vconn=1 cartel_sz=0
keys 26 MAR COP HAM 38 vconn=2 cartel_sz=1
keys 64 MAR THE - 0 vconn=1 cartel_sz=0
keys 26 MAR POZ GEN 38 vconn=2 cartel_sz=1
keys 22 MAR OSL COP 42 vconn=2 cartel_sz=1
keys 64 MAR ATH - 0 vconn=1 cartel_sz=0
keys 26 MAR ZAG VIE 38 vconn=2 cartel_sz=1
keys 64 MAR NIC - 0 vconn=1 cartel_sz=0
keys 26 MAR HEL AMS 38 vconn=2 cartel_sz=1
keys 31 MAR VIE GEN 33 vconn=2 cartel_sz=1
keys 25 MAR BER AMS 39 vconn=2 cartel_sz=1
keys 30 MAR HAM PAR 34 vconn=2 cartel_sz=1
keys 64 MAR KIE - 0 vconn=1 cartel_sz=0
keys 21 MAR STO POZ 43 vconn=2 cartel_sz=1
keys 26 MAR SOF MIL 38 vconn=2 cartel_sz=1
keys 26 MAR KAU PRA 38 vconn=2 cartel_sz=1
keys 64 MAR IST - 0 vconn=1 cartel_sz=0
keys 31 MAR BIL PAR 33 vconn=2 cartel_sz=1
keys 64 MAR POD - 0 vconn=1 cartel_sz=0
keys 25 MAR TAR PRA 39 vconn=2 cartel_sz=1
keys 29 MAR BUD VIE 35 vconn=2 cartel_sz=1
keys 28 MAR POZ PRA 36 vconn=2 cartel_sz=1
keys 29 MAR BRA MIL 35 vconn=2 cartel_sz=1
keys 27 MAR LUX PAR 37 vconn=2 cartel_sz=1
keys 26 MAR RIG POZ 38 vconn=2 cartel_sz=1
keys 48 MAR MIL PRA,GEN 16 vconn=3 cartel_sz=2
keys 30 MAR LON PAR 34 vconn=2 cartel_sz=1
keys 19 MAR PAR GEN,BIL 45 vconn=3 cartel_sz=2
keys 25 MAR COP PAR 39 vconn=2 cartel_sz=1
keys 15 MAR PRA GEN,BIL 49 vconn=3 cartel_sz=2
keys 18 MAR FRA PRA,GEN 46 vconn=3 cartel_sz=2
keys 64 MAR NIC - 0 vconn=1 cartel_sz=0
keys 25 MAR DUB PAR 39 vconn=2 cartel_sz=1
keys 24 MAR HEL GEN 40 vconn=2 cartel_sz=1
keys 26 MAR ZAG GEN 38 vconn=2 cartel_sz=1
keys 64 MAR KIE - 0 vconn=1 cartel_sz=0
keys 22 MAR BEL MIL 42 vconn=2 cartel_sz=1
keys 64 MAR SIN - 0 vconn=1 cartel_sz=0
keys 26 MAR BER AMS 38 vconn=2 cartel_sz=1
keys 28 MAR POZ GEN 36 vconn=2 cartel_sz=1
keys 31 MAR VIE GEN 33 vconn=2 cartel_sz=1
keys 27 MAR SOF MIL 37 vconn=2 cartel_sz=1
keys 29 MAR LIS BIL 35 vconn=2 cartel_sz=1
keys 22 MAR OSL HEL 42 vconn=2 cartel_sz=1
keys 28 MAR HAM PRA 36 vconn=2 cartel_sz=1
keys 25 MAR TAR AMS 39 vconn=2 cartel_sz=1
keys 64 MAR POD - 0 vconn=1 cartel_sz=0
keys 48 MAR MIL PRA,GEN 16 vconn=3 cartel_sz=2
keys 26 MAR COR GEN 38 vconn=2 cartel_sz=1
keys 24 MAR STO PRA 40 vconn=2 cartel_sz=1
keys 23 MAR SKO GEN 41 vconn=2 cartel_sz=1
keys 27 MAR BUC MIL 37 vconn=2 cartel_sz=1
keys 16 MAR AMS PRA,GEN 48 vconn=3 cartel_sz=2
keys 25 MAR POZ AMS 39 vconn=2 cartel_sz=1
keys 26 MAR BRA VIE 38 vconn=2 cartel_sz=1
keys 25 MAR COP GEN 39 vconn=2 cartel_sz=1
keys 24 MAR BUD MIL 40 vconn=2 cartel_sz=1
keys 32 MAR BIL PAR 32 vconn=2 cartel_sz=1
keys 25 MAR HEL GEN 39 vconn=2 cartel_sz=1
keys 24 MAR TIR MIL 40 vconn=2 cartel_sz=1
keys 30 MAR LON PAR 34 vconn=2 cartel_sz=1
keys 23 MAR RIG POZ 41 vconn=2 cartel_sz=1
keys 26 MAR ZAG GEN 38 vconn=2 cartel_sz=1
keys 17 MAR PAR BIL,MIL 47 vconn=3 cartel_sz=2
keys 26 MAR KAU GEN 38 vconn=2 cartel_sz=1
keys 25 MAR SOF MIL 39 vconn=2 cartel_sz=1
keys 30 MAR POR MAD 34 vconn=2 cartel_sz=1
keys 27 MAR BER PRA 37 vconn=2 cartel_sz=1
keys 27 MAR LUX GEN 37 vconn=2 cartel_sz=1
keys 24 MAR LJU MIL 40 vconn=2 cartel_sz=1
keys 27 MAR HAM GEN 37 vconn=2 cartel_sz=1
keys 31 MAR VIE MIL 33 vconn=2 cartel_sz=1
keys 51 MAR MIL PRA,GEN 13 vconn=3 cartel_sz=2
keys 15 MAR PRA PAR,MIL 49 vconn=3 cartel_sz=2
keys 27 MAR COP PRA 37 vconn=2 cartel_sz=1
keys 25 MAR DUB PAR 39 vconn=2 cartel_sz=1
keys 24 MAR BEL VIE 40 vconn=2 cartel_sz=1
keys 25 MAR TAR GEN 39 vconn=2 cartel_sz=1
keys 24 MAR OSL GEN 40 vconn=2 cartel_sz=1
keys 22 MAR HEL AMS 42 vconn=2 cartel_sz=1
keys 14 MAR BRU PRA,GEN 50 vconn=3 cartel_sz=2
keys 29 MAR LON PAR 35 vconn=2 cartel_sz=1
keys 32 MAR BIL PAR 32 vconn=2 cartel_sz=1
keys 27 MAR BER GEN 37 vconn=2 cartel_sz=1
keys 23 MAR KAU GEN 41 vconn=2 cartel_sz=1
keys 23 MAR RIG GEN 41 vconn=2 cartel_sz=1
keys 64 MAR SIN - 0 vconn=1 cartel_sz=0
keys 25 MAR BUD MIL 39 vconn=2 cartel_sz=1
keys 22 MAR STO COP 42 vconn=2 cartel_sz=1
keys 26 MAR COR PAR 38 vconn=2 cartel_sz=1
keys 25 MAR ZAG MIL 39 vconn=2 cartel_sz=1
keys 25 MAR HAM GEN 39 vconn=2 cartel_sz=1
keys 18 MAR FRA PRA,GEN 46 vconn=3 cartel_sz=2
keys 18 MAR PAR GEN,BIL 46 vconn=3 cartel_sz=2
keys 25 MAR COP AMS 39 vconn=2 cartel_sz=1
keys 26 MAR SOF MIL 38 vconn=2 cartel_sz=1
keys 14 MAR AMS PRA,GEN 50 vconn=3 cartel_sz=2
keys 31 MAR VIE MIL 33 vconn=2 cartel_sz=1
keys 26 MAR LUX PAR 38 vconn=2 cartel_sz=1
keys 53 MAR GEN BIL,MIL 11 vconn=3 cartel_sz=2
keys 28 MAR BRA VIE 36 vconn=2 cartel_sz=1
keys 51 MAR MAD BIL 13 vconn=2 cartel_sz=1
keys 22 MAR TAR POZ 42 vconn=2 cartel_sz=1
keys 14 MAR PRA GEN,BIL 50 vconn=3 cartel_sz=2
keys 24 MAR OSL COP 40 vconn=2 cartel_sz=1
keys 23 MAR HEL AMS 41 vconn=2 cartel_sz=1
keys 27 MAR BUC SOF 37 vconn=2 cartel_sz=1
keys 28 MAR LIS MAD 36 vconn=2 cartel_sz=1
keys 25 MAR BER PRA 39 vconn=2 cartel_sz=1
keys 29 MAR BUD VIE 35 vconn=2 cartel_sz=1
keys 31 MAR BIL MAD 33 vconn=2 cartel_sz=1
keys 23 MAR SKO VIE 41 vconn=2 cartel_sz=1
keys 24 MAR SOF GEN 40 vconn=2 cartel_sz=1
keys 22 MAR STO AMS 42 vconn=2 cartel_sz=1
keys 26 MAR LON PAR 38 vconn=2 cartel_sz=1
keys 26 MAR DUB GEN 38 vconn=2 cartel_sz=1
keys 26 MAR HAM PRA 38 vconn=2 cartel_sz=1
keys 23 MAR KAU GEN 41 vconn=2 cartel_sz=1
keys 26 MAR LUX GEN 38 vconn=2 cartel_sz=1
keys 24 MAR RIG AMS 40 vconn=2 cartel_sz=1
keys 23 MAR TAR PAR 41 vconn=2 cartel_sz=1
keys 24 MAR OSL HEL 40 vconn=2 cartel_sz=1
keys 26 MAR BRA GEN 38 vconn=2 cartel_sz=1
keys 23 MAR BEL MIL 41 vconn=2 cartel_sz=1
keys 25 MAR ZAG MIL 39 vconn=2 cartel_sz=1
keys 19 MAR FRA GEN,PAR 45 vconn=3 cartel_sz=2
keys 24 MAR HEL COP 40 vconn=2 cartel_sz=1
keys 17 MAR PAR BIL,MIL 47 vconn=3 cartel_sz=2
keys 25 MAR LJU ZAG 39 vconn=2 cartel_sz=1
keys 13 MAR BRU GEN,BIL 51 vconn=3 cartel_sz=2
keys 23 MAR KAU AMS 41 vconn=2 cartel_sz=1
keys 29 MAR POR BIL 35 vconn=2 cartel_sz=1
keys 23 MAR STO GEN 41 vconn=2 cartel_sz=1
keys 15 MAR PRA GEN,BIL 49 vconn=3 cartel_sz=2
keys 26 MAR COR PAR 38 vconn=2 cartel_sz=1
keys 27 MAR BUD VIE 37 vconn=2 cartel_sz=1
keys 25 MAR TIR MIL 39 vconn=2 cartel_sz=1
keys 14 MAR AMS PRA,GEN 50 vconn=3 cartel_sz=2
keys 25 MAR RIG PAR 39 vconn=2 cartel_sz=1
keys 24 MAR DUB PAR 40 vconn=2 cartel_sz=1
keys 27 MAR LON AMS 37 vconn=2 cartel_sz=1
keys 25 MAR BUC BUD 39 vconn=2 cartel_sz=1
keys 17 MAR PAR GEN,BIL 47 vconn=3 cartel_sz=2
keys 27 MAR LUX PAR 37 vconn=2 cartel_sz=1
keys 24 MAR TAR HAM 40 vconn=2 cartel_sz=1
keys 22 MAR OSL COP 42 vconn=2 cartel_sz=1
keys 23 MAR SKO MIL 41 vconn=2 cartel_sz=1
keys 23 MAR BEL MIL 41 vconn=2 cartel_sz=1
keys 25 MAR KAU GEN 39 vconn=2 cartel_sz=1
keys 51 MAR GEN BIL,MIL 13 vconn=3 cartel_sz=2
keys 27 MAR BRA MIL 37 vconn=2 cartel_sz=1
keys 16 MAR PRA VIE,GEN 48 vconn=3 cartel_sz=2
keys 24 MAR STO COP 40 vconn=2 cartel_sz=1
keys 16 MAR FRA PRA,GEN 48 vconn=3 cartel_sz=2
keys 23 MAR COR PAR 41 vconn=2 cartel_sz=1
keys 14 MAR AMS PRA,GEN 50 vconn=3 cartel_sz=2
keys 28 MAR LIS BIL 36 vconn=2 cartel_sz=1
keys 16 MAR PAR GEN,BIL 48 vconn=3 cartel_sz=2
keys 23 MAR LJU MIL 41 vconn=2 cartel_sz=1
keys 48 MAR MAD BIL 16 vconn=2 cartel_sz=1
keys 24 MAR BUC MIL 40 vconn=2 cartel_sz=1
keys 25 MAR TIR MIL 39 vconn=2 cartel_sz=1
keys 24 MAR RIG COP 40 vconn=2 cartel_sz=1
keys 31 MAR BIL PAR 33 vconn=2 cartel_sz=1
keys 23 MAR DUB LON 41 vconn=2 cartel_sz=1
keys 13 MAR BRU PRA,GEN 51 vconn=3 cartel_sz=2
keys 12 MAR PRA PAR,MIL 52 vconn=3 cartel_sz=2
keys 31 MAR VIE MIL 33 vconn=2 cartel_sz=1
keys 13 MAR AMS GEN,PAR 51 vconn=3 cartel_sz=2
keys 18 MAR PAR PRA,GEN 46 vconn=3 cartel_sz=2
keys 24 MAR BEL VIE 40 vconn=2 cartel_sz=1
keys 28 MAR POR BIL 36 vconn=2 cartel_sz=1
keys 23 MAR COR LON 41 vconn=2 cartel_sz=1
keys 24 MAR SKO SOF 40 vconn=2 cartel_sz=1
keys 16 MAR FRA PAR,MIL 48 vconn=3 cartel_sz=2
keys 51 MAR GEN BIL,MIL 13 vconn=3 cartel_sz=2
keys 13 MAR PRA PAR,MIL 51 vconn=3 cartel_sz=2
keys 26 MAR LIS BIL 38 vconn=2 cartel_sz=1
keys 10 MAR AMS PRA,PAR 54 vconn=3 cartel_sz=2
keys 24 MAR BUC GEN 40 vconn=2 cartel_sz=1
keys 24 MAR TIR MIL 40 vconn=2 cartel_sz=1
keys 13 MAR BRU PAR,FRA 51 vconn=3 cartel_sz=2
keys 47 MAR MAD BIL 17 vconn=2 cartel_sz=1
keys 25 MAR LJU MIL 39 vconn=2 cartel_sz=1
keys 15 MAR FRA PAR,MIL 49 vconn=3 cartel_sz=2
keys 18 MAR PAR PRA,GEN 46 vconn=3 cartel_sz=2
keys 15 MAR PRA GEN,BIL 49 vconn=3 cartel_sz=2
keys 21 MAR SKO MIL 43 vconn=2 cartel_sz=1
keys 13 MAR AMS PAR,MIL 51 vconn=3 cartel_sz=2
keys 26 MAR POR BIL 38 vconn=2 cartel_sz=1
keys 27 MAR BEL MIL 37 vconn=2 cartel_sz=1
keys 26 MAR LIS MAD 38 vconn=2 cartel_sz=1
keys 14 MAR AMS PRA,GEN 50 vconn=3 cartel_sz=2
keys 15 MAR FRA GEN,AMS 49 vconn=3 cartel_sz=2
keys 24 MAR TIR MIL 40 vconn=2 cartel_sz=1
keys 23 MAR LJU MIL 41 vconn=2 cartel_sz=1
keys 13 MAR BRU PAR,MIL 51 vconn=3 cartel_sz=2
keys 26 MAR DUB PAR 38 vconn=2 cartel_sz=1
keys 15 MAR PRA VIE,GEN 49 vconn=3 cartel_sz=2
keys 29 MAR POR MAD 35 vconn=2 cartel_sz=1
keys 24 MAR SKO MIL 40 vconn=2 cartel_sz=1
keys 14 MAR AMS GEN,BIL 50 vconn=3 cartel_sz=2
keys 25 MAR COR PAR 39 vconn=2 cartel_sz=1
keys 14 MAR BRU PRA,GEN 50 vconn=3 cartel_sz=2
keys 17 MAR FRA PRA,GEN 47 vconn=3 cartel_sz=2
keys 11 MAR BRU PAR,FRA 53 vconn=3 cartel_sz=2
keys 15 MAR AMS GEN,PAR 49 vconn=3 cartel_sz=2
keys 14 MAR BRU PAR,FRA 50 vconn=3 cartel_sz=2
keys 26 MAR LJU MIL 38 vconn=2 cartel_sz=1
keys 13 MAR BRU PAR,FRA 51 vconn=3 cartel_sz=2
keys 26 MAR TIR MIL 38 vconn=2 cartel_sz=1
keys 14 MAR BRU PAR,FRA 50 vconn=3 cartel_sz=2
keys 27 MAR BUC GEN 37 vconn=2 cartel_sz=1
Halted at 1223.07 seconds
