edges_csv: ../graphs/geant/edges.csv
v_conn_csv: ../graphs/geant/conn.csv
src_nodes: MAR
block_chunks: 32
watermark_sz: 128
v_conn_cartel_size: true
report_chunk_paths: false
keys 4 MAR SOF MIL 28 vconn=2 cartel_sz=1
keys 16 MAR ATH - 0 vconn=1 cartel_sz=0
keys 10 MAR POZ PRA 22 vconn=2 cartel_sz=1
keys 10 MAR LIS BIL 22 vconn=2 cartel_sz=1
keys 6 MAR ZAG MIL 26 vconn=2 cartel_sz=1
keys 9 MAR COP PAR 23 vconn=2 cartel_sz=1
keys 4 MAR AMS PRA,PAR 28 vconn=3 cartel_sz=2
keys 4 MAR PRA VIE,PAR 28 vconn=3 cartel_sz=2
keys 16 MAR NIC - 0 vconn=1 cartel_sz=0
keys 7 MAR LON PAR 25 vconn=2 cartel_sz=1
keys 4 MAR PAR PRA,GEN 28 vconn=3 cartel_sz=2
keys 5 MAR BEL MIL 27 vconn=2 cartel_sz=1
keys 16 MAR THE - 0 vconn=1 cartel_sz=0
keys 9 MAR MIL PRA,GEN 23 vconn=3 cartel_sz=2
keys 2 MAR DUB PAR 30 vconn=2 cartel_sz=1
keys 0 MAR FRA PAR,MIL 32 vconn=3 cartel_sz=2
keys 6 MAR STO HEL 26 vconn=2 cartel_sz=1
keys 10 MAR TAR COP 22 vconn=2 cartel_sz=1
keys 16 MAR ATH - 0 vconn=1 cartel_sz=0
keys 7 MAR OSL COP 25 vconn=2 cartel_sz=1
keys 6 MAR SOF MIL 26 vconn=2 cartel_sz=1
keys 15 MAR BIL PAR 17 vconn=2 cartel_sz=1
keys 9 MAR BER PAR 23 vconn=2 cartel_sz=1
keys 10 MAR HAM PAR 22 vconn=2 cartel_sz=1
keys 5 MAR RIG POZ 27 vconn=2 cartel_sz=1
keys 10 MAR POZ GEN 22 vconn=2 cartel_sz=1
keys 10 MAR HEL POZ 22 vconn=2 cartel_sz=1
keys 16 MAR IST - 0 vconn=1 cartel_sz=0
keys 1 MAR BRU PAR,FRA 31 vconn=3 cartel_sz=2
keys 10 MAR KAU POZ 22 vconn=2 cartel_sz=1
keys 6 MAR BUD MIL 26 vconn=2 cartel_sz=1
keys 5 MAR COR PAR 27 vconn=2 cartel_sz=1
keys 7 MAR BUC MIL 25 vconn=2 cartel_sz=1
keys 12 MAR VIE MIL 20 vconn=2 cartel_sz=1
keys 5 MAR LUX PAR 27 vconn=2 cartel_sz=1
keys 12 MAR BRA MIL 20 vconn=2 cartel_sz=1
keys 8 MAR ZAG MIL 24 vconn=2 cartel_sz=1
keys 6 MAR SOF MIL 26 vconn=2 cartel_sz=1
keys 1 MAR AMS PAR,MIL 31 vconn=3 cartel_sz=2
keys 7 MAR POR BIL 25 vconn=2 cartel_sz=1
keys 16 MAR NIC - 0 vconn=1 cartel_sz=0
keys 3 MAR SKO MIL 29 vconn=2 cartel_sz=1
keys 16 MAR ATH - 0 vconn=1 cartel_sz=0
keys 10 MAR LIS MAD 22 vconn=2 cartel_sz=1
keys 5 MAR PAR GEN,BIL 27 vconn=3 cartel_sz=2
keys 12 MAR POZ AMS 20 vconn=2 cartel_sz=1
keys 16 MAR THE - 0 vconn=1 cartel_sz=0
keys 11 MAR COP AMS 21 vconn=2 cartel_sz=1
keys 3 MAR PRA VIE,PAR 29 vconn=3 cartel_sz=2
keys 16 MAR POD - 0 vconn=1 cartel_sz=0
keys 10 MAR BEL SOF 22 vconn=2 cartel_sz=1
keys 16 MAR KIE - 0 vconn=1 cartel_sz=0
keys 4 MAR DUB PAR 28 vconn=2 cartel_sz=1
keys 2 MAR FRA PAR,MIL 30 vconn=3 cartel_sz=2
keys 10 MAR HEL AMS 22 vconn=2 cartel_sz=1
keys 8 MAR LJU MIL 24 vconn=2 cartel_sz=1
keys 9 MAR MIL PRA,GEN 23 vconn=3 cartel_sz=2
keys 6 MAR LON PAR 26 vconn=2 cartel_sz=1
keys 7 MAR SOF MIL 25 vconn=2 cartel_sz=1
keys 8 MAR TAR AMS 24 vconn=2 cartel_sz=1
keys 8 MAR HAM AMS 24 vconn=2 cartel_sz=1
keys 16 MAR ATH - 0 vconn=1 cartel_sz=0
keys 16 MAR SIN - 0 vconn=1 cartel_sz=0
keys 4 MAR PAR GEN,BIL 28 vconn=3 cartel_sz=2
keys 10 MAR ZAG MIL 22 vconn=2 cartel_sz=1
keys 16 MAR THE - 0 vconn=1 cartel_sz=0
keys 4 MAR TIR MIL 28 vconn=2 cartel_sz=1
keys 6 MAR POZ PAR 26 vconn=2 cartel_sz=1
keys 7 MAR OSL COP 25 vconn=2 cartel_sz=1
keys 2 MAR BRU PAR,FRA 30 vconn=3 cartel_sz=2
keys 9 MAR LIS BIL 23 vconn=2 cartel_sz=1
keys 10 MAR COP AMS 22 vconn=2 cartel_sz=1
keys 6 MAR BER AMS 26 vconn=2 cartel_sz=1
keys 10 MAR BUD VIE 22 vconn=2 cartel_sz=1
keys 0 MAR PRA PAR,MIL 32 vconn=3 cartel_sz=2
keys 7 MAR RIG POZ 25 vconn=2 cartel_sz=1
keys 7 MAR STO COP 25 vconn=2 cartel_sz=1
keys 4 MAR GEN BIL,MIL 28 vconn=3 cartel_sz=2
keys 2 MAR AMS PRA,PAR 30 vconn=3 cartel_sz=2
keys 11 MAR VIE MIL 21 vconn=2 cartel_sz=1
keys 15 MAR MAD GEN 17 vconn=2 cartel_sz=1
keys 16 MAR BIL PAR 16 vconn=2 cartel_sz=1
keys 16 MAR NIC - 0 vconn=1 cartel_sz=0
keys 6 MAR BUC MIL 26 vconn=2 cartel_sz=1
keys 6 MAR COR PAR 26 vconn=2 cartel_sz=1
keys 5 MAR KAU POZ 27 vconn=2 cartel_sz=1
keys 8 MAR SOF MIL 24 vconn=2 cartel_sz=1
keys 16 MAR ATH - 0 vconn=1 cartel_sz=0
keys 8 MAR LUX FRA 24 vconn=2 cartel_sz=1
keys 1 MAR FRA PAR,MIL 31 vconn=3 cartel_sz=2
keys 16 MAR THE - 0 vconn=1 cartel_sz=0
keys 11 MAR POR BIL 21 vconn=2 cartel_sz=1
keys 16 MAR IST - 0 vconn=1 cartel_sz=0
keys 9 MAR POZ AMS 23 vconn=2 cartel_sz=1
keys 7 MAR DUB PAR 25 vconn=2 cartel_sz=1
keys 3 MAR PAR BIL,MIL 29 vconn=3 cartel_sz=2
keys 8 MAR HAM AMS 24 vconn=2 cartel_sz=1
keys 6 MAR LIS BIL 26 vconn=2 cartel_sz=1
keys 8 MAR HEL PAR 24 vconn=2 cartel_sz=1
keys 4 MAR SKO MIL 28 vconn=2 cartel_sz=1
keys 8 MAR BEL MIL 24 vconn=2 cartel_sz=1
keys 12 MAR TAR AMS 20 vconn=2 cartel_sz=1
keys 7 MAR MIL PRA,GEN 25 vconn=3 cartel_sz=2
keys 3 MAR SOF MIL 29 vconn=2 cartel_sz=1
keys 8 MAR BRA VIE 24 vconn=2 cartel_sz=1
keys 5 MAR COP AMS 27 vconn=2 cartel_sz=1
keys 16 MAR ATH - 0 vconn=1 cartel_sz=0
keys 8 MAR ZAG MIL 24 vconn=2 cartel_sz=1
keys 11 MAR POZ PRA 21 vconn=2 cartel_sz=1
keys 5 MAR OSL AMS 27 vconn=2 cartel_sz=1
keys 5 MAR LON PAR 27 vconn=2 cartel_sz=1
keys 9 MAR BUD MIL 23 vconn=2 cartel_sz=1
keys 4 MAR LJU MIL 28 vconn=2 cartel_sz=1
keys 3 MAR BRU PAR,FRA 29 vconn=3 cartel_sz=2
keys 16 MAR THE - 0 vconn=1 cartel_sz=0
keys 16 MAR NIC - 0 vconn=1 cartel_sz=0
keys 2 MAR PRA PAR,MIL 30 vconn=3 cartel_sz=2
keys 7 MAR STO COP 25 vconn=2 cartel_sz=1
keys 11 MAR BER GEN 21 vconn=2 cartel_sz=1
keys 6 MAR LIS BIL 26 vconn=2 cartel_sz=1
keys 14 MAR VIE MIL 18 vconn=2 cartel_sz=1
keys 16 MAR SIN - 0 vconn=1 cartel_sz=0
keys 9 MAR RIG PRA 23 vconn=2 cartel_sz=1
keys 7 MAR SOF MIL 25 vconn=2 cartel_sz=1
keys 14 MAR MAD BIL 18 vconn=2 cartel_sz=1
keys 2 MAR AMS PAR,MIL 30 vconn=3 cartel_sz=2
keys 5 MAR DUB PAR 27 vconn=2 cartel_sz=1
keys 7 MAR KAU PAR 25 vconn=2 cartel_sz=1
keys 16 MAR ATH - 0 vconn=1 cartel_sz=0
keys 6 MAR COR PAR 26 vconn=2 cartel_sz=1
keys 4 MAR FRA GEN,BIL 28 vconn=3 cartel_sz=2
keys 6 MAR PAR GEN,BIL 26 vconn=3 cartel_sz=2
keys 13 MAR POZ AMS 19 vconn=2 cartel_sz=1
keys 11 MAR LUX PAR 21 vconn=2 cartel_sz=1
keys 8 MAR COP POZ 24 vconn=2 cartel_sz=1
keys 16 MAR POD - 0 vconn=1 cartel_sz=0
keys 13 MAR HAM PRA 19 vconn=2 cartel_sz=1
keys 3 MAR TIR MIL 29 vconn=2 cartel_sz=1
keys 8 MAR HEL POZ 24 vconn=2 cartel_sz=1
keys 5 MAR ZAG MIL 27 vconn=2 cartel_sz=1
keys 16 MAR THE - 0 vconn=1 cartel_sz=0
keys 7 MAR POR MAD 25 vconn=2 cartel_sz=1
keys 9 MAR TAR PAR 23 vconn=2 cartel_sz=1
keys 14 MAR BIL PAR 18 vconn=2 cartel_sz=1
keys 16 MAR KIE - 0 vconn=1 cartel_sz=0
keys 4 MAR LON PAR 28 vconn=2 cartel_sz=1
keys 7 MAR SOF MIL 25 vconn=2 cartel_sz=1
keys 6 MAR BUD MIL 26 vconn=2 cartel_sz=1
keys 16 MAR ATH - 0 vconn=1 cartel_sz=0
keys 4 MAR LIS BIL 28 vconn=2 cartel_sz=1
keys 8 MAR POZ PAR 24 vconn=2 cartel_sz=1
keys 12 MAR BRA MIL 20 vconn=2 cartel_sz=1
keys 7 MAR OSL AMS 25 vconn=2 cartel_sz=1
keys 6 MAR BEL BUD 26 vconn=2 cartel_sz=1
keys 7 MAR GEN BIL,MIL 25 vconn=3 cartel_sz=2
keys 16 MAR NIC - 0 vconn=1 cartel_sz=0
keys 3 MAR BRU PRA,PAR 29 vconn=3 cartel_sz=2
keys 8 MAR BUC MIL 24 vconn=2 cartel_sz=1
keys 16 MAR IST - 0 vconn=1 cartel_sz=0
keys 0 MAR AMS PAR,MIL 32 vconn=3 cartel_sz=2
keys 10 MAR MIL PRA,GEN 22 vconn=3 cartel_sz=2
keys 9 MAR BER PRA 23 vconn=2 cartel_sz=1
keys 4 MAR SKO MIL 28 vconn=2 cartel_sz=1
keys 8 MAR RIG POZ 24 vconn=2 cartel_sz=1
keys 6 MAR ZAG MIL 26 vconn=2 cartel_sz=1
keys 2 MAR PRA VIE,PAR 30 vconn=3 cartel_sz=2
keys 16 MAR THE - 0 vconn=1 cartel_sz=0
keys 5 MAR FRA PAR,MIL 27 vconn=3 cartel_sz=2
keys 11 MAR HAM AMS 21 vconn=2 cartel_sz=1
keys 9 MAR COP POZ 23 vconn=2 cartel_sz=1
keys 8 MAR STO HEL 24 vconn=2 cartel_sz=1
keys 11 MAR KAU PRA 21 vconn=2 cartel_sz=1
keys 7 MAR SOF MIL 25 vconn=2 cartel_sz=1
keys 13 MAR VIE PRA 19 vconn=2 cartel_sz=1
keys 8 MAR BUD MIL 24 vconn=2 cartel_sz=1
keys 5 MAR PAR BIL,MIL 27 vconn=3 cartel_sz=2
keys 10 MAR TAR POZ 22 vconn=2 cartel_sz=1
keys 8 MAR POZ PRA 24 vconn=2 cartel_sz=1
keys 8 MAR HEL AMS 24 vconn=2 cartel_sz=1
keys 4 MAR COR PAR 28 vconn=2 cartel_sz=1
keys 16 MAR NIC - 0 vconn=1 cartel_sz=0
keys 3 MAR DUB PAR 29 vconn=2 cartel_sz=1
keys 16 MAR THE - 0 vconn=1 cartel_sz=0
keys 16 MAR SIN - 0 vconn=1 cartel_sz=0
keys 6 MAR LJU MIL 26 vconn=2 cartel_sz=1
keys 6 MAR LUX FRA 26 vconn=2 cartel_sz=1
keys 3 MAR LIS BIL 29 vconn=2 cartel_sz=1
keys 4 MAR ZAG MIL 28 vconn=2 cartel_sz=1
keys 16 MAR IST - 0 vconn=1 cartel_sz=0
keys 2 MAR AMS PRA,PAR 30 vconn=3 cartel_sz=2
keys 6 MAR LON PAR 26 vconn=2 cartel_sz=1
keys 1 MAR BEL MIL 31 vconn=2 cartel_sz=1
keys 4 MAR SOF MIL 28 vconn=2 cartel_sz=1
keys 9 MAR OSL PAR 23 vconn=2 cartel_sz=1
keys 15 MAR MAD BIL 17 vconn=2 cartel_sz=1
keys 2 MAR BUC MIL 30 vconn=2 cartel_sz=1
keys 10 MAR BER AMS 22 vconn=2 cartel_sz=1
keys 5 MAR PAR GEN,BIL 27 vconn=3 cartel_sz=2
keys 2 MAR PRA VIE,AMS 30 vconn=3 cartel_sz=2
keys 11 MAR POZ FRA 21 vconn=2 cartel_sz=1
keys 12 MAR BRA MIL 20 vconn=2 cartel_sz=1
keys 7 MAR STO COP 25 vconn=2 cartel_sz=1
keys 4 MAR SKO MIL 28 vconn=2 cartel_sz=1
keys 16 MAR NIC - 0 vconn=1 cartel_sz=0
keys 10 MAR TAR AMS 22 vconn=2 cartel_sz=1
keys 6 MAR MIL PRA,GEN 26 vconn=3 cartel_sz=2
keys 2 MAR FRA PAR,MIL 30 vconn=3 cartel_sz=2
keys 12 MAR BIL MAD 20 vconn=2 cartel_sz=1
keys 9 MAR SOF MIL 23 vconn=2 cartel_sz=1
keys 8 MAR BUD MIL 24 vconn=2 cartel_sz=1
keys 8 MAR HEL HAM 24 vconn=2 cartel_sz=1
keys 7 MAR RIG POZ 25 vconn=2 cartel_sz=1
keys 2 MAR TIR MIL 30 vconn=2 cartel_sz=1
keys 6 MAR LIS BIL 26 vconn=2 cartel_sz=1
keys 6 MAR ZAG MIL 26 vconn=2 cartel_sz=1
keys 2 MAR BRU PAR,MIL 30 vconn=3 cartel_sz=2
keys 13 MAR VIE MIL 19 vconn=2 cartel_sz=1
keys 10 MAR COP PRA 22 vconn=2 cartel_sz=1
keys 8 MAR DUB PAR 24 vconn=2 cartel_sz=1
keys 11 MAR HAM PRA 21 vconn=2 cartel_sz=1
keys 8 MAR KAU POZ 24 vconn=2 cartel_sz=1
keys 16 MAR IST - 0 vconn=1 cartel_sz=0
keys 8 MAR POR MAD 24 vconn=2 cartel_sz=1
keys 4 MAR LON PAR 28 vconn=2 cartel_sz=1
keys 2 MAR AMS PRA,PAR 30 vconn=3 cartel_sz=2
keys 4 MAR SOF MIL 28 vconn=2 cartel_sz=1
keys 4 MAR BEL MIL 28 vconn=2 cartel_sz=1
keys 13 MAR POZ PRA 19 vconn=2 cartel_sz=1
keys 4 MAR GEN BIL,MIL 28 vconn=3 cartel_sz=2
keys 9 MAR BUD MIL 23 vconn=2 cartel_sz=1
keys 7 MAR COR PAR 25 vconn=2 cartel_sz=1
keys 4 MAR PAR GEN,BIL 28 vconn=3 cartel_sz=2
keys 1 MAR PRA MIL,FRA 31 vconn=3 cartel_sz=2
keys 16 MAR NIC - 0 vconn=1 cartel_sz=0
keys 16 MAR POD - 0 vconn=1 cartel_sz=0
keys 6 MAR STO COP 26 vconn=2 cartel_sz=1
keys 8 MAR HEL POZ 24 vconn=2 cartel_sz=1
keys 10 MAR TAR POZ 22 vconn=2 cartel_sz=1
keys 6 MAR LIS BIL 26 vconn=2 cartel_sz=1
keys 5 MAR BUC MIL 27 vconn=2 cartel_sz=1
keys 7 MAR MIL PRA,GEN 25 vconn=3 cartel_sz=2
keys 7 MAR BER AMS 25 vconn=2 cartel_sz=1
keys 2 MAR FRA PAR,MIL 30 vconn=3 cartel_sz=2
keys 7 MAR LJU MIL 25 vconn=2 cartel_sz=1
keys 4 MAR ZAG MIL 28 vconn=2 cartel_sz=1
keys 6 MAR OSL POZ 26 vconn=2 cartel_sz=1
keys 11 MAR LUX FRA 21 vconn=2 cartel_sz=1
keys 12 MAR BIL MAD 20 vconn=2 cartel_sz=1
keys 10 MAR COP AMS 22 vconn=2 cartel_sz=1
keys 16 MAR KIE - 0 vconn=1 cartel_sz=0
keys 4 MAR SKO MIL 28 vconn=2 cartel_sz=1
keys 7 MAR POZ PRA 25 vconn=2 cartel_sz=1
keys 4 MAR SOF MIL 28 vconn=2 cartel_sz=1
keys 10 MAR BRA MIL 22 vconn=2 cartel_sz=1
keys 8 MAR RIG AMS 24 vconn=2 cartel_sz=1
keys 16 MAR IST - 0 vconn=1 cartel_sz=0
keys 1 MAR PAR BIL,MIL 31 vconn=3 cartel_sz=2
keys 16 MAR SIN - 0 vconn=1 cartel_sz=0
keys 4 MAR AMS PAR,FRA 28 vconn=3 cartel_sz=2
keys 3 MAR PRA VIE,GEN 29 vconn=3 cartel_sz=2
keys 11 MAR MAD BIL 21 vconn=2 cartel_sz=1
keys 1 MAR DUB PAR 31 vconn=2 cartel_sz=1
keys 7 MAR BEL MIL 25 vconn=2 cartel_sz=1
keys 10 MAR LON PAR 22 vconn=2 cartel_sz=1
keys 13 MAR VIE GEN 19 vconn=2 cartel_sz=1
keys 5 MAR LIS BIL 27 vconn=2 cartel_sz=1
keys 9 MAR POR BIL 23 vconn=2 cartel_sz=1
keys 1 MAR BRU PAR,FRA 31 vconn=3 cartel_sz=2
keys 4 MAR SOF MIL 28 vconn=2 cartel_sz=1
keys 1 MAR TIR MIL 31 vconn=2 cartel_sz=1
keys 4 MAR FRA PAR,MIL 28 vconn=3 cartel_sz=2
keys 9 MAR ZAG BUD 23 vconn=2 cartel_sz=1
keys 6 MAR KAU POZ 26 vconn=2 cartel_sz=1
keys 8 MAR BUD MIL 24 vconn=2 cartel_sz=1
keys 7 MAR PAR GEN,BIL 25 vconn=3 cartel_sz=2
keys 16 MAR IST - 0 vconn=1 cartel_sz=0
keys 5 MAR COR PAR 27 vconn=2 cartel_sz=1
keys 8 MAR HAM AMS 24 vconn=2 cartel_sz=1
keys 10 MAR BER AMS 22 vconn=2 cartel_sz=1
keys 11 MAR POZ GEN 21 vconn=2 cartel_sz=1
keys 2 MAR AMS PRA,PAR 30 vconn=3 cartel_sz=2
keys 10 MAR HEL PRA 22 vconn=2 cartel_sz=1
keys 9 MAR TAR POZ 23 vconn=2 cartel_sz=1
keys 9 MAR OSL PAR 23 vconn=2 cartel_sz=1
keys 6 MAR MIL PRA,GEN 26 vconn=3 cartel_sz=2
keys 5 MAR BUC MIL 27 vconn=2 cartel_sz=1
keys 9 MAR SOF MIL 23 vconn=2 cartel_sz=1
keys 14 MAR BIL MAD 18 vconn=2 cartel_sz=1
keys 5 MAR GEN BIL,MIL 27 vconn=3 cartel_sz=2
keys 11 MAR RIG POZ 21 vconn=2 cartel_sz=1
keys 11 MAR COP PAR 21 vconn=2 cartel_sz=1
keys 5 MAR ZAG MIL 27 vconn=2 cartel_sz=1
keys 4 MAR BEL MIL 28 vconn=2 cartel_sz=1
keys 9 MAR STO COP 23 vconn=2 cartel_sz=1
keys 11 MAR BUD MIL 21 vconn=2 cartel_sz=1
keys 2 MAR AMS PRA,PAR 30 vconn=3 cartel_sz=2
keys 7 MAR BRA MIL 25 vconn=2 cartel_sz=1
keys 5 MAR LUX PAR 27 vconn=2 cartel_sz=1
keys 1 MAR PRA VIE,PAR 31 vconn=3 cartel_sz=2
keys 8 MAR SOF MIL 24 vconn=2 cartel_sz=1
keys 16 MAR IST - 0 vconn=1 cartel_sz=0
keys 11 MAR VIE MIL 21 vconn=2 cartel_sz=1
keys 16 MAR POD - 0 vconn=1 cartel_sz=0
keys 4 MAR PAR GEN,BIL 28 vconn=3 cartel_sz=2
keys 10 MAR LON PAR 22 vconn=2 cartel_sz=1
keys 3 MAR LIS BIL 29 vconn=2 cartel_sz=1
keys 3 MAR SKO MIL 29 vconn=2 cartel_sz=1
keys 9 MAR BER PRA 23 vconn=2 cartel_sz=1
keys 9 MAR LJU MIL 23 vconn=2 cartel_sz=1
keys 3 MAR FRA PRA,PAR 29 vconn=3 cartel_sz=2
keys 10 MAR DUB PAR 22 vconn=2 cartel_sz=1
keys 10 MAR HEL PAR 22 vconn=2 cartel_sz=1
keys 7 MAR ZAG MIL 25 vconn=2 cartel_sz=1
keys 9 MAR TAR PRA 23 vconn=2 cartel_sz=1
keys 7 MAR KAU POZ 25 vconn=2 cartel_sz=1
keys 16 MAR SIN - 0 vconn=1 cartel_sz=0
keys 5 MAR TIR MIL 27 vconn=2 cartel_sz=1
keys 5 MAR SOF MIL 27 vconn=2 cartel_sz=1
keys 12 MAR HAM GEN 20 vconn=2 cartel_sz=1
keys 5 MAR BEL MIL 27 vconn=2 cartel_sz=1
keys 16 MAR KIE - 0 vconn=1 cartel_sz=0
keys 17 MAR MAD BIL 15 vconn=2 cartel_sz=1
keys 9 MAR COP AMS 23 vconn=2 cartel_sz=1
keys 8 MAR POR MAD 24 vconn=2 cartel_sz=1
keys 3 MAR AMS PAR,FRA 29 vconn=3 cartel_sz=2
keys 3 MAR BRU PAR,MIL 29 vconn=3 cartel_sz=2
keys 7 MAR BUD MIL 25 vconn=2 cartel_sz=1
keys 3 MAR PRA PAR,MIL 29 vconn=3 cartel_sz=2
keys 8 MAR OSL COP 24 vconn=2 cartel_sz=1
keys 10 MAR MIL PRA,GEN 22 vconn=3 cartel_sz=2
keys 7 MAR PAR GEN,BIL 25 vconn=3 cartel_sz=2
keys 8 MAR SOF MIL 24 vconn=2 cartel_sz=1
keys 15 MAR VIE MIL 17 vconn=2 cartel_sz=1
keys 7 MAR LIS BIL 25 vconn=2 cartel_sz=1
keys 6 MAR BUC MIL 26 vconn=2 cartel_sz=1
keys 9 MAR STO HEL 23 vconn=2 cartel_sz=1
keys 8 MAR RIG POZ 24 vconn=2 cartel_sz=1
keys 7 MAR SKO VIE 25 vconn=2 cartel_sz=1
keys 11 MAR BRA VIE 21 vconn=2 cartel_sz=1
keys 5 MAR ZAG MIL 27 vconn=2 cartel_sz=1
keys 11 MAR LUX PAR 21 vconn=2 cartel_sz=1
keys 7 MAR BER PAR 25 vconn=2 cartel_sz=1
keys 11 MAR HEL AMS 21 vconn=2 cartel_sz=1
keys 7 MAR LON PAR 25 vconn=2 cartel_sz=1
keys 10 MAR BUD MIL 22 vconn=2 cartel_sz=1
keys 13 MAR BIL PAR 19 vconn=2 cartel_sz=1
keys 3 MAR SOF MIL 29 vconn=2 cartel_sz=1
keys 11 MAR TAR POZ 21 vconn=2 cartel_sz=1
keys 7 MAR TIR MIL 25 vconn=2 cartel_sz=1
keys 1 MAR BEL MIL 31 vconn=2 cartel_sz=1
keys 11 MAR KAU POZ 21 vconn=2 cartel_sz=1
keys 6 MAR GEN BIL,MIL 26 vconn=3 cartel_sz=2
keys 3 MAR LJU MIL 29 vconn=2 cartel_sz=1
keys 8 MAR HAM AMS 24 vconn=2 cartel_sz=1
keys 12 MAR COP PRA 20 vconn=2 cartel_sz=1
keys 2 MAR FRA PAR,MIL 30 vconn=3 cartel_sz=2
keys 1 MAR PRA VIE,GEN 31 vconn=3 cartel_sz=2
keys 8 MAR COR PAR 24 vconn=2 cartel_sz=1
keys 8 MAR ZAG MIL 24 vconn=2 cartel_sz=1
keys 12 MAR MIL PRA,GEN 20 vconn=3 cartel_sz=2
keys 2 MAR AMS PRA,PAR 30 vconn=3 cartel_sz=2
keys 7 MAR OSL COP 25 vconn=2 cartel_sz=1
keys 7 MAR SOF MIL 25 vconn=2 cartel_sz=1
keys 6 MAR DUB PAR 26 vconn=2 cartel_sz=1
keys 5 MAR LIS BIL 27 vconn=2 cartel_sz=1
keys 5 MAR PAR BIL,AMS 27 vconn=3 cartel_sz=2
keys 16 MAR POD - 0 vconn=1 cartel_sz=0
keys 4 MAR ZAG MIL 28 vconn=2 cartel_sz=1
keys 7 MAR BUD MIL 25 vconn=2 cartel_sz=1
keys 12 MAR VIE MIL 20 vconn=2 cartel_sz=1
keys 6 MAR STO POZ 26 vconn=2 cartel_sz=1
keys 6 MAR BEL MIL 26 vconn=2 cartel_sz=1
keys 5 MAR KAU AMS 27 vconn=2 cartel_sz=1
keys 5 MAR SOF MIL 27 vconn=2 cartel_sz=1
keys 11 MAR BRA GEN 21 vconn=2 cartel_sz=1
keys 3 MAR SKO MIL 29 vconn=2 cartel_sz=1
keys 3 MAR BRU PRA,PAR 29 vconn=3 cartel_sz=2
keys 3 MAR PRA VIE,PAR 29 vconn=3 cartel_sz=2
keys 8 MAR HEL AMS 24 vconn=2 cartel_sz=1
keys 7 MAR RIG POZ 25 vconn=2 cartel_sz=1
keys 8 MAR BUC MIL 24 vconn=2 cartel_sz=1
keys 6 MAR TIR MIL 26 vconn=2 cartel_sz=1
keys 8 MAR BER HAM 24 vconn=2 cartel_sz=1
keys 9 MAR COP AMS 23 vconn=2 cartel_sz=1
keys 14 MAR BIL MAD 18 vconn=2 cartel_sz=1
keys 3 MAR AMS PAR,FRA 29 vconn=3 cartel_sz=2
keys 6 MAR ZAG MIL 26 vconn=2 cartel_sz=1
keys 9 MAR MIL PRA,GEN 23 vconn=3 cartel_sz=2
keys 9 MAR POR BIL 23 vconn=2 cartel_sz=1
keys 11 MAR HAM AMS 21 vconn=2 cartel_sz=1
keys 2 MAR FRA PAR,MIL 30 vconn=3 cartel_sz=2
keys 11 MAR LUX AMS 21 vconn=2 cartel_sz=1
keys 16 MAR KIE - 0 vconn=1 cartel_sz=0
keys 12 MAR MAD BIL 20 vconn=2 cartel_sz=1
keys 16 MAR SIN - 0 vconn=1 cartel_sz=0
keys 7 MAR TAR POZ 25 vconn=2 cartel_sz=1
keys 9 MAR BUD MIL 23 vconn=2 cartel_sz=1
keys 10 MAR LON PAR 22 vconn=2 cartel_sz=1
keys 8 MAR LIS BIL 24 vconn=2 cartel_sz=1
keys 3 MAR PRA VIE,GEN 29 vconn=3 cartel_sz=2
keys 5 MAR PAR GEN,BIL 27 vconn=3 cartel_sz=2
keys 8 MAR GEN BIL,MIL 24 vconn=3 cartel_sz=2
keys 4 MAR COR PAR 28 vconn=2 cartel_sz=1
keys 9 MAR ZAG MIL 23 vconn=2 cartel_sz=1
keys 8 MAR STO HEL 24 vconn=2 cartel_sz=1
keys 7 MAR KAU POZ 25 vconn=2 cartel_sz=1
keys 4 MAR BEL MIL 28 vconn=2 cartel_sz=1
keys 9 MAR VIE MIL 23 vconn=2 cartel_sz=1
keys 8 MAR OSL POZ 24 vconn=2 cartel_sz=1
keys 5 MAR BUC MIL 27 vconn=2 cartel_sz=1
keys 6 MAR TIR MIL 26 vconn=2 cartel_sz=1
keys 8 MAR HEL POZ 24 vconn=2 cartel_sz=1
keys 6 MAR SKO SOF 26 vconn=2 cartel_sz=1
keys 11 MAR BER PRA 21 vconn=2 cartel_sz=1
keys 1 MAR BRU PAR,FRA 31 vconn=3 cartel_sz=2
keys 10 MAR BRA MIL 22 vconn=2 cartel_sz=1
keys 2 MAR AMS PAR,FRA 30 vconn=3 cartel_sz=2
keys 10 MAR COP FRA 22 vconn=2 cartel_sz=1
keys 6 MAR MIL PRA,GEN 26 vconn=3 cartel_sz=2
keys 10 MAR TAR PRA 22 vconn=2 cartel_sz=1
keys 6 MAR BUD MIL 26 vconn=2 cartel_sz=1
keys 6 MAR LJU MIL 26 vconn=2 cartel_sz=1
keys 3 MAR FRA PAR,MIL 29 vconn=3 cartel_sz=2
keys 3 MAR SOF MIL 29 vconn=2 cartel_sz=1
keys 4 MAR DUB PAR 28 vconn=2 cartel_sz=1
keys 11 MAR HAM PAR 21 vconn=2 cartel_sz=1
keys 6 MAR LIS BIL 26 vconn=2 cartel_sz=1
keys 8 MAR RIG POZ 24 vconn=2 cartel_sz=1
keys 2 MAR PRA VIE,PAR 30 vconn=3 cartel_sz=2
keys 9 MAR ZAG MIL 23 vconn=2 cartel_sz=1
keys 16 MAR POD - 0 vconn=1 cartel_sz=0
keys 15 MAR BIL MAD 17 vconn=2 cartel_sz=1
keys 4 MAR PAR BIL,MIL 28 vconn=3 cartel_sz=2
keys 8 MAR POR BIL 24 vconn=2 cartel_sz=1
keys 11 MAR HEL PRA 21 vconn=2 cartel_sz=1
keys 10 MAR LON PAR 22 vconn=2 cartel_sz=1
keys 10 MAR BEL GEN 22 vconn=2 cartel_sz=1
keys 16 MAR KIE - 0 vconn=1 cartel_sz=0
keys 5 MAR SKO SOF 27 vconn=2 cartel_sz=1
keys 9 MAR LUX FRA 23 vconn=2 cartel_sz=1
keys 2 MAR AMS PAR,MIL 30 vconn=3 cartel_sz=2
keys 7 MAR BUC MIL 25 vconn=2 cartel_sz=1
keys 5 MAR KAU PRA 27 vconn=2 cartel_sz=1
keys 10 MAR RIG PAR 22 vconn=2 cartel_sz=1
keys 3 MAR TIR MIL 29 vconn=2 cartel_sz=1
keys 5 MAR BUD MIL 27 vconn=2 cartel_sz=1
keys 1 MAR BRU PRA,PAR 31 vconn=3 cartel_sz=2
keys 5 MAR COR PAR 27 vconn=2 cartel_sz=1
keys 10 MAR BRA MIL 22 vconn=2 cartel_sz=1
keys 1 MAR PRA VIE,PAR 31 vconn=3 cartel_sz=2
keys 6 MAR OSL POZ 26 vconn=2 cartel_sz=1
keys 12 MAR BER PRA 20 vconn=2 cartel_sz=1
keys 16 MAR MIL PRA,GEN 16 vconn=3 cartel_sz=2
keys 8 MAR LIS BIL 24 vconn=2 cartel_sz=1
keys 9 MAR STO HEL 23 vconn=2 cartel_sz=1
keys 6 MAR PAR GEN,BIL 26 vconn=3 cartel_sz=2
keys 3 MAR ZAG MIL 29 vconn=2 cartel_sz=1
keys 17 MAR MAD BIL 15 vconn=2 cartel_sz=1
keys 5 MAR DUB PAR 27 vconn=2 cartel_sz=1
keys 10 MAR HAM AMS 22 vconn=2 cartel_sz=1
keys 7 MAR BEL MIL 25 vconn=2 cartel_sz=1
keys 5 MAR TAR POZ 27 vconn=2 cartel_sz=1
keys 0 MAR SKO MIL 32 vconn=2 cartel_sz=1
keys 5 MAR FRA PRA,PAR 27 vconn=3 cartel_sz=2
keys 2 MAR GEN BIL,MIL 30 vconn=3 cartel_sz=2
keys 7 MAR LON PAR 25 vconn=2 cartel_sz=1
keys 13 MAR VIE MIL 19 vconn=2 cartel_sz=1
keys 3 MAR LJU MIL 29 vconn=2 cartel_sz=1
keys 3 MAR BRU PRA,PAR 29 vconn=3 cartel_sz=2
keys 10 MAR KAU PRA 22 vconn=2 cartel_sz=1
keys 5 MAR TIR MIL 27 vconn=2 cartel_sz=1
keys 14 MAR MIL PRA,GEN 18 vconn=3 cartel_sz=2
keys 8 MAR RIG POZ 24 vconn=2 cartel_sz=1
keys 7 MAR BUC MIL 25 vconn=2 cartel_sz=1
keys 7 MAR COR PAR 25 vconn=2 cartel_sz=1
keys 8 MAR BRA MIL 24 vconn=2 cartel_sz=1
keys 7 MAR BEL MIL 25 vconn=2 cartel_sz=1
keys 16 MAR SIN - 0 vconn=1 cartel_sz=0
keys 8 MAR OSL PAR 24 vconn=2 cartel_sz=1
keys 9 MAR BUD MIL 23 vconn=2 cartel_sz=1
keys 8 MAR LUX PAR 24 vconn=2 cartel_sz=1
keys 0 MAR PRA VIE,PAR 32 vconn=3 cartel_sz=2
keys 2 MAR AMS PRA,PAR 30 vconn=3 cartel_sz=2
keys 5 MAR STO HAM 27 vconn=2 cartel_sz=1
keys 3 MAR LIS BIL 29 vconn=2 cartel_sz=1
keys 4 MAR SKO SOF 28 vconn=2 cartel_sz=1
keys 4 MAR PAR BIL,MIL 28 vconn=3 cartel_sz=2
keys 16 MAR KIE - 0 vconn=1 cartel_sz=0
keys 11 MAR BER POZ 21 vconn=2 cartel_sz=1
keys 11 MAR HEL AMS 21 vconn=2 cartel_sz=1
keys 16 MAR POD - 0 vconn=1 cartel_sz=0
keys 7 MAR ZAG MIL 25 vconn=2 cartel_sz=1
keys 9 MAR COP HAM 23 vconn=2 cartel_sz=1
keys 7 MAR BUC MIL 25 vconn=2 cartel_sz=1
keys 7 MAR LON PAR 25 vconn=2 cartel_sz=1
keys 2 MAR FRA PAR,MIL 30 vconn=3 cartel_sz=2
keys 6 MAR DUB PAR 26 vconn=2 cartel_sz=1
keys 12 MAR HAM PRA 20 vconn=2 cartel_sz=1
keys 7 MAR POR BIL 25 vconn=2 cartel_sz=1
keys 6 MAR BEL SOF 26 vconn=2 cartel_sz=1
keys 11 MAR KAU AMS 21 vconn=2 cartel_sz=1
keys 7 MAR RIG POZ 25 vconn=2 cartel_sz=1
keys 5 MAR PRA MIL,FRA 27 vconn=3 cartel_sz=2
keys 1 MAR AMS PAR,MIL 31 vconn=3 cartel_sz=2
keys 11 MAR TAR GEN 21 vconn=2 cartel_sz=1
keys 3 MAR BRU PRA,PAR 29 vconn=3 cartel_sz=2
keys 8 MAR LJU MIL 24 vconn=2 cartel_sz=1
keys 9 MAR OSL COP 23 vconn=2 cartel_sz=1
keys 4 MAR SKO MIL 28 vconn=2 cartel_sz=1
keys 3 MAR BUC MIL 29 vconn=2 cartel_sz=1
keys 8 MAR STO COP 24 vconn=2 cartel_sz=1
keys 3 MAR TIR MIL 29 vconn=2 cartel_sz=1
keys 7 MAR PAR BIL,MIL 25 vconn=3 cartel_sz=2
keys 14 MAR MIL PRA,GEN 18 vconn=3 cartel_sz=2
keys 8 MAR BRA MIL 24 vconn=2 cartel_sz=1
keys 12 MAR LUX PAR 20 vconn=2 cartel_sz=1
keys 7 MAR LON PAR 25 vconn=2 cartel_sz=1
keys 8 MAR BEL VIE 24 vconn=2 cartel_sz=1
keys 7 MAR LIS BIL 25 vconn=2 cartel_sz=1
keys 4 MAR GEN BIL,MIL 28 vconn=3 cartel_sz=2
keys 9 MAR BIL MAD 23 vconn=2 cartel_sz=1
keys 5 MAR COR PAR 27 vconn=2 cartel_sz=1
keys 3 MAR AMS PRA,GEN 29 vconn=3 cartel_sz=2
keys 3 MAR FRA PAR,MIL 29 vconn=3 cartel_sz=2
keys 9 MAR RIG POZ 23 vconn=2 cartel_sz=1
keys 11 MAR MAD BIL 21 vconn=2 cartel_sz=1
keys 8 MAR OSL POZ 24 vconn=2 cartel_sz=1
keys 0 MAR PRA VIE,FRA 32 vconn=3 cartel_sz=2
keys 4 MAR DUB PAR 28 vconn=2 cartel_sz=1
keys 6 MAR KAU AMS 26 vconn=2 cartel_sz=1
keys 16 MAR POD - 0 vconn=1 cartel_sz=0
keys 2 MAR BRU PAR,MIL 30 vconn=3 cartel_sz=2
keys 4 MAR BEL MIL 28 vconn=2 cartel_sz=1
keys 4 MAR SKO MIL 28 vconn=2 cartel_sz=1
keys 6 MAR BER PAR 26 vconn=2 cartel_sz=1
keys 7 MAR STO COP 25 vconn=2 cartel_sz=1
keys 7 MAR BUC VIE 25 vconn=2 cartel_sz=1
keys 7 MAR TIR MIL 25 vconn=2 cartel_sz=1
keys 5 MAR LJU MIL 27 vconn=2 cartel_sz=1
keys 4 MAR PAR GEN,BIL 28 vconn=3 cartel_sz=2
keys 4 MAR LIS BIL 28 vconn=2 cartel_sz=1
keys 7 MAR RIG PRA 25 vconn=2 cartel_sz=1
keys 3 MAR AMS PRA,PAR 29 vconn=3 cartel_sz=2
keys 7 MAR POR BIL 25 vconn=2 cartel_sz=1
keys 11 MAR LON PRA 21 vconn=2 cartel_sz=1
keys 10 MAR LUX PAR 22 vconn=2 cartel_sz=1
keys 2 MAR FRA GEN,PAR 30 vconn=3 cartel_sz=2
keys 3 MAR PRA VIE,PAR 29 vconn=3 cartel_sz=2
keys 7 MAR OSL COP 25 vconn=2 cartel_sz=1
keys 7 MAR BEL MIL 25 vconn=2 cartel_sz=1
keys 16 MAR KIE - 0 vconn=1 cartel_sz=0
keys 4 MAR SKO SOF 28 vconn=2 cartel_sz=1
keys 6 MAR BUC BUD 26 vconn=2 cartel_sz=1
keys 9 MAR BRA MIL 23 vconn=2 cartel_sz=1
keys 5 MAR TIR MIL 27 vconn=2 cartel_sz=1
keys 3 MAR COR PAR 29 vconn=2 cartel_sz=1
keys 16 MAR SIN - 0 vconn=1 cartel_sz=0
keys 3 MAR KAU POZ 29 vconn=2 cartel_sz=1
keys 6 MAR GEN BIL,MIL 26 vconn=3 cartel_sz=2
keys 1 MAR AMS PAR,FRA 31 vconn=3 cartel_sz=2
keys 5 MAR LIS BIL 27 vconn=2 cartel_sz=1
keys 3 MAR PRA PAR,MIL 29 vconn=3 cartel_sz=2
keys 5 MAR DUB PAR 27 vconn=2 cartel_sz=1
keys 5 MAR LJU MIL 27 vconn=2 cartel_sz=1
keys 2 MAR BRU PRA,PAR 30 vconn=3 cartel_sz=2
keys 6 MAR PAR BIL,MIL 26 vconn=3 cartel_sz=2
keys 7 MAR STO AMS 25 vconn=2 cartel_sz=1
keys 2 MAR FRA PAR,MIL 30 vconn=3 cartel_sz=2
keys 4 MAR SKO SOF 28 vconn=2 cartel_sz=1
keys 5 MAR BUC MIL 27 vconn=2 cartel_sz=1
keys 6 MAR BEL MIL 26 vconn=2 cartel_sz=1
keys 9 MAR RIG AMS 23 vconn=2 cartel_sz=1
keys 3 MAR PRA PAR,MIL 29 vconn=3 cartel_sz=2
keys 7 MAR KAU POZ 25 vconn=2 cartel_sz=1
keys 5 MAR TIR MIL 27 vconn=2 cartel_sz=1
keys 0 MAR AMS PRA,BIL 32 vconn=3 cartel_sz=2
keys 5 MAR OSL COP 27 vconn=2 cartel_sz=1
keys 7 MAR PAR PRA,BIL 25 vconn=3 cartel_sz=2
keys 7 MAR LJU MIL 25 vconn=2 cartel_sz=1
keys 8 MAR POR BIL 24 vconn=2 cartel_sz=1
keys 7 MAR COR PAR 25 vconn=2 cartel_sz=1
keys 11 MAR MAD BIL 21 vconn=2 cartel_sz=1
keys 8 MAR DUB LON 24 vconn=2 cartel_sz=1
keys 2 MAR FRA PAR,MIL 30 vconn=3 cartel_sz=2
keys 3 MAR BUC MIL 29 vconn=2 cartel_sz=1
keys 10 MAR LON PAR 22 vconn=2 cartel_sz=1
keys 5 MAR SKO MIL 27 vconn=2 cartel_sz=1
keys 9 MAR LUX PAR 23 vconn=2 cartel_sz=1
keys 5 MAR BEL MIL 27 vconn=2 cartel_sz=1
keys 8 MAR STO PAR 24 vconn=2 cartel_sz=1
keys 2 MAR PRA VIE,GEN 30 vconn=3 cartel_sz=2
keys 7 MAR LIS MAD 25 vconn=2 cartel_sz=1
keys 2 MAR BRU PAR,MIL 30 vconn=3 cartel_sz=2
keys 7 MAR TIR MIL 25 vconn=2 cartel_sz=1
keys 3 MAR AMS PRA,PAR 29 vconn=3 cartel_sz=2
keys 4 MAR GEN BIL,MIL 28 vconn=3 cartel_sz=2
keys 5 MAR PAR BIL,MIL 27 vconn=3 cartel_sz=2
keys 4 MAR LJU MIL 28 vconn=2 cartel_sz=1
keys 8 MAR KAU POZ 24 vconn=2 cartel_sz=1
keys 8 MAR OSL COP 24 vconn=2 cartel_sz=1
keys 2 MAR BUC MIL 30 vconn=2 cartel_sz=1
keys 8 MAR SKO SOF 24 vconn=2 cartel_sz=1
keys 6 MAR COR PAR 26 vconn=2 cartel_sz=1
keys 1 MAR PRA VIE,PAR 31 vconn=3 cartel_sz=2
keys 3 MAR AMS PAR,MIL 29 vconn=3 cartel_sz=2
keys 2 MAR FRA PAR,MIL 30 vconn=3 cartel_sz=2
keys 8 MAR STO HEL 24 vconn=2 cartel_sz=1
keys 6 MAR DUB PAR 26 vconn=2 cartel_sz=1
keys 4 MAR BRU PAR,MIL 28 vconn=3 cartel_sz=2
keys 7 MAR TIR MIL 25 vconn=2 cartel_sz=1
keys 11 MAR POR MAD 21 vconn=2 cartel_sz=1
keys 5 MAR BUC MIL 27 vconn=2 cartel_sz=1
keys 6 MAR PAR GEN,BIL 26 vconn=3 cartel_sz=2
keys 8 MAR LON PAR 24 vconn=2 cartel_sz=1
keys 6 MAR SKO MIL 26 vconn=2 cartel_sz=1
keys 2 MAR BEL MIL 30 vconn=2 cartel_sz=1
keys 9 MAR LJU MIL 23 vconn=2 cartel_sz=1
keys 4 MAR GEN BIL,MIL 28 vconn=3 cartel_sz=2
keys 1 MAR PRA PAR,MIL 31 vconn=3 cartel_sz=2
keys 9 MAR COR LON 23 vconn=2 cartel_sz=1
keys 4 MAR AMS PAR,MIL 28 vconn=3 cartel_sz=2
keys 3 MAR FRA PRA,GEN 29 vconn=3 cartel_sz=2
keys 9 MAR LUX PAR 23 vconn=2 cartel_sz=1
keys 6 MAR TIR MIL 26 vconn=2 cartel_sz=1
keys 7 MAR PAR GEN,BIL 25 vconn=3 cartel_sz=2
keys 7 MAR SKO SOF 25 vconn=2 cartel_sz=1
keys 5 MAR DUB PAR 27 vconn=2 cartel_sz=1
keys 2 MAR BRU PRA,PAR 30 vconn=3 cartel_sz=2
keys 2 MAR PRA VIE,AMS 30 vconn=3 cartel_sz=2
keys 6 MAR BUC MIL 26 vconn=2 cartel_sz=1
keys 3 MAR OSL AMS 29 vconn=2 cartel_sz=1
keys 6 MAR LJU MIL 26 vconn=2 cartel_sz=1
keys 3 MAR POR BIL 29 vconn=2 cartel_sz=1
keys 7 MAR BER AMS 25 vconn=2 cartel_sz=1
keys 2 MAR AMS PRA,PAR 30 vconn=3 cartel_sz=2
keys 4 MAR SKO MIL 28 vconn=2 cartel_sz=1
keys 9 MAR TIR MIL 23 vconn=2 cartel_sz=1
keys 6 MAR GEN BIL,MIL 26 vconn=3 cartel_sz=2
keys 10 MAR STO COP 22 vconn=2 cartel_sz=1
keys 14 MAR MAD BIL 18 vconn=2 cartel_sz=1
keys 2 MAR FRA PAR,MIL 30 vconn=3 cartel_sz=2
keys 3 MAR BUC MIL 29 vconn=2 cartel_sz=1
keys 0 MAR BRU PRA,PAR 32 vconn=3 cartel_sz=2
keys 9 MAR COR PAR 23 vconn=2 cartel_sz=1
keys 2 MAR AMS PAR,MIL 30 vconn=3 cartel_sz=2
keys 3 MAR PRA PAR,MIL 29 vconn=3 cartel_sz=2
keys 8 MAR DUB PAR 24 vconn=2 cartel_sz=1
keys 6 MAR LJU MIL 26 vconn=2 cartel_sz=1
keys 6 MAR SKO SOF 26 vconn=2 cartel_sz=1
keys 6 MAR BEL MIL 26 vconn=2 cartel_sz=1
keys 4 MAR PAR GEN,BIL 28 vconn=3 cartel_sz=2
keys 5 MAR TIR MIL 27 vconn=2 cartel_sz=1
keys 3 MAR PRA MIL,AMS 29 vconn=3 cartel_sz=2
keys 8 MAR GEN BIL,MIL 24 vconn=3 cartel_sz=2
keys 1 MAR AMS PAR,MIL 31 vconn=3 cartel_sz=2
keys 3 MAR FRA GEN,AMS 29 vconn=3 cartel_sz=2
keys 1 MAR BRU PAR,MIL 31 vconn=3 cartel_sz=2
keys 4 MAR SKO SOF 28 vconn=2 cartel_sz=1
keys 3 MAR LJU MIL 29 vconn=2 cartel_sz=1
keys 6 MAR BUC BUD 26 vconn=2 cartel_sz=1
keys 7 MAR TIR MIL 25 vconn=2 cartel_sz=1
keys 2 MAR COR PAR 30 vconn=2 cartel_sz=1
keys 8 MAR DUB LON 24 vconn=2 cartel_sz=1
keys 3 MAR PRA VIE,PAR 29 vconn=3 cartel_sz=2
keys 3 MAR FRA GEN,BIL 29 vconn=3 cartel_sz=2
keys 6 MAR POR BIL 26 vconn=2 cartel_sz=1
keys 2 MAR AMS PRA,PAR 30 vconn=3 cartel_sz=2
keys 3 MAR GEN BIL,MIL 29 vconn=3 cartel_sz=2
keys 7 MAR LJU MIL 25 vconn=2 cartel_sz=1
keys 6 MAR SKO MIL 26 vconn=2 cartel_sz=1
keys 1 MAR BRU PAR,FRA 31 vconn=3 cartel_sz=2
keys 6 MAR TIR MIL 26 vconn=2 cartel_sz=1
keys 4 MAR PRA MIL,AMS 28 vconn=3 cartel_sz=2
keys 3 MAR AMS PRA,PAR 29 vconn=3 cartel_sz=2
keys 4 MAR COR PAR 28 vconn=2 cartel_sz=1
keys 8 MAR DUB PAR 24 vconn=2 cartel_sz=1
keys 5 MAR FRA PAR,MIL 27 vconn=3 cartel_sz=2
keys 5 MAR BUC MIL 27 vconn=2 cartel_sz=1
keys 2 MAR PAR GEN,BIL 30 vconn=3 cartel_sz=2
keys 2 MAR BRU PRA,PAR 30 vconn=3 cartel_sz=2
keys 11 MAR LUX GEN 21 vconn=2 cartel_sz=1
keys 8 MAR SKO SOF 24 vconn=2 cartel_sz=1
keys 5 MAR GEN BIL,MIL 27 vconn=3 cartel_sz=2
keys 5 MAR TIR MIL 27 vconn=2 cartel_sz=1
keys 8 MAR LJU MIL 24 vconn=2 cartel_sz=1
keys 1 MAR AMS PAR,MIL 31 vconn=3 cartel_sz=2
keys 2 MAR PRA VIE,PAR 30 vconn=3 cartel_sz=2
keys 7 MAR POR BIL 25 vconn=2 cartel_sz=1
keys 1 MAR PRA MIL,AMS 31 vconn=3 cartel_sz=2
keys 5 MAR DUB PAR 27 vconn=2 cartel_sz=1
keys 4 MAR FRA PAR,MIL 28 vconn=3 cartel_sz=2
keys 6 MAR SKO MIL 26 vconn=2 cartel_sz=1
keys 1 MAR AMS PAR,MIL 31 vconn=3 cartel_sz=2
keys 2 MAR BRU GEN,BIL 30 vconn=3 cartel_sz=2
keys 1 MAR PRA MIL,AMS 31 vconn=3 cartel_sz=2
keys 9 MAR LJU ZAG 23 vconn=2 cartel_sz=1
keys 8 MAR GEN BIL,MIL 24 vconn=3 cartel_sz=2
keys 5 MAR TIR MIL 27 vconn=2 cartel_sz=1
keys 9 MAR COR PAR 23 vconn=2 cartel_sz=1
keys 1 MAR PRA PAR,MIL 31 vconn=3 cartel_sz=2
keys 1 MAR AMS PRA,PAR 31 vconn=3 cartel_sz=2
keys 1 MAR FRA PAR,MIL 31 vconn=3 cartel_sz=2
keys 5 MAR DUB LON 27 vconn=2 cartel_sz=1
keys 3 MAR BRU PRA,PAR 29 vconn=3 cartel_sz=2
keys 1 MAR PRA VIE,FRA 31 vconn=3 cartel_sz=2
keys 6 MAR BUC MIL 26 vconn=2 cartel_sz=1
keys 4 MAR AMS PRA,GEN 28 vconn=3 cartel_sz=2
keys 4 MAR GEN BIL,MIL 28 vconn=3 cartel_sz=2
keys 5 MAR FRA GEN,PAR 27 vconn=3 cartel_sz=2
keys 6 MAR SKO SOF 26 vconn=2 cartel_sz=1
keys 8 MAR COR PAR 24 vconn=2 cartel_sz=1
keys 3 MAR PRA GEN,BIL 29 vconn=3 cartel_sz=2
keys 3 MAR AMS PRA,PAR 29 vconn=3 cartel_sz=2
keys 2 MAR BRU PRA,PAR 30 vconn=3 cartel_sz=2
keys 10 MAR POR MAD 22 vconn=2 cartel_sz=1
keys 7 MAR TIR MIL 25 vconn=2 cartel_sz=1
keys 7 MAR GEN BIL,MIL 25 vconn=3 cartel_sz=2
keys 6 MAR LJU MIL 26 vconn=2 cartel_sz=1
keys 2 MAR AMS PAR,MIL 30 vconn=3 cartel_sz=2
keys 2 MAR PRA PAR,MIL 30 vconn=3 cartel_sz=2
keys 4 MAR FRA PRA,GEN 28 vconn=3 cartel_sz=2
keys 1 MAR BRU PAR,MIL 31 vconn=3 cartel_sz=2
keys 1 MAR PRA PAR,MIL 31 vconn=3 cartel_sz=2
keys 3 MAR PAR GEN,BIL 29 vconn=3 cartel_sz=2
keys 6 MAR GEN BIL,MIL 26 vconn=3 cartel_sz=2
keys 1 MAR AMS PRA,PAR 31 vconn=3 cartel_sz=2
keys 6 MAR KAU POZ 26 vconn=2 cartel_sz=1
keys 6 MAR DUB PAR 26 vconn=2 cartel_sz=1
keys 3 MAR PRA VIE,FRA 29 vconn=3 cartel_sz=2
keys 1 MAR FRA PAR,MIL 31 vconn=3 cartel_sz=2
keys 1 MAR BRU PAR,FRA 31 vconn=3 cartel_sz=2
keys 0 MAR AMS PRA,PAR 32 vconn=3 cartel_sz=2
keys 7 MAR COR PAR 25 vconn=2 cartel_sz=1
keys 1 MAR PRA MIL,AMS 31 vconn=3 cartel_sz=2
keys 3 MAR FRA GEN,PAR 29 vconn=3 cartel_sz=2
keys 1 MAR BRU PAR,FRA 31 vconn=3 cartel_sz=2
keys 2 MAR AMS PRA,PAR 30 vconn=3 cartel_sz=2
keys 6 MAR GEN BIL,MIL 26 vconn=3 cartel_sz=2
keys 3 MAR PRA PAR,MIL 29 vconn=3 cartel_sz=2
keys 5 MAR FRA PRA,GEN 27 vconn=3 cartel_sz=2
keys 2 MAR AMS PAR,MIL 30 vconn=3 cartel_sz=2
keys 2 MAR BRU PRA,PAR 30 vconn=3 cartel_sz=2
keys 2 MAR PRA VIE,AMS 30 vconn=3 cartel_sz=2
keys 10 MAR GEN BIL,MIL 22 vconn=3 cartel_sz=2
keys 9 MAR OSL AMS 23 vconn=2 cartel_sz=1
keys 3 MAR FRA PRA,GEN 29 vconn=3 cartel_sz=2
keys 3 MAR PRA VIE,AMS 29 vconn=3 cartel_sz=2
keys 2 MAR AMS PRA,PAR 30 vconn=3 cartel_sz=2
keys 3 MAR BRU GEN,PAR 29 vconn=3 cartel_sz=2
keys 6 MAR FRA GEN,BRU 26 vconn=3 cartel_sz=2
keys 1 MAR BRU PAR,AMS 31 vconn=3 cartel_sz=2
keys 1 MAR PRA PAR,MIL 31 vconn=3 cartel_sz=2
keys 2 MAR AMS PRA,PAR 30 vconn=3 cartel_sz=2
keys 3 MAR FRA PAR,MIL 29 vconn=3 cartel_sz=2
keys 5 MAR GEN BIL,MIL 27 vconn=3 cartel_sz=2
keys 2 MAR PRA VIE,GEN 30 vconn=3 cartel_sz=2
keys 4 MAR AMS PRA,GEN 28 vconn=3 cartel_sz=2
keys 1 MAR BRU PRA,PAR 31 vconn=3 cartel_sz=2
keys 9 MAR POR MAD 23 vconn=2 cartel_sz=1
keys 2 MAR AMS GEN,BIL 30 vconn=3 cartel_sz=2
keys 2 MAR FRA PAR,MIL 30 vconn=3 cartel_sz=2
keys 3 MAR PRA VIE,GEN 29 vconn=3 cartel_sz=2
keys 2 MAR BRU PRA,PAR 30 vconn=3 cartel_sz=2
keys 3 MAR AMS PAR,MIL 29 vconn=3 cartel_sz=2
keys 4 MAR TIR MIL 28 vconn=2 cartel_sz=1
keys 4 MAR FRA PRA,GEN 28 vconn=3 cartel_sz=2
keys 3 MAR PRA MIL,FRA 29 vconn=3 cartel_sz=2
keys 3 MAR COR PAR 29 vconn=2 cartel_sz=1
keys 3 MAR BRU PRA,PAR 29 vconn=3 cartel_sz=2
keys 1 MAR AMS PAR,FRA 31 vconn=3 cartel_sz=2
keys 2 MAR AMS PRA,PAR 30 vconn=3 cartel_sz=2
keys 0 MAR BRU PAR,MIL 32 vconn=3 cartel_sz=2
keys 2 MAR FRA PAR,MIL 30 vconn=3 cartel_sz=2
keys 3 MAR PRA VIE,GEN 29 vconn=3 cartel_sz=2
keys 9 MAR GEN BIL,MIL 23 vconn=3 cartel_sz=2
keys 0 MAR BRU PAR,MIL 32 vconn=3 cartel_sz=2
keys 3 MAR AMS PRA,PAR 29 vconn=3 cartel_sz=2
keys 5 MAR FRA PAR,MIL 27 vconn=3 cartel_sz=2
keys 2 MAR PRA MIL,FRA 30 vconn=3 cartel_sz=2
keys 5 MAR AMS PRA,PAR 27 vconn=3 cartel_sz=2
keys 1 MAR BRU GEN,BIL 31 vconn=3 cartel_sz=2
keys 3 MAR PRA VIE,PAR 29 vconn=3 cartel_sz=2
keys 4 MAR FRA PAR,MIL 28 vconn=3 cartel_sz=2
keys 1 MAR AMS PAR,MIL 31 vconn=3 cartel_sz=2
keys 2 MAR BRU PAR,FRA 30 vconn=3 cartel_sz=2
keys 3 MAR PRA PAR,MIL 29 vconn=3 cartel_sz=2
keys 3 MAR AMS GEN,PAR 29 vconn=3 cartel_sz=2
keys 5 MAR FRA PAR,MIL 27 vconn=3 cartel_sz=2
keys 3 MAR BRU GEN,PAR 29 vconn=3 cartel_sz=2
keys 0 MAR PRA VIE,PAR 32 vconn=3 cartel_sz=2
keys 3 MAR AMS GEN,PAR 29 vconn=3 cartel_sz=2
keys 4 MAR AMS PRA,PAR 28 vconn=3 cartel_sz=2
keys 2 MAR BRU GEN,BIL 30 vconn=3 cartel_sz=2
keys 2 MAR PRA PAR,MIL 30 vconn=3 cartel_sz=2
keys 0 MAR BRU PAR,MIL 32 vconn=3 cartel_sz=2
keys 2 MAR FRA GEN,PAR 30 vconn=3 cartel_sz=2
keys 2 MAR PRA MIL,FRA 30 vconn=3 cartel_sz=2
keys 2 MAR AMS PRA,PAR 30 vconn=3 cartel_sz=2
keys 0 MAR BRU PRA,PAR 32 vconn=3 cartel_sz=2
keys 1 MAR BRU PAR,FRA 31 vconn=3 cartel_sz=2
keys 1 MAR PRA VIE,AMS 31 vconn=3 cartel_sz=2
keys 3 MAR AMS PRA,PAR 29 vconn=3 cartel_sz=2
keys 1 MAR BRU PAR,FRA 31 vconn=3 cartel_sz=2
keys 2 MAR BRU GEN,BIL 30 vconn=3 cartel_sz=2
keys 4 MAR PRA GEN,BIL 28 vconn=3 cartel_sz=2
keys 5 MAR FRA PAR,MIL 27 vconn=3 cartel_sz=2
keys 2 MAR AMS PAR,MIL 30 vconn=3 cartel_sz=2
keys 3 MAR BRU PRA,PAR 29 vconn=3 cartel_sz=2
keys 3 MAR PRA PAR,MIL 29 vconn=3 cartel_sz=2
keys 2 MAR BRU PAR,MIL 30 vconn=3 cartel_sz=2
keys 0 MAR BRU PAR,MIL 32 vconn=3 cartel_sz=2
keys 3 MAR AMS PRA,PAR 29 vconn=3 cartel_sz=2
keys 1 MAR BRU PRA,PAR 31 vconn=3 cartel_sz=2
keys 4 MAR PRA VIE,AMS 28 vconn=3 cartel_sz=2
keys 2 MAR BRU PAR,FRA 30 vconn=3 cartel_sz=2
keys 2 MAR BRU PAR,MIL 30 vconn=3 cartel_sz=2
keys 1 MAR BRU PAR,MIL 31 vconn=3 cartel_sz=2
keys 4 MAR AMS PRA,PAR 28 vconn=3 cartel_sz=2
keys 3 MAR BRU PRA,PAR 29 vconn=3 cartel_sz=2
keys 1 MAR BRU PAR,FRA 31 vconn=3 cartel_sz=2
keys 2 MAR PRA MIL,AMS 30 vconn=3 cartel_sz=2
keys 3 MAR BRU PRA,PAR 29 vconn=3 cartel_sz=2
keys 1 MAR BRU PRA,PAR 31 vconn=3 cartel_sz=2
keys 2 MAR BRU PRA,PAR 30 vconn=3 cartel_sz=2
keys 2 MAR BRU PRA,PAR 30 vconn=3 cartel_sz=2
keys 3 MAR BRU PAR,FRA 29 vconn=3 cartel_sz=2
keys 2 MAR BRU PAR,FRA 30 vconn=3 cartel_sz=2
keys 1 MAR BRU PAR,MIL 31 vconn=3 cartel_sz=2
keys 2 MAR BRU PAR,MIL 30 vconn=3 cartel_sz=2
keys 2 MAR BRU PRA,PAR 30 vconn=3 cartel_sz=2
keys 4 MAR PRA PAR,MIL 28 vconn=3 cartel_sz=2
keys 2 MAR BRU PAR,FRA 30 vconn=3 cartel_sz=2
keys 4 MAR BRU PRA,PAR 28 vconn=3 cartel_sz=2
keys 1 MAR BRU PAR,FRA 31 vconn=3 cartel_sz=2
keys 1 MAR BRU PAR,MIL 31 vconn=3 cartel_sz=2
keys 1 MAR BRU PAR,MIL 31 vconn=3 cartel_sz=2
keys 3 MAR BRU PAR,FRA 29 vconn=3 cartel_sz=2
keys 0 MAR BRU PAR,FRA 32 vconn=3 cartel_sz=2
keys 1 MAR BRU PAR,FRA 31 vconn=3 cartel_sz=2
keys 0 MAR BRU PAR,FRA 32 vconn=3 cartel_sz=2
keys 1 MAR BRU PAR,FRA 31 vconn=3 cartel_sz=2
keys 1 MAR BRU GEN,BIL 31 vconn=3 cartel_sz=2
keys 3 MAR BRU PAR,FRA 29 vconn=3 cartel_sz=2
keys 0 MAR BRU PAR,FRA 32 vconn=3 cartel_sz=2
keys 1 MAR BRU PAR,FRA 31 vconn=3 cartel_sz=2
Halted at 2322.99 seconds
